Command line invocation:
    /Applications/Xcode.app/Contents/Developer/usr/bin/xcodebuild -project Aman.xcodeproj -scheme Aman -sdk macosx CODE_SIGN_IDENTITY= CODE_SIGNING_REQUIRED=NO build

Build settings from command line:
    CODE_SIGN_IDENTITY = 
    CODE_SIGNING_REQUIRED = NO
    SDKROOT = macosx26.0

2025-11-03 07:09:35.632 xcodebuild[96906:2573503] [MT] IDERunDestination: Supported platforms for the buildables in the current scheme is empty.
--- xcodebuild: WARNING: Using the first of multiple matching destinations:
{ platform:macOS, arch:x86_64, id:5CD45B96-C7B7-5E03-9718-6B64B0A94516, name:My Mac }
{ platform:macOS, name:Any Mac }
note: Using codesigning identity override: 
ComputePackagePrebuildTargetDependencyGraph

Prepare packages

CreateBuildRequest

SendProjectDescription

CreateBuildOperation

ComputeTargetDependencyGraph
note: Building targets in dependency order
note: Target dependency graph (1 target)
    Target 'Aman' in project 'Aman' (no dependencies)

GatherProvisioningInputs

CreateBuildDescription

ExecuteExternalTool /Applications/Xcode.app/Contents/Developer/Toolchains/XcodeDefault.xctoolchain/usr/bin/clang -v -E -dM -isysroot /Applications/Xcode.app/Contents/Developer/Platforms/MacOSX.platform/Developer/SDKs/MacOSX26.0.sdk -x c -c /dev/null

ExecuteExternalTool /Applications/Xcode.app/Contents/Developer/Toolchains/XcodeDefault.xctoolchain/usr/bin/clang -v -E -dM -arch x86_64 -isysroot /Applications/Xcode.app/Contents/Developer/Platforms/MacOSX.platform/Developer/SDKs/MacOSX26.0.sdk -x c -c /dev/null

ExecuteExternalTool /Applications/Xcode.app/Contents/Developer/usr/bin/actool --version --output-format xml1

ExecuteExternalTool /Applications/Xcode.app/Contents/Developer/Toolchains/XcodeDefault.xctoolchain/usr/bin/swiftc --version

ExecuteExternalTool /Applications/Xcode.app/Contents/Developer/Toolchains/XcodeDefault.xctoolchain/usr/bin/ld -version_details

Build description signature: 5d86a60a27d038ddf5ecc9acf440639f
Build description path: /Users/arw/Library/Developer/Xcode/DerivedData/Aman-erpipkrcsogxsvdbxslkqytdshgb/Build/Intermediates.noindex/XCBuildData/5d86a60a27d038ddf5ecc9acf440639f.xcbuilddata
ClangStatCache /Applications/Xcode.app/Contents/Developer/Toolchains/XcodeDefault.xctoolchain/usr/bin/clang-stat-cache /Applications/Xcode.app/Contents/Developer/Platforms/MacOSX.platform/Developer/SDKs/MacOSX26.0.sdk /Users/arw/Library/Developer/Xcode/DerivedData/SDKStatCaches.noindex/macosx26.0-25A352-28806144b0707e398aac92880fa50324.sdkstatcache
    cd /Users/arw/Documents/Aman/Aman.xcodeproj
    /Applications/Xcode.app/Contents/Developer/Toolchains/XcodeDefault.xctoolchain/usr/bin/clang-stat-cache /Applications/Xcode.app/Contents/Developer/Platforms/MacOSX.platform/Developer/SDKs/MacOSX26.0.sdk -o /Users/arw/Library/Developer/Xcode/DerivedData/SDKStatCaches.noindex/macosx26.0-25A352-28806144b0707e398aac92880fa50324.sdkstatcache

SwiftDriver Aman normal x86_64 com.apple.xcode.tools.swift.compiler (in target 'Aman' from project 'Aman')
    cd /Users/arw/Documents/Aman
    builtin-SwiftDriver -- /Applications/Xcode.app/Contents/Developer/Toolchains/XcodeDefault.xctoolchain/usr/bin/swiftc -module-name Aman -Onone -enforce-exclusivity\=checked @/Users/arw/Library/Developer/Xcode/DerivedData/Aman-erpipkrcsogxsvdbxslkqytdshgb/Build/Intermediates.noindex/Aman.build/Debug/Aman.build/Objects-normal/x86_64/Aman.SwiftFileList -DDEBUG -enable-bare-slash-regex -enable-experimental-feature DebugDescriptionMacro -sdk /Applications/Xcode.app/Contents/Developer/Platforms/MacOSX.platform/Developer/SDKs/MacOSX26.0.sdk -target x86_64-apple-macos26.0 -g -module-cache-path /Users/arw/Library/Developer/Xcode/DerivedData/ModuleCache.noindex -Xfrontend -serialize-debugging-options -enable-testing -index-store-path /Users/arw/Library/Developer/Xcode/DerivedData/Aman-erpipkrcsogxsvdbxslkqytdshgb/Index.noindex/DataStore -Xcc -D_LIBCPP_HARDENING_MODE\=_LIBCPP_HARDENING_MODE_DEBUG -swift-version 5 -I /Users/arw/Library/Developer/Xcode/DerivedData/Aman-erpipkrcsogxsvdbxslkqytdshgb/Build/Products/Debug -F /Users/arw/Library/Developer/Xcode/DerivedData/Aman-erpipkrcsogxsvdbxslkqytdshgb/Build/Products/Debug -emit-localized-strings -emit-localized-strings-path /Users/arw/Library/Developer/Xcode/DerivedData/Aman-erpipkrcsogxsvdbxslkqytdshgb/Build/Intermediates.noindex/Aman.build/Debug/Aman.build/Objects-normal/x86_64 -c -j16 -enable-batch-mode -incremental -Xcc -ivfsstatcache -Xcc /Users/arw/Library/Developer/Xcode/DerivedData/SDKStatCaches.noindex/macosx26.0-25A352-28806144b0707e398aac92880fa50324.sdkstatcache -output-file-map /Users/arw/Library/Developer/Xcode/DerivedData/Aman-erpipkrcsogxsvdbxslkqytdshgb/Build/Intermediates.noindex/Aman.build/Debug/Aman.build/Objects-normal/x86_64/Aman-OutputFileMap.json -use-frontend-parseable-output -save-temps -no-color-diagnostics -explicit-module-build -module-cache-path /Users/arw/Library/Developer/Xcode/DerivedData/Aman-erpipkrcsogxsvdbxslkqytdshgb/Build/Intermediates.noindex/SwiftExplicitPrecompiledModules -clang-scanner-module-cache-path /Users/arw/Library/Developer/Xcode/DerivedData/ModuleCache.noindex -sdk-module-cache-path /Users/arw/Library/Developer/Xcode/DerivedData/ModuleCache.noindex -serialize-diagnostics -emit-dependencies -emit-module -emit-module-path /Users/arw/Library/Developer/Xcode/DerivedData/Aman-erpipkrcsogxsvdbxslkqytdshgb/Build/Intermediates.noindex/Aman.build/Debug/Aman.build/Objects-normal/x86_64/Aman.swiftmodule -validate-clang-modules-once -clang-build-session-file /Users/arw/Library/Developer/Xcode/DerivedData/ModuleCache.noindex/Session.modulevalidation -Xcc -I/Users/arw/Library/Developer/Xcode/DerivedData/Aman-erpipkrcsogxsvdbxslkqytdshgb/Build/Intermediates.noindex/Aman.build/Debug/Aman.build/swift-overrides.hmap -emit-const-values -Xfrontend -const-gather-protocols-file -Xfrontend /Users/arw/Library/Developer/Xcode/DerivedData/Aman-erpipkrcsogxsvdbxslkqytdshgb/Build/Intermediates.noindex/Aman.build/Debug/Aman.build/Objects-normal/x86_64/Aman_const_extract_protocols.json -Xcc -iquote -Xcc /Users/arw/Library/Developer/Xcode/DerivedData/Aman-erpipkrcsogxsvdbxslkqytdshgb/Build/Intermediates.noindex/Aman.build/Debug/Aman.build/Aman-generated-files.hmap -Xcc -I/Users/arw/Library/Developer/Xcode/DerivedData/Aman-erpipkrcsogxsvdbxslkqytdshgb/Build/Intermediates.noindex/Aman.build/Debug/Aman.build/Aman-own-target-headers.hmap -Xcc -I/Users/arw/Library/Developer/Xcode/DerivedData/Aman-erpipkrcsogxsvdbxslkqytdshgb/Build/Intermediates.noindex/Aman.build/Debug/Aman.build/Aman-all-target-headers.hmap -Xcc -iquote -Xcc /Users/arw/Library/Developer/Xcode/DerivedData/Aman-erpipkrcsogxsvdbxslkqytdshgb/Build/Intermediates.noindex/Aman.build/Debug/Aman.build/Aman-project-headers.hmap -Xcc -I/Users/arw/Library/Developer/Xcode/DerivedData/Aman-erpipkrcsogxsvdbxslkqytdshgb/Build/Products/Debug/include -Xcc -I/Users/arw/Documents/Aman/Engine/Utilities/WhirlpoolC/include -Xcc -I/Users/arw/Library/Developer/Xcode/DerivedData/Aman-erpipkrcsogxsvdbxslkqytdshgb/Build/Intermediates.noindex/Aman.build/Debug/Aman.build/DerivedSources-normal/x86_64 -Xcc -I/Users/arw/Library/Developer/Xcode/DerivedData/Aman-erpipkrcsogxsvdbxslkqytdshgb/Build/Intermediates.noindex/Aman.build/Debug/Aman.build/DerivedSources/x86_64 -Xcc -I/Users/arw/Library/Developer/Xcode/DerivedData/Aman-erpipkrcsogxsvdbxslkqytdshgb/Build/Intermediates.noindex/Aman.build/Debug/Aman.build/DerivedSources -Xcc -DDEBUG\=1 -emit-objc-header -emit-objc-header-path /Users/arw/Library/Developer/Xcode/DerivedData/Aman-erpipkrcsogxsvdbxslkqytdshgb/Build/Intermediates.noindex/Aman.build/Debug/Aman.build/Objects-normal/x86_64/Aman-Swift.h -import-objc-header /Users/arw/Documents/Aman/Support/Aman-Bridging-Header.h -working-directory /Users/arw/Documents/Aman -experimental-emit-module-separately -disable-cmo

ProcessInfoPlistFile /Users/arw/Library/Developer/Xcode/DerivedData/Aman-erpipkrcsogxsvdbxslkqytdshgb/Build/Products/Debug/Aman.app/Contents/Info.plist /Users/arw/Library/Developer/Xcode/DerivedData/Aman-erpipkrcsogxsvdbxslkqytdshgb/Build/Intermediates.noindex/Aman.build/Debug/Aman.build/empty-Aman.plist (in target 'Aman' from project 'Aman')
    cd /Users/arw/Documents/Aman
    builtin-infoPlistUtility /Users/arw/Library/Developer/Xcode/DerivedData/Aman-erpipkrcsogxsvdbxslkqytdshgb/Build/Intermediates.noindex/Aman.build/Debug/Aman.build/empty-Aman.plist -producttype com.apple.product-type.application -genpkginfo /Users/arw/Library/Developer/Xcode/DerivedData/Aman-erpipkrcsogxsvdbxslkqytdshgb/Build/Products/Debug/Aman.app/Contents/PkgInfo -expandbuildsettings -platform macosx -additionalcontentfile /Users/arw/Library/Developer/Xcode/DerivedData/Aman-erpipkrcsogxsvdbxslkqytdshgb/Build/Intermediates.noindex/Aman.build/Debug/Aman.build/assetcatalog_generated_info.plist -o /Users/arw/Library/Developer/Xcode/DerivedData/Aman-erpipkrcsogxsvdbxslkqytdshgb/Build/Products/Debug/Aman.app/Contents/Info.plist

SwiftGeneratePch normal x86_64 Compiling\ bridging\ header (in target 'Aman' from project 'Aman')

SwiftDriverJobDiscovery normal x86_64 Compiling bridging header (in target 'Aman' from project 'Aman')

SwiftCompile normal x86_64 Compiling\ NetworkMappingDetailView.swift /Users/arw/Documents/Aman/view/NetworkMappingDetailView.swift (in target 'Aman' from project 'Aman')

SwiftCompile normal x86_64 /Users/arw/Documents/Aman/view/NetworkMappingDetailView.swift (in target 'Aman' from project 'Aman')
    cd /Users/arw/Documents/Aman
    
/Users/arw/Documents/Aman/view/NetworkMappingDetailView.swift:205:36: warning: value 'product' was defined but never used; consider replacing with boolean test
                            if let product = service.product {
                               ~~~~^~~~~~~~~~
                                                             != nil

SwiftCompile normal x86_64 Compiling\ NetworkScanLogger.swift /Users/arw/Documents/Aman/Engine/NetworkMapping/NetworkScanLogger.swift (in target 'Aman' from project 'Aman')

SwiftCompile normal x86_64 /Users/arw/Documents/Aman/Engine/NetworkMapping/NetworkScanLogger.swift (in target 'Aman' from project 'Aman')
    cd /Users/arw/Documents/Aman
    

SwiftCompile normal x86_64 Compiling\ NetworkPortScanService.swift /Users/arw/Documents/Aman/Engine/NetworkMapping/NetworkPortScanService.swift (in target 'Aman' from project 'Aman')

SwiftCompile normal x86_64 /Users/arw/Documents/Aman/Engine/NetworkMapping/NetworkPortScanService.swift (in target 'Aman' from project 'Aman')
    cd /Users/arw/Documents/Aman
    

SwiftCompile normal x86_64 Compiling\ NetworkMappingModels.swift /Users/arw/Documents/Aman/Engine/NetworkMapping/NetworkMappingModels.swift (in target 'Aman' from project 'Aman')

SwiftCompile normal x86_64 /Users/arw/Documents/Aman/Engine/NetworkMapping/NetworkMappingModels.swift (in target 'Aman' from project 'Aman')
    cd /Users/arw/Documents/Aman
    

SwiftCompile normal x86_64 Compiling\ NetworkMappingCoordinator.swift /Users/arw/Documents/Aman/Engine/NetworkMapping/NetworkMappingCoordinator.swift (in target 'Aman' from project 'Aman')

SwiftCompile normal x86_64 /Users/arw/Documents/Aman/Engine/NetworkMapping/NetworkMappingCoordinator.swift (in target 'Aman' from project 'Aman')
    cd /Users/arw/Documents/Aman
    
/Users/arw/Documents/Aman/Engine/NetworkMapping/NetworkMappingCoordinator.swift:38:14: warning: main actor-isolated property 'discoveryService' can not be mutated from a nonisolated context; this is an error in the Swift 6 language mode
        self.discoveryService = discoveryService
             ^
/Users/arw/Documents/Aman/Engine/NetworkMapping/NetworkMappingCoordinator.swift:22:17: note: mutation of this property is only permitted within the actor
    private let discoveryService: NetworkDiscoveryService
                ^
/Users/arw/Documents/Aman/Engine/NetworkMapping/NetworkMappingCoordinator.swift:39:14: warning: main actor-isolated property 'topologyService' can not be mutated from a nonisolated context; this is an error in the Swift 6 language mode
        self.topologyService = topologyService
             ^
/Users/arw/Documents/Aman/Engine/NetworkMapping/NetworkMappingCoordinator.swift:23:17: note: mutation of this property is only permitted within the actor
    private let topologyService: NetworkTopologyService
                ^
/Users/arw/Documents/Aman/Engine/NetworkMapping/NetworkMappingCoordinator.swift:40:14: warning: main actor-isolated property 'portScanService' can not be mutated from a nonisolated context; this is an error in the Swift 6 language mode
        self.portScanService = portScanService
             ^
/Users/arw/Documents/Aman/Engine/NetworkMapping/NetworkMappingCoordinator.swift:24:17: note: mutation of this property is only permitted within the actor
    private let portScanService: NetworkPortScanService
                ^
/Users/arw/Documents/Aman/Engine/NetworkMapping/NetworkMappingCoordinator.swift:41:14: warning: main actor-isolated property 'portScanHistoryStore' can not be mutated from a nonisolated context; this is an error in the Swift 6 language mode
        self.portScanHistoryStore = portScanHistoryStore
             ^
/Users/arw/Documents/Aman/Engine/NetworkMapping/NetworkMappingCoordinator.swift:25:17: note: mutation of this property is only permitted within the actor
    private let portScanHistoryStore: NetworkPortScanHistoryManaging
                ^
/Users/arw/Documents/Aman/Engine/NetworkMapping/NetworkMappingCoordinator.swift:43:9: warning: main actor-isolated property 'discoveryDeltaPublisher' can not be mutated from a nonisolated context; this is an error in the Swift 6 language mode
        discoveryDeltaPublisher = deltaSubject.eraseToAnyPublisher()
        ^
/Users/arw/Documents/Aman/Engine/NetworkMapping/NetworkMappingCoordinator.swift:20:9: note: mutation of this property is only permitted within the actor
    let discoveryDeltaPublisher: AnyPublisher<NetworkDiscoveryDelta, Never>
        ^
/Users/arw/Documents/Aman/Engine/NetworkMapping/NetworkMappingCoordinator.swift:43:35: warning: main actor-isolated property 'deltaSubject' can not be referenced from a nonisolated context; this is an error in the Swift 6 language mode
        discoveryDeltaPublisher = deltaSubject.eraseToAnyPublisher()
                                  ^
/Users/arw/Documents/Aman/Engine/NetworkMapping/NetworkMappingCoordinator.swift:29:17: note: property declared here
    private let deltaSubject = PassthroughSubject<NetworkDiscoveryDelta, Never>()
                ^

SwiftCompile normal x86_64 Compiling\ NetworkSecurityView.swift /Users/arw/Documents/Aman/view/NetworkSecurityView.swift (in target 'Aman' from project 'Aman')
SwiftCompile normal x86_64 /Users/arw/Documents/Aman/view/NetworkSecurityView.swift (in target 'Aman' from project 'Aman')
    cd /Users/arw/Documents/Aman
    
/Users/arw/Documents/Aman/view/NetworkSecurityView.swift:225:14: warning: 'onChange(of:perform:)' was deprecated in macOS 14.0: Use `onChange` with a two or zero parameter action closure instead.
            .onChange(of: selectedItem) { item in
             ^
/Users/arw/Documents/Aman/view/NetworkSecurityView.swift:240:14: warning: 'onChange(of:perform:)' was deprecated in macOS 14.0: Use `onChange` with a two or zero parameter action closure instead.
            .onChange(of: certificateLookupViewModel.results) { results in
             ^
/Users/arw/Documents/Aman/view/NetworkSecurityView.swift:394:9: warning: default will never be executed
        default:
        ^
/Users/arw/Documents/Aman/view/NetworkSecurityView.swift:431:9: warning: default will never be executed
        default:
        ^

SwiftCompile normal x86_64 Compiling\ NetworkPortScanHistoryStore.swift /Users/arw/Documents/Aman/Engine/NetworkMapping/NetworkPortScanHistoryStore.swift (in target 'Aman' from project 'Aman')

SwiftCompile normal x86_64 /Users/arw/Documents/Aman/Engine/NetworkMapping/NetworkPortScanHistoryStore.swift (in target 'Aman' from project 'Aman')
    cd /Users/arw/Documents/Aman
    

SwiftCompile normal x86_64 Compiling\ NetworkSecurityViewModel.swift /Users/arw/Documents/Aman/Engine/NetworkSecurityViewModel.swift (in target 'Aman' from project 'Aman')

SwiftCompile normal x86_64 /Users/arw/Documents/Aman/Engine/NetworkSecurityViewModel.swift (in target 'Aman' from project 'Aman')
    cd /Users/arw/Documents/Aman
    

SwiftEmitModule normal x86_64 Emitting\ module\ for\ Aman (in target 'Aman' from project 'Aman')

EmitSwiftModule normal x86_64 (in target 'Aman' from project 'Aman')
    cd /Users/arw/Documents/Aman
    

SwiftDriverJobDiscovery normal x86_64 Compiling NetworkPortScanHistoryStore.swift (in target 'Aman' from project 'Aman')

SwiftDriverJobDiscovery normal x86_64 Compiling NetworkScanLogger.swift (in target 'Aman' from project 'Aman')

SwiftDriverJobDiscovery normal x86_64 Compiling NetworkSecurityViewModel.swift (in target 'Aman' from project 'Aman')

SwiftCompile normal x86_64 Compiling\ AmanApp.swift /Users/arw/Documents/Aman/AmanApp.swift (in target 'Aman' from project 'Aman')

SwiftCompile normal x86_64 /Users/arw/Documents/Aman/AmanApp.swift (in target 'Aman' from project 'Aman')
    cd /Users/arw/Documents/Aman
    

SwiftDriverJobDiscovery normal x86_64 Compiling NetworkMappingCoordinator.swift (in target 'Aman' from project 'Aman')

SwiftCompile normal x86_64 Compiling\ NetworkMappingView.swift /Users/arw/Documents/Aman/view/NetworkMappingView.swift (in target 'Aman' from project 'Aman')

SwiftCompile normal x86_64 /Users/arw/Documents/Aman/view/NetworkMappingView.swift (in target 'Aman' from project 'Aman')
    cd /Users/arw/Documents/Aman
    

SwiftDriverJobDiscovery normal x86_64 Compiling NetworkPortScanService.swift (in target 'Aman' from project 'Aman')

SwiftCompile normal x86_64 Compiling\ ChunkState.swift,\ TheOutput.swift,\ NetworkProfileView.swift,\ Whirlpool.swift,\ NetworkAnalyzerModels.swift,\ NetworkAnalyzerViewModel.swift,\ NetworkAnalyzerView.swift,\ NetworkAnalyzerDetailView.swift /Users/arw/Documents/Aman/Engine/Utilities/BLAKE3/ChunkState.swift /Users/arw/Documents/Aman/Engine/Utilities/BLAKE3/TheOutput.swift /Users/arw/Documents/Aman/view/NetworkProfileView.swift /Users/arw/Documents/Aman/Engine/Utilities/Whirlpool/Whirlpool.swift /Users/arw/Documents/Aman/view/NetworkAnalyzerModels.swift /Users/arw/Documents/Aman/view/NetworkAnalyzerViewModel.swift /Users/arw/Documents/Aman/view/NetworkAnalyzerView.swift /Users/arw/Documents/Aman/view/NetworkAnalyzerDetailView.swift (in target 'Aman' from project 'Aman')
SwiftCompile normal x86_64 /Users/arw/Documents/Aman/Engine/Utilities/BLAKE3/ChunkState.swift (in target 'Aman' from project 'Aman')
    cd /Users/arw/Documents/Aman
    

SwiftCompile normal x86_64 /Users/arw/Documents/Aman/Engine/Utilities/BLAKE3/TheOutput.swift (in target 'Aman' from project 'Aman')
    cd /Users/arw/Documents/Aman
    

SwiftCompile normal x86_64 /Users/arw/Documents/Aman/view/NetworkProfileView.swift (in target 'Aman' from project 'Aman')
    cd /Users/arw/Documents/Aman
    

SwiftCompile normal x86_64 /Users/arw/Documents/Aman/Engine/Utilities/Whirlpool/Whirlpool.swift (in target 'Aman' from project 'Aman')
    cd /Users/arw/Documents/Aman
    

SwiftCompile normal x86_64 /Users/arw/Documents/Aman/view/NetworkAnalyzerModels.swift (in target 'Aman' from project 'Aman')
    cd /Users/arw/Documents/Aman
    

SwiftCompile normal x86_64 /Users/arw/Documents/Aman/view/NetworkAnalyzerViewModel.swift (in target 'Aman' from project 'Aman')
    cd /Users/arw/Documents/Aman
    
/Users/arw/Documents/Aman/view/NetworkAnalyzerViewModel.swift:889:19: warning: call to main actor-isolated instance method 'executeAnalysis(scriptURL:metrics:packets:params:payloadConfig:markState:isStreaming:)' in a synchronous nonisolated context
            self?.executeAnalysis(scriptURL: scriptURL, metrics: metricsSnapshot, packets: packetSnapshot, params: params, payloadConfig: payloadConfig, markState: true, isStreaming: false)
                  ^
/Users/arw/Documents/Aman/view/NetworkAnalyzerViewModel.swift:1226:18: note: calls to instance method 'executeAnalysis(scriptURL:metrics:packets:params:payloadConfig:markState:isStreaming:)' from outside of its actor context are implicitly asynchronous
    private func executeAnalysis(scriptURL: URL, metrics: [MetricPoint], packets: [PacketSample], params: AnalyzerParams, payloadConfig: AnalyzerPayloadConfig, markState: Bool, isStreaming: Bool) {
                 ^

SwiftCompile normal x86_64 /Users/arw/Documents/Aman/view/NetworkAnalyzerView.swift (in target 'Aman' from project 'Aman')
    cd /Users/arw/Documents/Aman
    
/Users/arw/Documents/Aman/view/NetworkAnalyzerView.swift:490:14: warning: 'onChange(of:perform:)' was deprecated in macOS 14.0: Use `onChange` with a two or zero parameter action closure instead.
            .onChange(of: viewModel.payloadConsentGranted) { granted in
             ^

SwiftCompile normal x86_64 /Users/arw/Documents/Aman/view/NetworkAnalyzerDetailView.swift (in target 'Aman' from project 'Aman')
    cd /Users/arw/Documents/Aman
    

SwiftCompile normal x86_64 Compiling\ PacketListView.swift,\ PythonProcessRunner.swift,\ PcapCaptureController.swift,\ LandingSelectorView.swift,\ NetworkProfileDetailView.swift,\ WindowManager.swift,\ FindingDetailView.swift,\ LandingView.swift /Users/arw/Documents/Aman/view/PacketListView.swift /Users/arw/Documents/Aman/Engine/PythonProcessRunner.swift /Users/arw/Documents/Aman/Engine/NetworkAnalyzer/PcapCaptureController.swift /Users/arw/Documents/Aman/view/LandingSelectorView.swift /Users/arw/Documents/Aman/view/NetworkProfileDetailView.swift /Users/arw/Documents/Aman/Support/WindowManager.swift /Users/arw/Documents/Aman/view/FindingDetailView.swift /Users/arw/Documents/Aman/view/LandingView.swift (in target 'Aman' from project 'Aman')

SwiftCompile normal x86_64 /Users/arw/Documents/Aman/view/PacketListView.swift (in target 'Aman' from project 'Aman')
    cd /Users/arw/Documents/Aman
    

SwiftCompile normal x86_64 /Users/arw/Documents/Aman/Engine/PythonProcessRunner.swift (in target 'Aman' from project 'Aman')
    cd /Users/arw/Documents/Aman
    

SwiftCompile normal x86_64 /Users/arw/Documents/Aman/Engine/NetworkAnalyzer/PcapCaptureController.swift (in target 'Aman' from project 'Aman')
    cd /Users/arw/Documents/Aman
    

SwiftCompile normal x86_64 /Users/arw/Documents/Aman/view/LandingSelectorView.swift (in target 'Aman' from project 'Aman')
    cd /Users/arw/Documents/Aman
    

SwiftCompile normal x86_64 /Users/arw/Documents/Aman/view/NetworkProfileDetailView.swift (in target 'Aman' from project 'Aman')
    cd /Users/arw/Documents/Aman
    

SwiftCompile normal x86_64 /Users/arw/Documents/Aman/Support/WindowManager.swift (in target 'Aman' from project 'Aman')
    cd /Users/arw/Documents/Aman
    

SwiftCompile normal x86_64 /Users/arw/Documents/Aman/view/FindingDetailView.swift (in target 'Aman' from project 'Aman')
    cd /Users/arw/Documents/Aman
    

SwiftCompile normal x86_64 /Users/arw/Documents/Aman/view/LandingView.swift (in target 'Aman' from project 'Aman')
    cd /Users/arw/Documents/Aman
    

SwiftCompile normal x86_64 Compiling\ TimeMachineVolumesEncryptedCheck.swift,\ TimeWithinLimitsCheck.swift,\ UniversalControlCheck.swift,\ WakeForNetworkAccessCheck.swift,\ WifiMenuIconVisibleCheck.swift,\ XProtectAndMRTCheck.swift,\ XProtectStatusCheck.swift,\ BLAKE3.swift /Users/arw/Documents/Aman/Modules/TimeMachineVolumesEncryptedCheck.swift /Users/arw/Documents/Aman/Modules/TimeWithinLimitsCheck.swift /Users/arw/Documents/Aman/Modules/UniversalControlCheck.swift /Users/arw/Documents/Aman/Modules/WakeForNetworkAccessCheck.swift /Users/arw/Documents/Aman/Modules/WifiMenuIconVisibleCheck.swift /Users/arw/Documents/Aman/Modules/XProtectAndMRTCheck.swift /Users/arw/Documents/Aman/Modules/XProtectStatusCheck.swift /Users/arw/Documents/Aman/Engine/Utilities/BLAKE3/BLAKE3.swift (in target 'Aman' from project 'Aman')

SwiftCompile normal x86_64 /Users/arw/Documents/Aman/Modules/TimeMachineVolumesEncryptedCheck.swift (in target 'Aman' from project 'Aman')
    cd /Users/arw/Documents/Aman
    

SwiftCompile normal x86_64 /Users/arw/Documents/Aman/Modules/TimeWithinLimitsCheck.swift (in target 'Aman' from project 'Aman')
    cd /Users/arw/Documents/Aman
    

SwiftCompile normal x86_64 /Users/arw/Documents/Aman/Modules/UniversalControlCheck.swift (in target 'Aman' from project 'Aman')
    cd /Users/arw/Documents/Aman
    

SwiftCompile normal x86_64 /Users/arw/Documents/Aman/Modules/WakeForNetworkAccessCheck.swift (in target 'Aman' from project 'Aman')
    cd /Users/arw/Documents/Aman
    

SwiftCompile normal x86_64 /Users/arw/Documents/Aman/Modules/WifiMenuIconVisibleCheck.swift (in target 'Aman' from project 'Aman')
    cd /Users/arw/Documents/Aman
    

SwiftCompile normal x86_64 /Users/arw/Documents/Aman/Modules/XProtectAndMRTCheck.swift (in target 'Aman' from project 'Aman')
    cd /Users/arw/Documents/Aman
    

SwiftCompile normal x86_64 /Users/arw/Documents/Aman/Modules/XProtectStatusCheck.swift (in target 'Aman' from project 'Aman')
    cd /Users/arw/Documents/Aman
    

SwiftCompile normal x86_64 /Users/arw/Documents/Aman/Engine/Utilities/BLAKE3/BLAKE3.swift (in target 'Aman' from project 'Aman')
    cd /Users/arw/Documents/Aman
    

SwiftCompile normal x86_64 Compiling\ SafariSafeFileChecks.swift,\ ScreenSaverIntervalCheck.swift,\ ScreenSharingDisabledCheck.swift,\ SecureKernelExtensionLoadingCheck.swift,\ SecureTokenStatusCheck.swift,\ SecurityUpdateCheck.swift,\ SensitiveLogAuditingCheck.swift,\ SetTimeAndDateAutomaticallyEnabledCheck.swift,\ SIPCheck.swift /Users/arw/Documents/Aman/Modules/SafariSafeFileChecks.swift /Users/arw/Documents/Aman/Modules/ScreenSaverIntervalCheck.swift /Users/arw/Documents/Aman/Modules/ScreenSharingDisabledCheck.swift /Users/arw/Documents/Aman/Modules/SecureKernelExtensionLoadingCheck.swift /Users/arw/Documents/Aman/Modules/SecureTokenStatusCheck.swift /Users/arw/Documents/Aman/Modules/SecurityUpdateCheck.swift /Users/arw/Documents/Aman/Modules/SensitiveLogAuditingCheck.swift /Users/arw/Documents/Aman/Modules/SetTimeAndDateAutomaticallyEnabledCheck.swift /Users/arw/Documents/Aman/Modules/SIPCheck.swift (in target 'Aman' from project 'Aman')

SwiftCompile normal x86_64 /Users/arw/Documents/Aman/Modules/SafariSafeFileChecks.swift (in target 'Aman' from project 'Aman')
    cd /Users/arw/Documents/Aman
    

SwiftCompile normal x86_64 /Users/arw/Documents/Aman/Modules/ScreenSaverIntervalCheck.swift (in target 'Aman' from project 'Aman')
    cd /Users/arw/Documents/Aman
    

SwiftCompile normal x86_64 /Users/arw/Documents/Aman/Modules/ScreenSharingDisabledCheck.swift (in target 'Aman' from project 'Aman')
    cd /Users/arw/Documents/Aman
    

SwiftCompile normal x86_64 /Users/arw/Documents/Aman/Modules/SecureKernelExtensionLoadingCheck.swift (in target 'Aman' from project 'Aman')
    cd /Users/arw/Documents/Aman
    

SwiftCompile normal x86_64 /Users/arw/Documents/Aman/Modules/SecureTokenStatusCheck.swift (in target 'Aman' from project 'Aman')
    cd /Users/arw/Documents/Aman
    

SwiftCompile normal x86_64 /Users/arw/Documents/Aman/Modules/SecurityUpdateCheck.swift (in target 'Aman' from project 'Aman')
    cd /Users/arw/Documents/Aman
    

SwiftCompile normal x86_64 /Users/arw/Documents/Aman/Modules/SensitiveLogAuditingCheck.swift (in target 'Aman' from project 'Aman')
    cd /Users/arw/Documents/Aman
    

SwiftCompile normal x86_64 /Users/arw/Documents/Aman/Modules/SetTimeAndDateAutomaticallyEnabledCheck.swift (in target 'Aman' from project 'Aman')
    cd /Users/arw/Documents/Aman
    

SwiftCompile normal x86_64 /Users/arw/Documents/Aman/Modules/SIPCheck.swift (in target 'Aman' from project 'Aman')
    cd /Users/arw/Documents/Aman
    

SwiftCompile normal x86_64 Compiling\ AppleSoftwareUpdateCheck.swift,\ AppSandboxCheck.swift,\ AppStoreUpdateCheck.swift,\ AppTrackingTransparencyCheck.swift,\ AutomaticSoftwareUpdateCheck.swift,\ BackupAutomaticallyEnabledCheck.swift,\ BluetoothMenuIconVisibleCheck.swift,\ BluetoothSharingDisabledCheck.swift,\ BluetoothSharingGranularCheck.swift /Users/arw/Documents/Aman/Modules/AppleSoftwareUpdateCheck.swift /Users/arw/Documents/Aman/Modules/AppSandboxCheck.swift /Users/arw/Documents/Aman/Modules/AppStoreUpdateCheck.swift /Users/arw/Documents/Aman/Modules/AppTrackingTransparencyCheck.swift /Users/arw/Documents/Aman/Modules/AutomaticSoftwareUpdateCheck.swift /Users/arw/Documents/Aman/Modules/BackupAutomaticallyEnabledCheck.swift /Users/arw/Documents/Aman/Modules/BluetoothMenuIconVisibleCheck.swift /Users/arw/Documents/Aman/Modules/BluetoothSharingDisabledCheck.swift /Users/arw/Documents/Aman/Modules/BluetoothSharingGranularCheck.swift (in target 'Aman' from project 'Aman')

SwiftCompile normal x86_64 /Users/arw/Documents/Aman/Modules/AppleSoftwareUpdateCheck.swift (in target 'Aman' from project 'Aman')
    cd /Users/arw/Documents/Aman
    

SwiftCompile normal x86_64 /Users/arw/Documents/Aman/Modules/AppSandboxCheck.swift (in target 'Aman' from project 'Aman')
    cd /Users/arw/Documents/Aman
    

SwiftCompile normal x86_64 /Users/arw/Documents/Aman/Modules/AppStoreUpdateCheck.swift (in target 'Aman' from project 'Aman')
    cd /Users/arw/Documents/Aman
    

SwiftCompile normal x86_64 /Users/arw/Documents/Aman/Modules/AppTrackingTransparencyCheck.swift (in target 'Aman' from project 'Aman')
    cd /Users/arw/Documents/Aman
    

SwiftCompile normal x86_64 /Users/arw/Documents/Aman/Modules/AutomaticSoftwareUpdateCheck.swift (in target 'Aman' from project 'Aman')
    cd /Users/arw/Documents/Aman
    

SwiftCompile normal x86_64 /Users/arw/Documents/Aman/Modules/BackupAutomaticallyEnabledCheck.swift (in target 'Aman' from project 'Aman')
    cd /Users/arw/Documents/Aman
    

SwiftCompile normal x86_64 /Users/arw/Documents/Aman/Modules/BluetoothMenuIconVisibleCheck.swift (in target 'Aman' from project 'Aman')
    cd /Users/arw/Documents/Aman
    

SwiftCompile normal x86_64 /Users/arw/Documents/Aman/Modules/BluetoothSharingDisabledCheck.swift (in target 'Aman' from project 'Aman')
    cd /Users/arw/Documents/Aman
    

SwiftCompile normal x86_64 /Users/arw/Documents/Aman/Modules/BluetoothSharingGranularCheck.swift (in target 'Aman' from project 'Aman')
    cd /Users/arw/Documents/Aman
    

SwiftCompile normal x86_64 Compiling\ HashGeneratorViewModel.swift,\ HashGeneratorView.swift,\ NetworkAnalyzerPreferencesSheet.swift,\ AdminPasswordForSecureSettingsCheck.swift,\ AirDropDisabledCheck.swift,\ AirDropInterfacePolicyCheck.swift,\ AirPlayReceiverDisabledCheck.swift,\ AirPlayServiceCheck.swift,\ ApacheHTTPCheck.swift /Users/arw/Documents/Aman/Engine/HashGeneratorViewModel.swift /Users/arw/Documents/Aman/view/HashGeneratorView.swift /Users/arw/Documents/Aman/view/NetworkAnalyzerPreferencesSheet.swift /Users/arw/Documents/Aman/Modules/AdminPasswordForSecureSettingsCheck.swift /Users/arw/Documents/Aman/Modules/AirDropDisabledCheck.swift /Users/arw/Documents/Aman/Modules/AirDropInterfacePolicyCheck.swift /Users/arw/Documents/Aman/Modules/AirPlayReceiverDisabledCheck.swift /Users/arw/Documents/Aman/Modules/AirPlayServiceCheck.swift /Users/arw/Documents/Aman/Modules/ApacheHTTPCheck.swift (in target 'Aman' from project 'Aman')

SwiftCompile normal x86_64 /Users/arw/Documents/Aman/Engine/HashGeneratorViewModel.swift (in target 'Aman' from project 'Aman')
    cd /Users/arw/Documents/Aman
    
/Users/arw/Documents/Aman/Engine/HashGeneratorViewModel.swift:118:17: warning: no 'async' operations occur within 'await' expression
                await updateResults(mappedResults)
                ^
/Users/arw/Documents/Aman/Engine/HashGeneratorViewModel.swift:120:17: warning: no 'async' operations occur within 'await' expression
                await handleError(error)
                ^
/Users/arw/Documents/Aman/Engine/HashGeneratorViewModel.swift:263:36: warning: capture of 'self' with non-Sendable type 'HashingService' in a '@Sendable' closure
                    let data = try self.loadData(from: input)
                                   ^
/Users/arw/Documents/Aman/Engine/HashGeneratorViewModel.swift:250:13: note: class 'HashingService' does not conform to the 'Sendable' protocol
final class HashingService {
            ^
/Users/arw/Documents/Aman/Engine/HashGeneratorViewModel.swift:332:36: warning: 'CC_MD5' was deprecated in macOS 10.15: This function is cryptographically broken and should not be used in security contexts. Clients should migrate to SHA256 (or stronger).
            data.withUnsafeBytes { CC_MD5($0.baseAddress, CC_LONG(data.count), &hash) }
                                   ^
/Users/arw/Documents/Aman/Engine/HashGeneratorViewModel.swift:332:18: warning: result of call to 'withUnsafeBytes' is unused
            data.withUnsafeBytes { CC_MD5($0.baseAddress, CC_LONG(data.count), &hash) }
                 ^               ~~~~~~~~~~~~~~~~~~~~~~~~~~~~~~~~~~~~~~~~~~~~~~~~~~~~~~
/Users/arw/Documents/Aman/Engine/HashGeneratorViewModel.swift:336:18: warning: result of call to 'withUnsafeBytes' is unused
            data.withUnsafeBytes { CC_SHA1($0.baseAddress, CC_LONG(data.count), &hash) }
                 ^               ~~~~~~~~~~~~~~~~~~~~~~~~~~~~~~~~~~~~~~~~~~~~~~~~~~~~~~~
/Users/arw/Documents/Aman/Engine/HashGeneratorViewModel.swift:340:18: warning: result of call to 'withUnsafeBytes' is unused
            data.withUnsafeBytes { CC_SHA256($0.baseAddress, CC_LONG(data.count), &hash) }
                 ^               ~~~~~~~~~~~~~~~~~~~~~~~~~~~~~~~~~~~~~~~~~~~~~~~~~~~~~~~~~
/Users/arw/Documents/Aman/Engine/HashGeneratorViewModel.swift:344:18: warning: result of call to 'withUnsafeBytes' is unused
            data.withUnsafeBytes { CC_SHA512($0.baseAddress, CC_LONG(data.count), &hash) }
                 ^               ~~~~~~~~~~~~~~~~~~~~~~~~~~~~~~~~~~~~~~~~~~~~~~~~~~~~~~~~~

SwiftCompile normal x86_64 /Users/arw/Documents/Aman/view/HashGeneratorView.swift (in target 'Aman' from project 'Aman')
    cd /Users/arw/Documents/Aman
    
/Users/arw/Documents/Aman/view/HashGeneratorView.swift:66:10: warning: 'onChange(of:perform:)' was deprecated in macOS 14.0: Use `onChange` with a two or zero parameter action closure instead.
        .onChange(of: viewModel.inputMode) { newMode in
         ^

SwiftCompile normal x86_64 /Users/arw/Documents/Aman/view/NetworkAnalyzerPreferencesSheet.swift (in target 'Aman' from project 'Aman')
    cd /Users/arw/Documents/Aman
    
/Users/arw/Documents/Aman/view/NetworkAnalyzerPreferencesSheet.swift:58:22: warning: 'onChange(of:perform:)' was deprecated in macOS 14.0: Use `onChange` with a two or zero parameter action closure instead.
                    .onChange(of: viewModel.payloadConsentGranted) { granted in
                     ^

SwiftCompile normal x86_64 /Users/arw/Documents/Aman/Modules/AdminPasswordForSecureSettingsCheck.swift (in target 'Aman' from project 'Aman')
    cd /Users/arw/Documents/Aman
    

SwiftCompile normal x86_64 /Users/arw/Documents/Aman/Modules/AirDropDisabledCheck.swift (in target 'Aman' from project 'Aman')
    cd /Users/arw/Documents/Aman
    

SwiftCompile normal x86_64 /Users/arw/Documents/Aman/Modules/AirDropInterfacePolicyCheck.swift (in target 'Aman' from project 'Aman')
    cd /Users/arw/Documents/Aman
    

SwiftCompile normal x86_64 /Users/arw/Documents/Aman/Modules/AirPlayReceiverDisabledCheck.swift (in target 'Aman' from project 'Aman')
    cd /Users/arw/Documents/Aman
    

SwiftCompile normal x86_64 /Users/arw/Documents/Aman/Modules/AirPlayServiceCheck.swift (in target 'Aman' from project 'Aman')
    cd /Users/arw/Documents/Aman
    

SwiftCompile normal x86_64 /Users/arw/Documents/Aman/Modules/ApacheHTTPCheck.swift (in target 'Aman' from project 'Aman')
    cd /Users/arw/Documents/Aman
    

SwiftCompile normal x86_64 Compiling\ FileVaultCheck.swift,\ FirewallCheck.swift,\ FirewallStealthModeCheck.swift,\ FirmwareSecurityCheck.swift,\ GatekeeperAutoUpdateCheck.swift,\ GatekeeperBypassCheck.swift,\ GuestConnectCheck.swift,\ GuestLoginCheck.swift,\ HotCornersDisabledCheck.swift /Users/arw/Documents/Aman/Modules/FileVaultCheck.swift /Users/arw/Documents/Aman/Modules/FirewallCheck.swift /Users/arw/Documents/Aman/Modules/FirewallStealthModeCheck.swift /Users/arw/Documents/Aman/Modules/FirmwareSecurityCheck.swift /Users/arw/Documents/Aman/Modules/GatekeeperAutoUpdateCheck.swift /Users/arw/Documents/Aman/Modules/GatekeeperBypassCheck.swift /Users/arw/Documents/Aman/Modules/GuestConnectCheck.swift /Users/arw/Documents/Aman/Modules/GuestLoginCheck.swift /Users/arw/Documents/Aman/Modules/HotCornersDisabledCheck.swift (in target 'Aman' from project 'Aman')

SwiftCompile normal x86_64 /Users/arw/Documents/Aman/Modules/FileVaultCheck.swift (in target 'Aman' from project 'Aman')
    cd /Users/arw/Documents/Aman
    

SwiftCompile normal x86_64 /Users/arw/Documents/Aman/Modules/FirewallCheck.swift (in target 'Aman' from project 'Aman')
    cd /Users/arw/Documents/Aman
    

SwiftCompile normal x86_64 /Users/arw/Documents/Aman/Modules/FirewallStealthModeCheck.swift (in target 'Aman' from project 'Aman')
    cd /Users/arw/Documents/Aman
    

SwiftCompile normal x86_64 /Users/arw/Documents/Aman/Modules/FirmwareSecurityCheck.swift (in target 'Aman' from project 'Aman')
    cd /Users/arw/Documents/Aman
    

SwiftCompile normal x86_64 /Users/arw/Documents/Aman/Modules/GatekeeperAutoUpdateCheck.swift (in target 'Aman' from project 'Aman')
    cd /Users/arw/Documents/Aman
    

SwiftCompile normal x86_64 /Users/arw/Documents/Aman/Modules/GatekeeperBypassCheck.swift (in target 'Aman' from project 'Aman')
    cd /Users/arw/Documents/Aman
    

SwiftCompile normal x86_64 /Users/arw/Documents/Aman/Modules/GuestConnectCheck.swift (in target 'Aman' from project 'Aman')
    cd /Users/arw/Documents/Aman
    

SwiftCompile normal x86_64 /Users/arw/Documents/Aman/Modules/GuestLoginCheck.swift (in target 'Aman' from project 'Aman')
    cd /Users/arw/Documents/Aman
    

SwiftCompile normal x86_64 /Users/arw/Documents/Aman/Modules/HotCornersDisabledCheck.swift (in target 'Aman' from project 'Aman')
    cd /Users/arw/Documents/Aman
    

SwiftCompile normal x86_64 Compiling\ PasswordSpecialCharacterRequirementCheck.swift,\ PersonalizedAds.swift,\ PortListeningInventoryCheck.swift,\ PortScannerCheck.swift,\ PrinterSharingDisabledCheck.swift,\ RapidSecurityResponseCheck.swift,\ RemoteLoginDisabledCheck.swift,\ RemoteManagementCheck.swift,\ SafariInternetPluginCheck.swift /Users/arw/Documents/Aman/Modules/PasswordSpecialCharacterRequirementCheck.swift /Users/arw/Documents/Aman/Modules/PersonalizedAds.swift /Users/arw/Documents/Aman/Modules/PortListeningInventoryCheck.swift /Users/arw/Documents/Aman/Modules/PortScannerCheck.swift /Users/arw/Documents/Aman/Modules/PrinterSharingDisabledCheck.swift /Users/arw/Documents/Aman/Modules/RapidSecurityResponseCheck.swift /Users/arw/Documents/Aman/Modules/RemoteLoginDisabledCheck.swift /Users/arw/Documents/Aman/Modules/RemoteManagementCheck.swift /Users/arw/Documents/Aman/Modules/SafariInternetPluginCheck.swift (in target 'Aman' from project 'Aman')

SwiftCompile normal x86_64 /Users/arw/Documents/Aman/Modules/PasswordSpecialCharacterRequirementCheck.swift (in target 'Aman' from project 'Aman')
    cd /Users/arw/Documents/Aman
    

SwiftCompile normal x86_64 /Users/arw/Documents/Aman/Modules/PersonalizedAds.swift (in target 'Aman' from project 'Aman')
    cd /Users/arw/Documents/Aman
    

SwiftCompile normal x86_64 /Users/arw/Documents/Aman/Modules/PortListeningInventoryCheck.swift (in target 'Aman' from project 'Aman')
    cd /Users/arw/Documents/Aman
    

SwiftCompile normal x86_64 /Users/arw/Documents/Aman/Modules/PortScannerCheck.swift (in target 'Aman' from project 'Aman')
    cd /Users/arw/Documents/Aman
    

SwiftCompile normal x86_64 /Users/arw/Documents/Aman/Modules/PrinterSharingDisabledCheck.swift (in target 'Aman' from project 'Aman')
    cd /Users/arw/Documents/Aman
    

SwiftCompile normal x86_64 /Users/arw/Documents/Aman/Modules/RapidSecurityResponseCheck.swift (in target 'Aman' from project 'Aman')
    cd /Users/arw/Documents/Aman
    

SwiftCompile normal x86_64 /Users/arw/Documents/Aman/Modules/RemoteLoginDisabledCheck.swift (in target 'Aman' from project 'Aman')
    cd /Users/arw/Documents/Aman
    

SwiftCompile normal x86_64 /Users/arw/Documents/Aman/Modules/RemoteManagementCheck.swift (in target 'Aman' from project 'Aman')
    cd /Users/arw/Documents/Aman
    

SwiftCompile normal x86_64 /Users/arw/Documents/Aman/Modules/SafariInternetPluginCheck.swift (in target 'Aman' from project 'Aman')
    cd /Users/arw/Documents/Aman
    

SwiftCompile normal x86_64 Compiling\ PamSudoSmartcardEnforceCheck.swift,\ PamSuSmartcardEnforceCheck.swift,\ PasswordAlphanumericRequirementCheck.swift,\ PasswordCustomRegexRequirementCheck.swift,\ PasswordHintsCheck.swift,\ PasswordOnWakeCheck.swift,\ PasswordPolicyCheck.swift,\ PasswordPolicyInspector.swift,\ PasswordSimpleSequenceRestrictionCheck.swift /Users/arw/Documents/Aman/Modules/PamSudoSmartcardEnforceCheck.swift /Users/arw/Documents/Aman/Modules/PamSuSmartcardEnforceCheck.swift /Users/arw/Documents/Aman/Modules/PasswordAlphanumericRequirementCheck.swift /Users/arw/Documents/Aman/Modules/PasswordCustomRegexRequirementCheck.swift /Users/arw/Documents/Aman/Modules/PasswordHintsCheck.swift /Users/arw/Documents/Aman/Modules/PasswordOnWakeCheck.swift /Users/arw/Documents/Aman/Modules/PasswordPolicyCheck.swift /Users/arw/Documents/Aman/Modules/PasswordPolicyInspector.swift /Users/arw/Documents/Aman/Modules/PasswordSimpleSequenceRestrictionCheck.swift (in target 'Aman' from project 'Aman')

SwiftCompile normal x86_64 /Users/arw/Documents/Aman/Modules/PamSudoSmartcardEnforceCheck.swift (in target 'Aman' from project 'Aman')
    cd /Users/arw/Documents/Aman
    

SwiftCompile normal x86_64 /Users/arw/Documents/Aman/Modules/PamSuSmartcardEnforceCheck.swift (in target 'Aman' from project 'Aman')
    cd /Users/arw/Documents/Aman
    

SwiftCompile normal x86_64 /Users/arw/Documents/Aman/Modules/PasswordAlphanumericRequirementCheck.swift (in target 'Aman' from project 'Aman')
    cd /Users/arw/Documents/Aman
    

SwiftCompile normal x86_64 /Users/arw/Documents/Aman/Modules/PasswordCustomRegexRequirementCheck.swift (in target 'Aman' from project 'Aman')
    cd /Users/arw/Documents/Aman
    

SwiftCompile normal x86_64 /Users/arw/Documents/Aman/Modules/PasswordHintsCheck.swift (in target 'Aman' from project 'Aman')
    cd /Users/arw/Documents/Aman
    

SwiftCompile normal x86_64 /Users/arw/Documents/Aman/Modules/PasswordOnWakeCheck.swift (in target 'Aman' from project 'Aman')
    cd /Users/arw/Documents/Aman
    

SwiftCompile normal x86_64 /Users/arw/Documents/Aman/Modules/PasswordPolicyCheck.swift (in target 'Aman' from project 'Aman')
    cd /Users/arw/Documents/Aman
    

SwiftCompile normal x86_64 /Users/arw/Documents/Aman/Modules/PasswordPolicyInspector.swift (in target 'Aman' from project 'Aman')
    cd /Users/arw/Documents/Aman
    

SwiftCompile normal x86_64 /Users/arw/Documents/Aman/Modules/PasswordSimpleSequenceRestrictionCheck.swift (in target 'Aman' from project 'Aman')
    cd /Users/arw/Documents/Aman
    

SwiftCompile normal x86_64 Compiling\ CredentialFlowsCheck.swift,\ CriticalUpdateInstallCheck.swift,\ DiagnosticDataCheck.swift,\ DVDOrCDSharingDisabledCheck.swift,\ EfiCheck.swift,\ ExternalIntelligenceDisableCheck.swift,\ ExternalIntelligenceSignInDisableCheck.swift,\ FileExtentionCheck.swift,\ FileSharingCheck.swift /Users/arw/Documents/Aman/Modules/CredentialFlowsCheck.swift /Users/arw/Documents/Aman/Modules/CriticalUpdateInstallCheck.swift /Users/arw/Documents/Aman/Modules/DiagnosticDataCheck.swift /Users/arw/Documents/Aman/Modules/DVDOrCDSharingDisabledCheck.swift /Users/arw/Documents/Aman/Modules/EfiCheck.swift /Users/arw/Documents/Aman/Modules/ExternalIntelligenceDisableCheck.swift /Users/arw/Documents/Aman/Modules/ExternalIntelligenceSignInDisableCheck.swift /Users/arw/Documents/Aman/Modules/FileExtentionCheck.swift /Users/arw/Documents/Aman/Modules/FileSharingCheck.swift (in target 'Aman' from project 'Aman')

SwiftCompile normal x86_64 /Users/arw/Documents/Aman/Modules/CredentialFlowsCheck.swift (in target 'Aman' from project 'Aman')
    cd /Users/arw/Documents/Aman
    

SwiftCompile normal x86_64 /Users/arw/Documents/Aman/Modules/CriticalUpdateInstallCheck.swift (in target 'Aman' from project 'Aman')
    cd /Users/arw/Documents/Aman
    

SwiftCompile normal x86_64 /Users/arw/Documents/Aman/Modules/DiagnosticDataCheck.swift (in target 'Aman' from project 'Aman')
    cd /Users/arw/Documents/Aman
    

SwiftCompile normal x86_64 /Users/arw/Documents/Aman/Modules/DVDOrCDSharingDisabledCheck.swift (in target 'Aman' from project 'Aman')
    cd /Users/arw/Documents/Aman
    

SwiftCompile normal x86_64 /Users/arw/Documents/Aman/Modules/EfiCheck.swift (in target 'Aman' from project 'Aman')
    cd /Users/arw/Documents/Aman
    

SwiftCompile normal x86_64 /Users/arw/Documents/Aman/Modules/ExternalIntelligenceDisableCheck.swift (in target 'Aman' from project 'Aman')
    cd /Users/arw/Documents/Aman
    

SwiftCompile normal x86_64 /Users/arw/Documents/Aman/Modules/ExternalIntelligenceSignInDisableCheck.swift (in target 'Aman' from project 'Aman')
    cd /Users/arw/Documents/Aman
    

SwiftCompile normal x86_64 /Users/arw/Documents/Aman/Modules/FileExtentionCheck.swift (in target 'Aman' from project 'Aman')
    cd /Users/arw/Documents/Aman
    

SwiftCompile normal x86_64 /Users/arw/Documents/Aman/Modules/FileSharingCheck.swift (in target 'Aman' from project 'Aman')
    cd /Users/arw/Documents/Aman
    

SwiftCompile normal x86_64 Compiling\ AuditDomain.swift,\ EnrichmentService.swift,\ ShellCommandRunner.swift,\ IntranetSecurityScanner.swift,\ IntranetConsentStore.swift,\ InternetSecurityToolkit.swift,\ NetworkDiscoveryService.swift,\ NetworkDiscoveryHistoryStore.swift,\ NetworkProbes.swift /Users/arw/Documents/Aman/Engine/AuditDomain.swift /Users/arw/Documents/Aman/view/EnrichmentService.swift /Users/arw/Documents/Aman/Engine/ShellCommandRunner.swift /Users/arw/Documents/Aman/Engine/IntranetSecurity/IntranetSecurityScanner.swift /Users/arw/Documents/Aman/Engine/IntranetSecurity/IntranetConsentStore.swift /Users/arw/Documents/Aman/Engine/InternetSecurityToolkit.swift /Users/arw/Documents/Aman/Engine/NetworkMapping/NetworkDiscoveryService.swift /Users/arw/Documents/Aman/Engine/NetworkMapping/NetworkDiscoveryHistoryStore.swift /Users/arw/Documents/Aman/Engine/NetworkMapping/NetworkProbes.swift (in target 'Aman' from project 'Aman')

SwiftCompile normal x86_64 /Users/arw/Documents/Aman/Engine/AuditDomain.swift (in target 'Aman' from project 'Aman')
    cd /Users/arw/Documents/Aman
    

SwiftCompile normal x86_64 /Users/arw/Documents/Aman/view/EnrichmentService.swift (in target 'Aman' from project 'Aman')
    cd /Users/arw/Documents/Aman
    

SwiftCompile normal x86_64 /Users/arw/Documents/Aman/Engine/ShellCommandRunner.swift (in target 'Aman' from project 'Aman')
    cd /Users/arw/Documents/Aman
    

SwiftCompile normal x86_64 /Users/arw/Documents/Aman/Engine/IntranetSecurity/IntranetSecurityScanner.swift (in target 'Aman' from project 'Aman')
    cd /Users/arw/Documents/Aman
    

SwiftCompile normal x86_64 /Users/arw/Documents/Aman/Engine/IntranetSecurity/IntranetConsentStore.swift (in target 'Aman' from project 'Aman')
    cd /Users/arw/Documents/Aman
    

SwiftCompile normal x86_64 /Users/arw/Documents/Aman/Engine/InternetSecurityToolkit.swift (in target 'Aman' from project 'Aman')
    cd /Users/arw/Documents/Aman
    

SwiftCompile normal x86_64 /Users/arw/Documents/Aman/Engine/NetworkMapping/NetworkDiscoveryService.swift (in target 'Aman' from project 'Aman')
    cd /Users/arw/Documents/Aman
    

SwiftCompile normal x86_64 /Users/arw/Documents/Aman/Engine/NetworkMapping/NetworkDiscoveryHistoryStore.swift (in target 'Aman' from project 'Aman')
    cd /Users/arw/Documents/Aman
    

SwiftCompile normal x86_64 /Users/arw/Documents/Aman/Engine/NetworkMapping/NetworkProbes.swift (in target 'Aman' from project 'Aman')
    cd /Users/arw/Documents/Aman
    

SwiftDriverJobDiscovery normal x86_64 Compiling NetworkMappingModels.swift (in target 'Aman' from project 'Aman')

SwiftCompile normal x86_64 Compiling\ AboutView.swift,\ SystemCheck.swift,\ ContentView.swift,\ AuditCoordinator.swift,\ TTLCache.swift,\ AuditSidebarView.swift,\ FindingListView.swift,\ RemediationCatalog.swift,\ AuditFinding.swift /Users/arw/Documents/Aman/view/AboutView.swift /Users/arw/Documents/Aman/Engine/SystemCheck.swift /Users/arw/Documents/Aman/ContentView.swift /Users/arw/Documents/Aman/Engine/AuditCoordinator.swift /Users/arw/Documents/Aman/view/TTLCache.swift /Users/arw/Documents/Aman/view/AuditSidebarView.swift /Users/arw/Documents/Aman/view/FindingListView.swift /Users/arw/Documents/Aman/Engine/RemediationCatalog.swift /Users/arw/Documents/Aman/Engine/AuditFinding.swift (in target 'Aman' from project 'Aman')

SwiftCompile normal x86_64 /Users/arw/Documents/Aman/view/AboutView.swift (in target 'Aman' from project 'Aman')
    cd /Users/arw/Documents/Aman
    

SwiftCompile normal x86_64 /Users/arw/Documents/Aman/Engine/SystemCheck.swift (in target 'Aman' from project 'Aman')
    cd /Users/arw/Documents/Aman
    

SwiftCompile normal x86_64 /Users/arw/Documents/Aman/ContentView.swift (in target 'Aman' from project 'Aman')
    cd /Users/arw/Documents/Aman
    

SwiftCompile normal x86_64 /Users/arw/Documents/Aman/Engine/AuditCoordinator.swift (in target 'Aman' from project 'Aman')
    cd /Users/arw/Documents/Aman
    

SwiftCompile normal x86_64 /Users/arw/Documents/Aman/view/TTLCache.swift (in target 'Aman' from project 'Aman')
    cd /Users/arw/Documents/Aman
    

SwiftCompile normal x86_64 /Users/arw/Documents/Aman/view/AuditSidebarView.swift (in target 'Aman' from project 'Aman')
    cd /Users/arw/Documents/Aman
    

SwiftCompile normal x86_64 /Users/arw/Documents/Aman/view/FindingListView.swift (in target 'Aman' from project 'Aman')
    cd /Users/arw/Documents/Aman
    

SwiftCompile normal x86_64 /Users/arw/Documents/Aman/Engine/RemediationCatalog.swift (in target 'Aman' from project 'Aman')
    cd /Users/arw/Documents/Aman
    

SwiftCompile normal x86_64 /Users/arw/Documents/Aman/Engine/AuditFinding.swift (in target 'Aman' from project 'Aman')
    cd /Users/arw/Documents/Aman
    

SwiftDriverJobDiscovery normal x86_64 Compiling AmanApp.swift (in target 'Aman' from project 'Aman')

SwiftCompile normal x86_64 Compiling\ NetworkTopologyService.swift,\ InternetSecurityToolkitView.swift,\ NetworkProfileViewModel.swift,\ NetworkInfoService.swift,\ HashGeneratorDetailView.swift,\ CRTShClient.swift,\ CertificateLookupViewModel.swift,\ CertificateLookupView.swift,\ CertificateLookupDetailView.swift /Users/arw/Documents/Aman/Engine/NetworkMapping/NetworkTopologyService.swift /Users/arw/Documents/Aman/view/InternetSecurityToolkitView.swift /Users/arw/Documents/Aman/view/NetworkProfileViewModel.swift /Users/arw/Documents/Aman/view/NetworkInfoService.swift /Users/arw/Documents/Aman/view/HashGeneratorDetailView.swift /Users/arw/Documents/Aman/Engine/Utilities/CRTShClient.swift /Users/arw/Documents/Aman/Engine/CertificateLookupViewModel.swift /Users/arw/Documents/Aman/view/CertificateLookupView.swift /Users/arw/Documents/Aman/view/CertificateLookupDetailView.swift (in target 'Aman' from project 'Aman')

SwiftCompile normal x86_64 /Users/arw/Documents/Aman/Engine/NetworkMapping/NetworkTopologyService.swift (in target 'Aman' from project 'Aman')
    cd /Users/arw/Documents/Aman
    

SwiftCompile normal x86_64 /Users/arw/Documents/Aman/view/InternetSecurityToolkitView.swift (in target 'Aman' from project 'Aman')
    cd /Users/arw/Documents/Aman
    

SwiftCompile normal x86_64 /Users/arw/Documents/Aman/view/NetworkProfileViewModel.swift (in target 'Aman' from project 'Aman')
    cd /Users/arw/Documents/Aman
    

SwiftCompile normal x86_64 /Users/arw/Documents/Aman/view/NetworkInfoService.swift (in target 'Aman' from project 'Aman')
    cd /Users/arw/Documents/Aman
    

SwiftCompile normal x86_64 /Users/arw/Documents/Aman/view/HashGeneratorDetailView.swift (in target 'Aman' from project 'Aman')
    cd /Users/arw/Documents/Aman
    

SwiftCompile normal x86_64 /Users/arw/Documents/Aman/Engine/Utilities/CRTShClient.swift (in target 'Aman' from project 'Aman')
    cd /Users/arw/Documents/Aman
    

SwiftCompile normal x86_64 /Users/arw/Documents/Aman/Engine/CertificateLookupViewModel.swift (in target 'Aman' from project 'Aman')
    cd /Users/arw/Documents/Aman
    

SwiftCompile normal x86_64 /Users/arw/Documents/Aman/view/CertificateLookupView.swift (in target 'Aman' from project 'Aman')
    cd /Users/arw/Documents/Aman
    

SwiftCompile normal x86_64 /Users/arw/Documents/Aman/view/CertificateLookupDetailView.swift (in target 'Aman' from project 'Aman')
    cd /Users/arw/Documents/Aman
    

SwiftDriverJobDiscovery normal x86_64 Compiling NetworkMappingDetailView.swift (in target 'Aman' from project 'Aman')

SwiftCompile normal x86_64 Compiling\ IcloudEnabled.swift,\ InternetSharingDisabledCheck.swift,\ IntranetSecurityPortScanCheck.swift,\ Java6Check.swift,\ LocationServicesCheck.swift,\ LocationServicesMenuIconCheck.swift,\ LockdownModeCheck.swift,\ LoginWindowPolicyCheck.swift,\ NfsServerCheck.swift /Users/arw/Documents/Aman/Modules/IcloudEnabled.swift /Users/arw/Documents/Aman/Modules/InternetSharingDisabledCheck.swift /Users/arw/Documents/Aman/Modules/IntranetSecurityPortScanCheck.swift /Users/arw/Documents/Aman/Modules/Java6Check.swift /Users/arw/Documents/Aman/Modules/LocationServicesCheck.swift /Users/arw/Documents/Aman/Modules/LocationServicesMenuIconCheck.swift /Users/arw/Documents/Aman/Modules/LockdownModeCheck.swift /Users/arw/Documents/Aman/Modules/LoginWindowPolicyCheck.swift /Users/arw/Documents/Aman/Modules/NfsServerCheck.swift (in target 'Aman' from project 'Aman')

SwiftCompile normal x86_64 /Users/arw/Documents/Aman/Modules/IcloudEnabled.swift (in target 'Aman' from project 'Aman')
    cd /Users/arw/Documents/Aman
    

SwiftCompile normal x86_64 /Users/arw/Documents/Aman/Modules/InternetSharingDisabledCheck.swift (in target 'Aman' from project 'Aman')
    cd /Users/arw/Documents/Aman
    

SwiftCompile normal x86_64 /Users/arw/Documents/Aman/Modules/IntranetSecurityPortScanCheck.swift (in target 'Aman' from project 'Aman')
    cd /Users/arw/Documents/Aman
    

SwiftCompile normal x86_64 /Users/arw/Documents/Aman/Modules/Java6Check.swift (in target 'Aman' from project 'Aman')
    cd /Users/arw/Documents/Aman
    

SwiftCompile normal x86_64 /Users/arw/Documents/Aman/Modules/LocationServicesCheck.swift (in target 'Aman' from project 'Aman')
    cd /Users/arw/Documents/Aman
    

SwiftCompile normal x86_64 /Users/arw/Documents/Aman/Modules/LocationServicesMenuIconCheck.swift (in target 'Aman' from project 'Aman')
    cd /Users/arw/Documents/Aman
    

SwiftCompile normal x86_64 /Users/arw/Documents/Aman/Modules/LockdownModeCheck.swift (in target 'Aman' from project 'Aman')
    cd /Users/arw/Documents/Aman
    

SwiftCompile normal x86_64 /Users/arw/Documents/Aman/Modules/LoginWindowPolicyCheck.swift (in target 'Aman' from project 'Aman')
    cd /Users/arw/Documents/Aman
    

SwiftCompile normal x86_64 /Users/arw/Documents/Aman/Modules/NfsServerCheck.swift (in target 'Aman' from project 'Aman')
    cd /Users/arw/Documents/Aman
    

SwiftDriverJobDiscovery normal x86_64 Compiling NetworkMappingView.swift (in target 'Aman' from project 'Aman')

SwiftCompile normal x86_64 Compiling\ SiriStatusCheck.swift,\ SlowModule.swift,\ SmartcardAllowCheck.swift,\ SmartcardEnforcementCheck.swift,\ SoftwareUpdateDeferralCheck.swift,\ SshConfigHardeningCheck.swift,\ SshEnableCheck.swift,\ TemporaryGuestSessionCheck.swift /Users/arw/Documents/Aman/Modules/SiriStatusCheck.swift /Users/arw/Documents/Aman/Modules/SlowModule.swift /Users/arw/Documents/Aman/Modules/SmartcardAllowCheck.swift /Users/arw/Documents/Aman/Modules/SmartcardEnforcementCheck.swift /Users/arw/Documents/Aman/Modules/SoftwareUpdateDeferralCheck.swift /Users/arw/Documents/Aman/Modules/SshConfigHardeningCheck.swift /Users/arw/Documents/Aman/Modules/SshEnableCheck.swift /Users/arw/Documents/Aman/Modules/TemporaryGuestSessionCheck.swift (in target 'Aman' from project 'Aman')

SwiftCompile normal x86_64 /Users/arw/Documents/Aman/Modules/SiriStatusCheck.swift (in target 'Aman' from project 'Aman')
    cd /Users/arw/Documents/Aman
    

SwiftCompile normal x86_64 /Users/arw/Documents/Aman/Modules/SlowModule.swift (in target 'Aman' from project 'Aman')
    cd /Users/arw/Documents/Aman
    

SwiftCompile normal x86_64 /Users/arw/Documents/Aman/Modules/SmartcardAllowCheck.swift (in target 'Aman' from project 'Aman')
    cd /Users/arw/Documents/Aman
    

SwiftCompile normal x86_64 /Users/arw/Documents/Aman/Modules/SmartcardEnforcementCheck.swift (in target 'Aman' from project 'Aman')
    cd /Users/arw/Documents/Aman
    

SwiftCompile normal x86_64 /Users/arw/Documents/Aman/Modules/SoftwareUpdateDeferralCheck.swift (in target 'Aman' from project 'Aman')
    cd /Users/arw/Documents/Aman
    

SwiftCompile normal x86_64 /Users/arw/Documents/Aman/Modules/SshConfigHardeningCheck.swift (in target 'Aman' from project 'Aman')
    cd /Users/arw/Documents/Aman
    

SwiftCompile normal x86_64 /Users/arw/Documents/Aman/Modules/SshEnableCheck.swift (in target 'Aman' from project 'Aman')
    cd /Users/arw/Documents/Aman
    

SwiftCompile normal x86_64 /Users/arw/Documents/Aman/Modules/TemporaryGuestSessionCheck.swift (in target 'Aman' from project 'Aman')
    cd /Users/arw/Documents/Aman
    

SwiftDriverJobDiscovery normal x86_64 Compiling FileVaultCheck.swift, FirewallCheck.swift, FirewallStealthModeCheck.swift, FirmwareSecurityCheck.swift, GatekeeperAutoUpdateCheck.swift, GatekeeperBypassCheck.swift, GuestConnectCheck.swift, GuestLoginCheck.swift, HotCornersDisabledCheck.swift (in target 'Aman' from project 'Aman')

SwiftCompile normal x86_64 Compiling\ BonjourCheck.swift,\ BridgeOSCompanionUpdateCheck.swift,\ CertificateTrustCheck.swift,\ CheckAuditDisEnabled.swift,\ CheckMediaSharingDisabled.swift,\ CheckTimeMachineEnabled.swift,\ ContentCachingDisabledCheck.swift,\ ContinuityFeaturesCheck.swift,\ Crashtest.swift /Users/arw/Documents/Aman/Modules/BonjourCheck.swift /Users/arw/Documents/Aman/Modules/BridgeOSCompanionUpdateCheck.swift /Users/arw/Documents/Aman/Modules/CertificateTrustCheck.swift /Users/arw/Documents/Aman/Modules/CheckAuditDisEnabled.swift /Users/arw/Documents/Aman/Modules/CheckMediaSharingDisabled.swift /Users/arw/Documents/Aman/Modules/CheckTimeMachineEnabled.swift /Users/arw/Documents/Aman/Modules/ContentCachingDisabledCheck.swift /Users/arw/Documents/Aman/Modules/ContinuityFeaturesCheck.swift /Users/arw/Documents/Aman/Modules/Crashtest.swift (in target 'Aman' from project 'Aman')

SwiftCompile normal x86_64 /Users/arw/Documents/Aman/Modules/BonjourCheck.swift (in target 'Aman' from project 'Aman')
    cd /Users/arw/Documents/Aman
    

SwiftCompile normal x86_64 /Users/arw/Documents/Aman/Modules/BridgeOSCompanionUpdateCheck.swift (in target 'Aman' from project 'Aman')
    cd /Users/arw/Documents/Aman
    

SwiftCompile normal x86_64 /Users/arw/Documents/Aman/Modules/CertificateTrustCheck.swift (in target 'Aman' from project 'Aman')
    cd /Users/arw/Documents/Aman
    

SwiftCompile normal x86_64 /Users/arw/Documents/Aman/Modules/CheckAuditDisEnabled.swift (in target 'Aman' from project 'Aman')
    cd /Users/arw/Documents/Aman
    

SwiftCompile normal x86_64 /Users/arw/Documents/Aman/Modules/CheckMediaSharingDisabled.swift (in target 'Aman' from project 'Aman')
    cd /Users/arw/Documents/Aman
    

SwiftCompile normal x86_64 /Users/arw/Documents/Aman/Modules/CheckTimeMachineEnabled.swift (in target 'Aman' from project 'Aman')
    cd /Users/arw/Documents/Aman
    

SwiftCompile normal x86_64 /Users/arw/Documents/Aman/Modules/ContentCachingDisabledCheck.swift (in target 'Aman' from project 'Aman')
    cd /Users/arw/Documents/Aman
    

SwiftCompile normal x86_64 /Users/arw/Documents/Aman/Modules/ContinuityFeaturesCheck.swift (in target 'Aman' from project 'Aman')
    cd /Users/arw/Documents/Aman
    

SwiftCompile normal x86_64 /Users/arw/Documents/Aman/Modules/Crashtest.swift (in target 'Aman' from project 'Aman')
    cd /Users/arw/Documents/Aman
    

SwiftDriverJobDiscovery normal x86_64 Compiling PamSudoSmartcardEnforceCheck.swift, PamSuSmartcardEnforceCheck.swift, PasswordAlphanumericRequirementCheck.swift, PasswordCustomRegexRequirementCheck.swift, PasswordHintsCheck.swift, PasswordOnWakeCheck.swift, PasswordPolicyCheck.swift, PasswordPolicyInspector.swift, PasswordSimpleSequenceRestrictionCheck.swift (in target 'Aman' from project 'Aman')

SwiftDriverJobDiscovery normal x86_64 Compiling AppleSoftwareUpdateCheck.swift, AppSandboxCheck.swift, AppStoreUpdateCheck.swift, AppTrackingTransparencyCheck.swift, AutomaticSoftwareUpdateCheck.swift, BackupAutomaticallyEnabledCheck.swift, BluetoothMenuIconVisibleCheck.swift, BluetoothSharingDisabledCheck.swift, BluetoothSharingGranularCheck.swift (in target 'Aman' from project 'Aman')

SwiftDriverJobDiscovery normal x86_64 Compiling SafariSafeFileChecks.swift, ScreenSaverIntervalCheck.swift, ScreenSharingDisabledCheck.swift, SecureKernelExtensionLoadingCheck.swift, SecureTokenStatusCheck.swift, SecurityUpdateCheck.swift, SensitiveLogAuditingCheck.swift, SetTimeAndDateAutomaticallyEnabledCheck.swift, SIPCheck.swift (in target 'Aman' from project 'Aman')

SwiftDriverJobDiscovery normal x86_64 Emitting module for Aman (in target 'Aman' from project 'Aman')

SwiftDriver\ Compilation\ Requirements Aman normal x86_64 com.apple.xcode.tools.swift.compiler (in target 'Aman' from project 'Aman')
    cd /Users/arw/Documents/Aman
    builtin-Swift-Compilation-Requirements -- /Applications/Xcode.app/Contents/Developer/Toolchains/XcodeDefault.xctoolchain/usr/bin/swiftc -module-name Aman -Onone -enforce-exclusivity\=checked @/Users/arw/Library/Developer/Xcode/DerivedData/Aman-erpipkrcsogxsvdbxslkqytdshgb/Build/Intermediates.noindex/Aman.build/Debug/Aman.build/Objects-normal/x86_64/Aman.SwiftFileList -DDEBUG -enable-bare-slash-regex -enable-experimental-feature DebugDescriptionMacro -sdk /Applications/Xcode.app/Contents/Developer/Platforms/MacOSX.platform/Developer/SDKs/MacOSX26.0.sdk -target x86_64-apple-macos26.0 -g -module-cache-path /Users/arw/Library/Developer/Xcode/DerivedData/ModuleCache.noindex -Xfrontend -serialize-debugging-options -enable-testing -index-store-path /Users/arw/Library/Developer/Xcode/DerivedData/Aman-erpipkrcsogxsvdbxslkqytdshgb/Index.noindex/DataStore -Xcc -D_LIBCPP_HARDENING_MODE\=_LIBCPP_HARDENING_MODE_DEBUG -swift-version 5 -I /Users/arw/Library/Developer/Xcode/DerivedData/Aman-erpipkrcsogxsvdbxslkqytdshgb/Build/Products/Debug -F /Users/arw/Library/Developer/Xcode/DerivedData/Aman-erpipkrcsogxsvdbxslkqytdshgb/Build/Products/Debug -emit-localized-strings -emit-localized-strings-path /Users/arw/Library/Developer/Xcode/DerivedData/Aman-erpipkrcsogxsvdbxslkqytdshgb/Build/Intermediates.noindex/Aman.build/Debug/Aman.build/Objects-normal/x86_64 -c -j16 -enable-batch-mode -incremental -Xcc -ivfsstatcache -Xcc /Users/arw/Library/Developer/Xcode/DerivedData/SDKStatCaches.noindex/macosx26.0-25A352-28806144b0707e398aac92880fa50324.sdkstatcache -output-file-map /Users/arw/Library/Developer/Xcode/DerivedData/Aman-erpipkrcsogxsvdbxslkqytdshgb/Build/Intermediates.noindex/Aman.build/Debug/Aman.build/Objects-normal/x86_64/Aman-OutputFileMap.json -use-frontend-parseable-output -save-temps -no-color-diagnostics -explicit-module-build -module-cache-path /Users/arw/Library/Developer/Xcode/DerivedData/Aman-erpipkrcsogxsvdbxslkqytdshgb/Build/Intermediates.noindex/SwiftExplicitPrecompiledModules -clang-scanner-module-cache-path /Users/arw/Library/Developer/Xcode/DerivedData/ModuleCache.noindex -sdk-module-cache-path /Users/arw/Library/Developer/Xcode/DerivedData/ModuleCache.noindex -serialize-diagnostics -emit-dependencies -emit-module -emit-module-path /Users/arw/Library/Developer/Xcode/DerivedData/Aman-erpipkrcsogxsvdbxslkqytdshgb/Build/Intermediates.noindex/Aman.build/Debug/Aman.build/Objects-normal/x86_64/Aman.swiftmodule -validate-clang-modules-once -clang-build-session-file /Users/arw/Library/Developer/Xcode/DerivedData/ModuleCache.noindex/Session.modulevalidation -Xcc -I/Users/arw/Library/Developer/Xcode/DerivedData/Aman-erpipkrcsogxsvdbxslkqytdshgb/Build/Intermediates.noindex/Aman.build/Debug/Aman.build/swift-overrides.hmap -emit-const-values -Xfrontend -const-gather-protocols-file -Xfrontend /Users/arw/Library/Developer/Xcode/DerivedData/Aman-erpipkrcsogxsvdbxslkqytdshgb/Build/Intermediates.noindex/Aman.build/Debug/Aman.build/Objects-normal/x86_64/Aman_const_extract_protocols.json -Xcc -iquote -Xcc /Users/arw/Library/Developer/Xcode/DerivedData/Aman-erpipkrcsogxsvdbxslkqytdshgb/Build/Intermediates.noindex/Aman.build/Debug/Aman.build/Aman-generated-files.hmap -Xcc -I/Users/arw/Library/Developer/Xcode/DerivedData/Aman-erpipkrcsogxsvdbxslkqytdshgb/Build/Intermediates.noindex/Aman.build/Debug/Aman.build/Aman-own-target-headers.hmap -Xcc -I/Users/arw/Library/Developer/Xcode/DerivedData/Aman-erpipkrcsogxsvdbxslkqytdshgb/Build/Intermediates.noindex/Aman.build/Debug/Aman.build/Aman-all-target-headers.hmap -Xcc -iquote -Xcc /Users/arw/Library/Developer/Xcode/DerivedData/Aman-erpipkrcsogxsvdbxslkqytdshgb/Build/Intermediates.noindex/Aman.build/Debug/Aman.build/Aman-project-headers.hmap -Xcc -I/Users/arw/Library/Developer/Xcode/DerivedData/Aman-erpipkrcsogxsvdbxslkqytdshgb/Build/Products/Debug/include -Xcc -I/Users/arw/Documents/Aman/Engine/Utilities/WhirlpoolC/include -Xcc -I/Users/arw/Library/Developer/Xcode/DerivedData/Aman-erpipkrcsogxsvdbxslkqytdshgb/Build/Intermediates.noindex/Aman.build/Debug/Aman.build/DerivedSources-normal/x86_64 -Xcc -I/Users/arw/Library/Developer/Xcode/DerivedData/Aman-erpipkrcsogxsvdbxslkqytdshgb/Build/Intermediates.noindex/Aman.build/Debug/Aman.build/DerivedSources/x86_64 -Xcc -I/Users/arw/Library/Developer/Xcode/DerivedData/Aman-erpipkrcsogxsvdbxslkqytdshgb/Build/Intermediates.noindex/Aman.build/Debug/Aman.build/DerivedSources -Xcc -DDEBUG\=1 -emit-objc-header -emit-objc-header-path /Users/arw/Library/Developer/Xcode/DerivedData/Aman-erpipkrcsogxsvdbxslkqytdshgb/Build/Intermediates.noindex/Aman.build/Debug/Aman.build/Objects-normal/x86_64/Aman-Swift.h -import-objc-header /Users/arw/Documents/Aman/Support/Aman-Bridging-Header.h -working-directory /Users/arw/Documents/Aman -experimental-emit-module-separately -disable-cmo

SwiftDriverJobDiscovery normal x86_64 Compiling TimeMachineVolumesEncryptedCheck.swift, TimeWithinLimitsCheck.swift, UniversalControlCheck.swift, WakeForNetworkAccessCheck.swift, WifiMenuIconVisibleCheck.swift, XProtectAndMRTCheck.swift, XProtectStatusCheck.swift, BLAKE3.swift (in target 'Aman' from project 'Aman')

Copy /Users/arw/Library/Developer/Xcode/DerivedData/Aman-erpipkrcsogxsvdbxslkqytdshgb/Build/Products/Debug/Aman.swiftmodule/x86_64-apple-macos.abi.json /Users/arw/Library/Developer/Xcode/DerivedData/Aman-erpipkrcsogxsvdbxslkqytdshgb/Build/Intermediates.noindex/Aman.build/Debug/Aman.build/Objects-normal/x86_64/Aman.abi.json (in target 'Aman' from project 'Aman')
    cd /Users/arw/Documents/Aman
    builtin-copy -exclude .DS_Store -exclude CVS -exclude .svn -exclude .git -exclude .hg -resolve-src-symlinks -rename /Users/arw/Library/Developer/Xcode/DerivedData/Aman-erpipkrcsogxsvdbxslkqytdshgb/Build/Intermediates.noindex/Aman.build/Debug/Aman.build/Objects-normal/x86_64/Aman.abi.json /Users/arw/Library/Developer/Xcode/DerivedData/Aman-erpipkrcsogxsvdbxslkqytdshgb/Build/Products/Debug/Aman.swiftmodule/x86_64-apple-macos.abi.json

Copy /Users/arw/Library/Developer/Xcode/DerivedData/Aman-erpipkrcsogxsvdbxslkqytdshgb/Build/Products/Debug/Aman.swiftmodule/Project/x86_64-apple-macos.swiftsourceinfo /Users/arw/Library/Developer/Xcode/DerivedData/Aman-erpipkrcsogxsvdbxslkqytdshgb/Build/Intermediates.noindex/Aman.build/Debug/Aman.build/Objects-normal/x86_64/Aman.swiftsourceinfo (in target 'Aman' from project 'Aman')
    cd /Users/arw/Documents/Aman
    builtin-copy -exclude .DS_Store -exclude CVS -exclude .svn -exclude .git -exclude .hg -resolve-src-symlinks -rename /Users/arw/Library/Developer/Xcode/DerivedData/Aman-erpipkrcsogxsvdbxslkqytdshgb/Build/Intermediates.noindex/Aman.build/Debug/Aman.build/Objects-normal/x86_64/Aman.swiftsourceinfo /Users/arw/Library/Developer/Xcode/DerivedData/Aman-erpipkrcsogxsvdbxslkqytdshgb/Build/Products/Debug/Aman.swiftmodule/Project/x86_64-apple-macos.swiftsourceinfo

Copy /Users/arw/Library/Developer/Xcode/DerivedData/Aman-erpipkrcsogxsvdbxslkqytdshgb/Build/Products/Debug/Aman.swiftmodule/x86_64-apple-macos.swiftmodule /Users/arw/Library/Developer/Xcode/DerivedData/Aman-erpipkrcsogxsvdbxslkqytdshgb/Build/Intermediates.noindex/Aman.build/Debug/Aman.build/Objects-normal/x86_64/Aman.swiftmodule (in target 'Aman' from project 'Aman')
    cd /Users/arw/Documents/Aman
    builtin-copy -exclude .DS_Store -exclude CVS -exclude .svn -exclude .git -exclude .hg -resolve-src-symlinks -rename /Users/arw/Library/Developer/Xcode/DerivedData/Aman-erpipkrcsogxsvdbxslkqytdshgb/Build/Intermediates.noindex/Aman.build/Debug/Aman.build/Objects-normal/x86_64/Aman.swiftmodule /Users/arw/Library/Developer/Xcode/DerivedData/Aman-erpipkrcsogxsvdbxslkqytdshgb/Build/Products/Debug/Aman.swiftmodule/x86_64-apple-macos.swiftmodule

SwiftDriverJobDiscovery normal x86_64 Compiling CredentialFlowsCheck.swift, CriticalUpdateInstallCheck.swift, DiagnosticDataCheck.swift, DVDOrCDSharingDisabledCheck.swift, EfiCheck.swift, ExternalIntelligenceDisableCheck.swift, ExternalIntelligenceSignInDisableCheck.swift, FileExtentionCheck.swift, FileSharingCheck.swift (in target 'Aman' from project 'Aman')

SwiftDriverJobDiscovery normal x86_64 Compiling IcloudEnabled.swift, InternetSharingDisabledCheck.swift, IntranetSecurityPortScanCheck.swift, Java6Check.swift, LocationServicesCheck.swift, LocationServicesMenuIconCheck.swift, LockdownModeCheck.swift, LoginWindowPolicyCheck.swift, NfsServerCheck.swift (in target 'Aman' from project 'Aman')

SwiftDriverJobDiscovery normal x86_64 Compiling PasswordSpecialCharacterRequirementCheck.swift, PersonalizedAds.swift, PortListeningInventoryCheck.swift, PortScannerCheck.swift, PrinterSharingDisabledCheck.swift, RapidSecurityResponseCheck.swift, RemoteLoginDisabledCheck.swift, RemoteManagementCheck.swift, SafariInternetPluginCheck.swift (in target 'Aman' from project 'Aman')

SwiftDriverJobDiscovery normal x86_64 Compiling SiriStatusCheck.swift, SlowModule.swift, SmartcardAllowCheck.swift, SmartcardEnforcementCheck.swift, SoftwareUpdateDeferralCheck.swift, SshConfigHardeningCheck.swift, SshEnableCheck.swift, TemporaryGuestSessionCheck.swift (in target 'Aman' from project 'Aman')

SwiftDriverJobDiscovery normal x86_64 Compiling BonjourCheck.swift, BridgeOSCompanionUpdateCheck.swift, CertificateTrustCheck.swift, CheckAuditDisEnabled.swift, CheckMediaSharingDisabled.swift, CheckTimeMachineEnabled.swift, ContentCachingDisabledCheck.swift, ContinuityFeaturesCheck.swift, Crashtest.swift (in target 'Aman' from project 'Aman')

SwiftDriverJobDiscovery normal x86_64 Compiling AuditDomain.swift, EnrichmentService.swift, ShellCommandRunner.swift, IntranetSecurityScanner.swift, IntranetConsentStore.swift, InternetSecurityToolkit.swift, NetworkDiscoveryService.swift, NetworkDiscoveryHistoryStore.swift, NetworkProbes.swift (in target 'Aman' from project 'Aman')

SwiftDriverJobDiscovery normal x86_64 Compiling HashGeneratorViewModel.swift, HashGeneratorView.swift, NetworkAnalyzerPreferencesSheet.swift, AdminPasswordForSecureSettingsCheck.swift, AirDropDisabledCheck.swift, AirDropInterfacePolicyCheck.swift, AirPlayReceiverDisabledCheck.swift, AirPlayServiceCheck.swift, ApacheHTTPCheck.swift (in target 'Aman' from project 'Aman')

SwiftDriverJobDiscovery normal x86_64 Compiling PacketListView.swift, PythonProcessRunner.swift, PcapCaptureController.swift, LandingSelectorView.swift, NetworkProfileDetailView.swift, WindowManager.swift, FindingDetailView.swift, LandingView.swift (in target 'Aman' from project 'Aman')

SwiftDriverJobDiscovery normal x86_64 Compiling AboutView.swift, SystemCheck.swift, ContentView.swift, AuditCoordinator.swift, TTLCache.swift, AuditSidebarView.swift, FindingListView.swift, RemediationCatalog.swift, AuditFinding.swift (in target 'Aman' from project 'Aman')

SwiftDriverJobDiscovery normal x86_64 Compiling NetworkTopologyService.swift, InternetSecurityToolkitView.swift, NetworkProfileViewModel.swift, NetworkInfoService.swift, HashGeneratorDetailView.swift, CRTShClient.swift, CertificateLookupViewModel.swift, CertificateLookupView.swift, CertificateLookupDetailView.swift (in target 'Aman' from project 'Aman')

SwiftDriverJobDiscovery normal x86_64 Compiling NetworkSecurityView.swift (in target 'Aman' from project 'Aman')

SwiftDriverJobDiscovery normal x86_64 Compiling ChunkState.swift, TheOutput.swift, NetworkProfileView.swift, Whirlpool.swift, NetworkAnalyzerModels.swift, NetworkAnalyzerViewModel.swift, NetworkAnalyzerView.swift, NetworkAnalyzerDetailView.swift (in target 'Aman' from project 'Aman')

SwiftDriver\ Compilation Aman normal x86_64 com.apple.xcode.tools.swift.compiler (in target 'Aman' from project 'Aman')
    cd /Users/arw/Documents/Aman
    builtin-Swift-Compilation -- /Applications/Xcode.app/Contents/Developer/Toolchains/XcodeDefault.xctoolchain/usr/bin/swiftc -module-name Aman -Onone -enforce-exclusivity\=checked @/Users/arw/Library/Developer/Xcode/DerivedData/Aman-erpipkrcsogxsvdbxslkqytdshgb/Build/Intermediates.noindex/Aman.build/Debug/Aman.build/Objects-normal/x86_64/Aman.SwiftFileList -DDEBUG -enable-bare-slash-regex -enable-experimental-feature DebugDescriptionMacro -sdk /Applications/Xcode.app/Contents/Developer/Platforms/MacOSX.platform/Developer/SDKs/MacOSX26.0.sdk -target x86_64-apple-macos26.0 -g -module-cache-path /Users/arw/Library/Developer/Xcode/DerivedData/ModuleCache.noindex -Xfrontend -serialize-debugging-options -enable-testing -index-store-path /Users/arw/Library/Developer/Xcode/DerivedData/Aman-erpipkrcsogxsvdbxslkqytdshgb/Index.noindex/DataStore -Xcc -D_LIBCPP_HARDENING_MODE\=_LIBCPP_HARDENING_MODE_DEBUG -swift-version 5 -I /Users/arw/Library/Developer/Xcode/DerivedData/Aman-erpipkrcsogxsvdbxslkqytdshgb/Build/Products/Debug -F /Users/arw/Library/Developer/Xcode/DerivedData/Aman-erpipkrcsogxsvdbxslkqytdshgb/Build/Products/Debug -emit-localized-strings -emit-localized-strings-path /Users/arw/Library/Developer/Xcode/DerivedData/Aman-erpipkrcsogxsvdbxslkqytdshgb/Build/Intermediates.noindex/Aman.build/Debug/Aman.build/Objects-normal/x86_64 -c -j16 -enable-batch-mode -incremental -Xcc -ivfsstatcache -Xcc /Users/arw/Library/Developer/Xcode/DerivedData/SDKStatCaches.noindex/macosx26.0-25A352-28806144b0707e398aac92880fa50324.sdkstatcache -output-file-map /Users/arw/Library/Developer/Xcode/DerivedData/Aman-erpipkrcsogxsvdbxslkqytdshgb/Build/Intermediates.noindex/Aman.build/Debug/Aman.build/Objects-normal/x86_64/Aman-OutputFileMap.json -use-frontend-parseable-output -save-temps -no-color-diagnostics -explicit-module-build -module-cache-path /Users/arw/Library/Developer/Xcode/DerivedData/Aman-erpipkrcsogxsvdbxslkqytdshgb/Build/Intermediates.noindex/SwiftExplicitPrecompiledModules -clang-scanner-module-cache-path /Users/arw/Library/Developer/Xcode/DerivedData/ModuleCache.noindex -sdk-module-cache-path /Users/arw/Library/Developer/Xcode/DerivedData/ModuleCache.noindex -serialize-diagnostics -emit-dependencies -emit-module -emit-module-path /Users/arw/Library/Developer/Xcode/DerivedData/Aman-erpipkrcsogxsvdbxslkqytdshgb/Build/Intermediates.noindex/Aman.build/Debug/Aman.build/Objects-normal/x86_64/Aman.swiftmodule -validate-clang-modules-once -clang-build-session-file /Users/arw/Library/Developer/Xcode/DerivedData/ModuleCache.noindex/Session.modulevalidation -Xcc -I/Users/arw/Library/Developer/Xcode/DerivedData/Aman-erpipkrcsogxsvdbxslkqytdshgb/Build/Intermediates.noindex/Aman.build/Debug/Aman.build/swift-overrides.hmap -emit-const-values -Xfrontend -const-gather-protocols-file -Xfrontend /Users/arw/Library/Developer/Xcode/DerivedData/Aman-erpipkrcsogxsvdbxslkqytdshgb/Build/Intermediates.noindex/Aman.build/Debug/Aman.build/Objects-normal/x86_64/Aman_const_extract_protocols.json -Xcc -iquote -Xcc /Users/arw/Library/Developer/Xcode/DerivedData/Aman-erpipkrcsogxsvdbxslkqytdshgb/Build/Intermediates.noindex/Aman.build/Debug/Aman.build/Aman-generated-files.hmap -Xcc -I/Users/arw/Library/Developer/Xcode/DerivedData/Aman-erpipkrcsogxsvdbxslkqytdshgb/Build/Intermediates.noindex/Aman.build/Debug/Aman.build/Aman-own-target-headers.hmap -Xcc -I/Users/arw/Library/Developer/Xcode/DerivedData/Aman-erpipkrcsogxsvdbxslkqytdshgb/Build/Intermediates.noindex/Aman.build/Debug/Aman.build/Aman-all-target-headers.hmap -Xcc -iquote -Xcc /Users/arw/Library/Developer/Xcode/DerivedData/Aman-erpipkrcsogxsvdbxslkqytdshgb/Build/Intermediates.noindex/Aman.build/Debug/Aman.build/Aman-project-headers.hmap -Xcc -I/Users/arw/Library/Developer/Xcode/DerivedData/Aman-erpipkrcsogxsvdbxslkqytdshgb/Build/Products/Debug/include -Xcc -I/Users/arw/Documents/Aman/Engine/Utilities/WhirlpoolC/include -Xcc -I/Users/arw/Library/Developer/Xcode/DerivedData/Aman-erpipkrcsogxsvdbxslkqytdshgb/Build/Intermediates.noindex/Aman.build/Debug/Aman.build/DerivedSources-normal/x86_64 -Xcc -I/Users/arw/Library/Developer/Xcode/DerivedData/Aman-erpipkrcsogxsvdbxslkqytdshgb/Build/Intermediates.noindex/Aman.build/Debug/Aman.build/DerivedSources/x86_64 -Xcc -I/Users/arw/Library/Developer/Xcode/DerivedData/Aman-erpipkrcsogxsvdbxslkqytdshgb/Build/Intermediates.noindex/Aman.build/Debug/Aman.build/DerivedSources -Xcc -DDEBUG\=1 -emit-objc-header -emit-objc-header-path /Users/arw/Library/Developer/Xcode/DerivedData/Aman-erpipkrcsogxsvdbxslkqytdshgb/Build/Intermediates.noindex/Aman.build/Debug/Aman.build/Objects-normal/x86_64/Aman-Swift.h -import-objc-header /Users/arw/Documents/Aman/Support/Aman-Bridging-Header.h -working-directory /Users/arw/Documents/Aman -experimental-emit-module-separately -disable-cmo

Ld /Users/arw/Library/Developer/Xcode/DerivedData/Aman-erpipkrcsogxsvdbxslkqytdshgb/Build/Products/Debug/Aman.app/Contents/MacOS/Aman.debug.dylib normal (in target 'Aman' from project 'Aman')
    cd /Users/arw/Documents/Aman
    /Applications/Xcode.app/Contents/Developer/Toolchains/XcodeDefault.xctoolchain/usr/bin/clang -Xlinker -reproducible -target x86_64-apple-macos26.0 -dynamiclib -isysroot /Applications/Xcode.app/Contents/Developer/Platforms/MacOSX.platform/Developer/SDKs/MacOSX26.0.sdk -O0 -L/Users/arw/Library/Developer/Xcode/DerivedData/Aman-erpipkrcsogxsvdbxslkqytdshgb/Build/Intermediates.noindex/EagerLinkingTBDs/Debug -L/Users/arw/Library/Developer/Xcode/DerivedData/Aman-erpipkrcsogxsvdbxslkqytdshgb/Build/Products/Debug -F/Users/arw/Library/Developer/Xcode/DerivedData/Aman-erpipkrcsogxsvdbxslkqytdshgb/Build/Intermediates.noindex/EagerLinkingTBDs/Debug -F/Users/arw/Library/Developer/Xcode/DerivedData/Aman-erpipkrcsogxsvdbxslkqytdshgb/Build/Products/Debug -filelist /Users/arw/Library/Developer/Xcode/DerivedData/Aman-erpipkrcsogxsvdbxslkqytdshgb/Build/Intermediates.noindex/Aman.build/Debug/Aman.build/Objects-normal/x86_64/Aman.LinkFileList -install_name @rpath/Aman.debug.dylib -Xlinker -rpath -Xlinker @executable_path/../Frameworks -dead_strip -Xlinker -object_path_lto -Xlinker /Users/arw/Library/Developer/Xcode/DerivedData/Aman-erpipkrcsogxsvdbxslkqytdshgb/Build/Intermediates.noindex/Aman.build/Debug/Aman.build/Objects-normal/x86_64/Aman_lto.o -rdynamic -Xlinker -no_deduplicate -Xlinker -dependency_info -Xlinker /Users/arw/Library/Developer/Xcode/DerivedData/Aman-erpipkrcsogxsvdbxslkqytdshgb/Build/Intermediates.noindex/Aman.build/Debug/Aman.build/Objects-normal/x86_64/Aman_dependency_info.dat -fobjc-link-runtime -L/Applications/Xcode.app/Contents/Developer/Toolchains/XcodeDefault.xctoolchain/usr/lib/swift/macosx -L/usr/lib/swift -Xlinker -add_ast_path -Xlinker /Users/arw/Library/Developer/Xcode/DerivedData/Aman-erpipkrcsogxsvdbxslkqytdshgb/Build/Intermediates.noindex/Aman.build/Debug/Aman.build/Objects-normal/x86_64/Aman.swiftmodule @/Users/arw/Library/Developer/Xcode/DerivedData/Aman-erpipkrcsogxsvdbxslkqytdshgb/Build/Intermediates.noindex/Aman.build/Debug/Aman.build/Objects-normal/x86_64/Aman-linker-args.resp -Xlinker -alias -Xlinker _main -Xlinker ___debug_main_executable_dylib_entry_point -o /Users/arw/Library/Developer/Xcode/DerivedData/Aman-erpipkrcsogxsvdbxslkqytdshgb/Build/Products/Debug/Aman.app/Contents/MacOS/Aman.debug.dylib

ConstructStubExecutorLinkFileList /Users/arw/Library/Developer/Xcode/DerivedData/Aman-erpipkrcsogxsvdbxslkqytdshgb/Build/Intermediates.noindex/Aman.build/Debug/Aman.build/Aman-ExecutorLinkFileList-normal-x86_64.txt (in target 'Aman' from project 'Aman')
    cd /Users/arw/Documents/Aman
    construct-stub-executor-link-file-list /Users/arw/Library/Developer/Xcode/DerivedData/Aman-erpipkrcsogxsvdbxslkqytdshgb/Build/Products/Debug/Aman.app/Contents/MacOS/Aman.debug.dylib /Applications/Xcode.app/Contents/Developer/Platforms/MacOSX.platform/Developer/usr/lib/libPreviewsJITStubExecutor_no_swift_entry_point.a /Applications/Xcode.app/Contents/Developer/Platforms/MacOSX.platform/Developer/usr/lib/libPreviewsJITStubExecutor.a --output /Users/arw/Library/Developer/Xcode/DerivedData/Aman-erpipkrcsogxsvdbxslkqytdshgb/Build/Intermediates.noindex/Aman.build/Debug/Aman.build/Aman-ExecutorLinkFileList-normal-x86_64.txt
note: Using stub executor library with Swift entry point. (in target 'Aman' from project 'Aman')

Ld /Users/arw/Library/Developer/Xcode/DerivedData/Aman-erpipkrcsogxsvdbxslkqytdshgb/Build/Products/Debug/Aman.app/Contents/MacOS/Aman normal (in target 'Aman' from project 'Aman')
    cd /Users/arw/Documents/Aman
    /Applications/Xcode.app/Contents/Developer/Toolchains/XcodeDefault.xctoolchain/usr/bin/clang -Xlinker -reproducible -target x86_64-apple-macos26.0 -isysroot /Applications/Xcode.app/Contents/Developer/Platforms/MacOSX.platform/Developer/SDKs/MacOSX26.0.sdk -O0 -L/Users/arw/Library/Developer/Xcode/DerivedData/Aman-erpipkrcsogxsvdbxslkqytdshgb/Build/Products/Debug -F/Users/arw/Library/Developer/Xcode/DerivedData/Aman-erpipkrcsogxsvdbxslkqytdshgb/Build/Products/Debug -Xlinker -rpath -Xlinker @executable_path -Xlinker -rpath -Xlinker @executable_path/../Frameworks -rdynamic -Xlinker -no_deduplicate -e ___debug_blank_executor_main -Xlinker -sectcreate -Xlinker __TEXT -Xlinker __debug_dylib -Xlinker /Users/arw/Library/Developer/Xcode/DerivedData/Aman-erpipkrcsogxsvdbxslkqytdshgb/Build/Intermediates.noindex/Aman.build/Debug/Aman.build/Aman-DebugDylibPath-normal-x86_64.txt -Xlinker -sectcreate -Xlinker __TEXT -Xlinker __debug_instlnm -Xlinker /Users/arw/Library/Developer/Xcode/DerivedData/Aman-erpipkrcsogxsvdbxslkqytdshgb/Build/Intermediates.noindex/Aman.build/Debug/Aman.build/Aman-DebugDylibInstallName-normal-x86_64.txt -Xlinker -filelist -Xlinker /Users/arw/Library/Developer/Xcode/DerivedData/Aman-erpipkrcsogxsvdbxslkqytdshgb/Build/Intermediates.noindex/Aman.build/Debug/Aman.build/Aman-ExecutorLinkFileList-normal-x86_64.txt /Users/arw/Library/Developer/Xcode/DerivedData/Aman-erpipkrcsogxsvdbxslkqytdshgb/Build/Products/Debug/Aman.app/Contents/MacOS/Aman.debug.dylib -o /Users/arw/Library/Developer/Xcode/DerivedData/Aman-erpipkrcsogxsvdbxslkqytdshgb/Build/Products/Debug/Aman.app/Contents/MacOS/Aman

CopySwiftLibs /Users/arw/Library/Developer/Xcode/DerivedData/Aman-erpipkrcsogxsvdbxslkqytdshgb/Build/Products/Debug/Aman.app (in target 'Aman' from project 'Aman')
    cd /Users/arw/Documents/Aman
    builtin-swiftStdLibTool --copy --verbose --scan-executable /Users/arw/Library/Developer/Xcode/DerivedData/Aman-erpipkrcsogxsvdbxslkqytdshgb/Build/Products/Debug/Aman.app/Contents/MacOS/Aman.debug.dylib --scan-folder /Users/arw/Library/Developer/Xcode/DerivedData/Aman-erpipkrcsogxsvdbxslkqytdshgb/Build/Products/Debug/Aman.app/Contents/Frameworks --scan-folder /Users/arw/Library/Developer/Xcode/DerivedData/Aman-erpipkrcsogxsvdbxslkqytdshgb/Build/Products/Debug/Aman.app/Contents/PlugIns --scan-folder /Users/arw/Library/Developer/Xcode/DerivedData/Aman-erpipkrcsogxsvdbxslkqytdshgb/Build/Products/Debug/Aman.app/Contents/Library/SystemExtensions --scan-folder /Users/arw/Library/Developer/Xcode/DerivedData/Aman-erpipkrcsogxsvdbxslkqytdshgb/Build/Products/Debug/Aman.app/Contents/Extensions --platform macosx --toolchain /Applications/Xcode.app/Contents/Developer/Toolchains/XcodeDefault.xctoolchain --destination /Users/arw/Library/Developer/Xcode/DerivedData/Aman-erpipkrcsogxsvdbxslkqytdshgb/Build/Products/Debug/Aman.app/Contents/Frameworks --strip-bitcode --strip-bitcode-tool /Applications/Xcode.app/Contents/Developer/Toolchains/XcodeDefault.xctoolchain/usr/bin/bitcode_strip --emit-dependency-info /Users/arw/Library/Developer/Xcode/DerivedData/Aman-erpipkrcsogxsvdbxslkqytdshgb/Build/Intermediates.noindex/Aman.build/Debug/Aman.build/SwiftStdLibToolInputDependencies.dep --filter-for-swift-os
Ignoring --strip-bitcode because --sign was not passed

ExtractAppIntentsMetadata (in target 'Aman' from project 'Aman')
    cd /Users/arw/Documents/Aman
    /Applications/Xcode.app/Contents/Developer/Toolchains/XcodeDefault.xctoolchain/usr/bin/appintentsmetadataprocessor --toolchain-dir /Applications/Xcode.app/Contents/Developer/Toolchains/XcodeDefault.xctoolchain --module-name Aman --sdk-root /Applications/Xcode.app/Contents/Developer/Platforms/MacOSX.platform/Developer/SDKs/MacOSX26.0.sdk --xcode-version 17A400 --platform-family macOS --deployment-target 26.0 --bundle-identifier arwindo.aman --output /Users/arw/Library/Developer/Xcode/DerivedData/Aman-erpipkrcsogxsvdbxslkqytdshgb/Build/Products/Debug/Aman.app/Contents/Resources --target-triple x86_64-apple-macos26.0 --binary-file /Users/arw/Library/Developer/Xcode/DerivedData/Aman-erpipkrcsogxsvdbxslkqytdshgb/Build/Products/Debug/Aman.app/Contents/MacOS/Aman --dependency-file /Users/arw/Library/Developer/Xcode/DerivedData/Aman-erpipkrcsogxsvdbxslkqytdshgb/Build/Intermediates.noindex/Aman.build/Debug/Aman.build/Objects-normal/x86_64/Aman_dependency_info.dat --stringsdata-file /Users/arw/Library/Developer/Xcode/DerivedData/Aman-erpipkrcsogxsvdbxslkqytdshgb/Build/Intermediates.noindex/Aman.build/Debug/Aman.build/Objects-normal/x86_64/ExtractedAppShortcutsMetadata.stringsdata --source-file-list /Users/arw/Library/Developer/Xcode/DerivedData/Aman-erpipkrcsogxsvdbxslkqytdshgb/Build/Intermediates.noindex/Aman.build/Debug/Aman.build/Objects-normal/x86_64/Aman.SwiftFileList --metadata-file-list /Users/arw/Library/Developer/Xcode/DerivedData/Aman-erpipkrcsogxsvdbxslkqytdshgb/Build/Intermediates.noindex/Aman.build/Debug/Aman.build/Aman.DependencyMetadataFileList --static-metadata-file-list /Users/arw/Library/Developer/Xcode/DerivedData/Aman-erpipkrcsogxsvdbxslkqytdshgb/Build/Intermediates.noindex/Aman.build/Debug/Aman.build/Aman.DependencyStaticMetadataFileList --swift-const-vals-list /Users/arw/Library/Developer/Xcode/DerivedData/Aman-erpipkrcsogxsvdbxslkqytdshgb/Build/Intermediates.noindex/Aman.build/Debug/Aman.build/Objects-normal/x86_64/Aman.SwiftConstValuesFileList --compile-time-extraction --deployment-aware-processing --validate-assistant-intents --no-app-shortcuts-localization
2025-11-03 07:09:55.641 appintentsmetadataprocessor[96968:2574215] Starting appintentsmetadataprocessor export
2025-11-03 07:09:55.644 appintentsmetadataprocessor[96968:2574215] warning: Metadata extraction skipped. No AppIntents.framework dependency found.

** BUILD SUCCEEDED **

