Command line invocation:
    /Applications/Xcode.app/Contents/Developer/usr/bin/xcodebuild -project Aman.xcodeproj -scheme Aman -configuration Debug build

ComputePackagePrebuildTargetDependencyGraph

Prepare packages

CreateBuildRequest

SendProjectDescription

CreateBuildOperation

ComputeTargetDependencyGraph
note: Building targets in dependency order
note: Target dependency graph (1 target)
    Target 'Aman' in project 'Aman' (no dependencies)

GatherProvisioningInputs

CreateBuildDescription

ExecuteExternalTool /Applications/Xcode.app/Contents/Developer/Toolchains/XcodeDefault.xctoolchain/usr/bin/clang -v -E -dM -isysroot /Applications/Xcode.app/Contents/Developer/Platforms/MacOSX.platform/Developer/SDKs/MacOSX26.0.sdk -x c -c /dev/null

ExecuteExternalTool /Applications/Xcode.app/Contents/Developer/Toolchains/XcodeDefault.xctoolchain/usr/bin/clang -v -E -dM -arch x86_64 -isysroot /Applications/Xcode.app/Contents/Developer/Platforms/MacOSX.platform/Developer/SDKs/MacOSX26.0.sdk -x c -c /dev/null

ExecuteExternalTool /Applications/Xcode.app/Contents/Developer/usr/bin/actool --version --output-format xml1

ExecuteExternalTool /Applications/Xcode.app/Contents/Developer/Toolchains/XcodeDefault.xctoolchain/usr/bin/swiftc --version

ExecuteExternalTool /Applications/Xcode.app/Contents/Developer/Toolchains/XcodeDefault.xctoolchain/usr/bin/ld -version_details

Build description signature: 9387082bff0b880e7d6727c6cbc71137
Build description path: /Users/arw/Library/Developer/Xcode/DerivedData/Aman-erpipkrcsogxsvdbxslkqytdshgb/Build/Intermediates.noindex/XCBuildData/9387082bff0b880e7d6727c6cbc71137.xcbuilddata
ClangStatCache /Applications/Xcode.app/Contents/Developer/Toolchains/XcodeDefault.xctoolchain/usr/bin/clang-stat-cache /Applications/Xcode.app/Contents/Developer/Platforms/MacOSX.platform/Developer/SDKs/MacOSX26.0.sdk /Users/arw/Library/Developer/Xcode/DerivedData/SDKStatCaches.noindex/macosx26.0-25A352-28806144b0707e398aac92880fa50324.sdkstatcache
    cd /Users/arw/Documents/Aman/Aman.xcodeproj
    /Applications/Xcode.app/Contents/Developer/Toolchains/XcodeDefault.xctoolchain/usr/bin/clang-stat-cache /Applications/Xcode.app/Contents/Developer/Platforms/MacOSX.platform/Developer/SDKs/MacOSX26.0.sdk -o /Users/arw/Library/Developer/Xcode/DerivedData/SDKStatCaches.noindex/macosx26.0-25A352-28806144b0707e398aac92880fa50324.sdkstatcache

ProcessInfoPlistFile /Users/arw/Library/Developer/Xcode/DerivedData/Aman-erpipkrcsogxsvdbxslkqytdshgb/Build/Products/Debug/Aman.app/Contents/Info.plist /Users/arw/Library/Developer/Xcode/DerivedData/Aman-erpipkrcsogxsvdbxslkqytdshgb/Build/Intermediates.noindex/Aman.build/Debug/Aman.build/empty-Aman.plist (in target 'Aman' from project 'Aman')
    cd /Users/arw/Documents/Aman
    builtin-infoPlistUtility /Users/arw/Library/Developer/Xcode/DerivedData/Aman-erpipkrcsogxsvdbxslkqytdshgb/Build/Intermediates.noindex/Aman.build/Debug/Aman.build/empty-Aman.plist -producttype com.apple.product-type.application -genpkginfo /Users/arw/Library/Developer/Xcode/DerivedData/Aman-erpipkrcsogxsvdbxslkqytdshgb/Build/Products/Debug/Aman.app/Contents/PkgInfo -expandbuildsettings -platform macosx -additionalcontentfile /Users/arw/Library/Developer/Xcode/DerivedData/Aman-erpipkrcsogxsvdbxslkqytdshgb/Build/Intermediates.noindex/Aman.build/Debug/Aman.build/assetcatalog_generated_info.plist -o /Users/arw/Library/Developer/Xcode/DerivedData/Aman-erpipkrcsogxsvdbxslkqytdshgb/Build/Products/Debug/Aman.app/Contents/Info.plist

SwiftDriver Aman normal x86_64 com.apple.xcode.tools.swift.compiler (in target 'Aman' from project 'Aman')
    cd /Users/arw/Documents/Aman
    builtin-SwiftDriver -- /Applications/Xcode.app/Contents/Developer/Toolchains/XcodeDefault.xctoolchain/usr/bin/swiftc -module-name Aman -Onone -enforce-exclusivity\=checked @/Users/arw/Library/Developer/Xcode/DerivedData/Aman-erpipkrcsogxsvdbxslkqytdshgb/Build/Intermediates.noindex/Aman.build/Debug/Aman.build/Objects-normal/x86_64/Aman.SwiftFileList -DDEBUG -enable-bare-slash-regex -enable-experimental-feature DebugDescriptionMacro -sdk /Applications/Xcode.app/Contents/Developer/Platforms/MacOSX.platform/Developer/SDKs/MacOSX26.0.sdk -target x86_64-apple-macos26.0 -g -module-cache-path /Users/arw/Library/Developer/Xcode/DerivedData/ModuleCache.noindex -Xfrontend -serialize-debugging-options -enable-testing -index-store-path /Users/arw/Library/Developer/Xcode/DerivedData/Aman-erpipkrcsogxsvdbxslkqytdshgb/Index.noindex/DataStore -Xcc -D_LIBCPP_HARDENING_MODE\=_LIBCPP_HARDENING_MODE_DEBUG -swift-version 5 -I /Users/arw/Library/Developer/Xcode/DerivedData/Aman-erpipkrcsogxsvdbxslkqytdshgb/Build/Products/Debug -F /Users/arw/Library/Developer/Xcode/DerivedData/Aman-erpipkrcsogxsvdbxslkqytdshgb/Build/Products/Debug -emit-localized-strings -emit-localized-strings-path /Users/arw/Library/Developer/Xcode/DerivedData/Aman-erpipkrcsogxsvdbxslkqytdshgb/Build/Intermediates.noindex/Aman.build/Debug/Aman.build/Objects-normal/x86_64 -c -j16 -enable-batch-mode -incremental -Xcc -ivfsstatcache -Xcc /Users/arw/Library/Developer/Xcode/DerivedData/SDKStatCaches.noindex/macosx26.0-25A352-28806144b0707e398aac92880fa50324.sdkstatcache -output-file-map /Users/arw/Library/Developer/Xcode/DerivedData/Aman-erpipkrcsogxsvdbxslkqytdshgb/Build/Intermediates.noindex/Aman.build/Debug/Aman.build/Objects-normal/x86_64/Aman-OutputFileMap.json -use-frontend-parseable-output -save-temps -no-color-diagnostics -explicit-module-build -module-cache-path /Users/arw/Library/Developer/Xcode/DerivedData/Aman-erpipkrcsogxsvdbxslkqytdshgb/Build/Intermediates.noindex/SwiftExplicitPrecompiledModules -clang-scanner-module-cache-path /Users/arw/Library/Developer/Xcode/DerivedData/ModuleCache.noindex -sdk-module-cache-path /Users/arw/Library/Developer/Xcode/DerivedData/ModuleCache.noindex -serialize-diagnostics -emit-dependencies -emit-module -emit-module-path /Users/arw/Library/Developer/Xcode/DerivedData/Aman-erpipkrcsogxsvdbxslkqytdshgb/Build/Intermediates.noindex/Aman.build/Debug/Aman.build/Objects-normal/x86_64/Aman.swiftmodule -validate-clang-modules-once -clang-build-session-file /Users/arw/Library/Developer/Xcode/DerivedData/ModuleCache.noindex/Session.modulevalidation -Xcc -I/Users/arw/Library/Developer/Xcode/DerivedData/Aman-erpipkrcsogxsvdbxslkqytdshgb/Build/Intermediates.noindex/Aman.build/Debug/Aman.build/swift-overrides.hmap -emit-const-values -Xfrontend -const-gather-protocols-file -Xfrontend /Users/arw/Library/Developer/Xcode/DerivedData/Aman-erpipkrcsogxsvdbxslkqytdshgb/Build/Intermediates.noindex/Aman.build/Debug/Aman.build/Objects-normal/x86_64/Aman_const_extract_protocols.json -Xcc -iquote -Xcc /Users/arw/Library/Developer/Xcode/DerivedData/Aman-erpipkrcsogxsvdbxslkqytdshgb/Build/Intermediates.noindex/Aman.build/Debug/Aman.build/Aman-generated-files.hmap -Xcc -I/Users/arw/Library/Developer/Xcode/DerivedData/Aman-erpipkrcsogxsvdbxslkqytdshgb/Build/Intermediates.noindex/Aman.build/Debug/Aman.build/Aman-own-target-headers.hmap -Xcc -I/Users/arw/Library/Developer/Xcode/DerivedData/Aman-erpipkrcsogxsvdbxslkqytdshgb/Build/Intermediates.noindex/Aman.build/Debug/Aman.build/Aman-all-target-headers.hmap -Xcc -iquote -Xcc /Users/arw/Library/Developer/Xcode/DerivedData/Aman-erpipkrcsogxsvdbxslkqytdshgb/Build/Intermediates.noindex/Aman.build/Debug/Aman.build/Aman-project-headers.hmap -Xcc -I/Users/arw/Library/Developer/Xcode/DerivedData/Aman-erpipkrcsogxsvdbxslkqytdshgb/Build/Products/Debug/include -Xcc -I/Users/arw/Documents/Aman/Engine/Utilities/WhirlpoolC/include -Xcc -I/Users/arw/Library/Developer/Xcode/DerivedData/Aman-erpipkrcsogxsvdbxslkqytdshgb/Build/Intermediates.noindex/Aman.build/Debug/Aman.build/DerivedSources-normal/x86_64 -Xcc -I/Users/arw/Library/Developer/Xcode/DerivedData/Aman-erpipkrcsogxsvdbxslkqytdshgb/Build/Intermediates.noindex/Aman.build/Debug/Aman.build/DerivedSources/x86_64 -Xcc -I/Users/arw/Library/Developer/Xcode/DerivedData/Aman-erpipkrcsogxsvdbxslkqytdshgb/Build/Intermediates.noindex/Aman.build/Debug/Aman.build/DerivedSources -Xcc -DDEBUG\=1 -emit-objc-header -emit-objc-header-path /Users/arw/Library/Developer/Xcode/DerivedData/Aman-erpipkrcsogxsvdbxslkqytdshgb/Build/Intermediates.noindex/Aman.build/Debug/Aman.build/Objects-normal/x86_64/Aman-Swift.h -import-objc-header /Users/arw/Documents/Aman/Support/Aman-Bridging-Header.h -working-directory /Users/arw/Documents/Aman -experimental-emit-module-separately -disable-cmo

SwiftGeneratePch normal x86_64 Compiling\ bridging\ header (in target 'Aman' from project 'Aman')

SwiftDriverJobDiscovery normal x86_64 Compiling bridging header (in target 'Aman' from project 'Aman')

SwiftCompile normal x86_64 Compiling\ CertificateLookupView.swift,\ CertificateLookupDetailView.swift,\ HashGeneratorViewModel.swift,\ HashGeneratorView.swift,\ CommonSIMD.swift,\ BigEndianBytesCollectionSIMD.swift,\ LittleEndianBytesCollectionSIMD.swift,\ BLAKE3.swift,\ ChunkState.swift /Users/arw/Documents/Aman/view/CertificateLookupView.swift /Users/arw/Documents/Aman/view/CertificateLookupDetailView.swift /Users/arw/Documents/Aman/Engine/HashGeneratorViewModel.swift /Users/arw/Documents/Aman/view/HashGeneratorView.swift /Users/arw/Documents/Aman/Engine/Utilities/EndianBytesSIMD/CommonSIMD.swift /Users/arw/Documents/Aman/Engine/Utilities/EndianBytesSIMD/BigEndianBytesCollectionSIMD.swift /Users/arw/Documents/Aman/Engine/Utilities/EndianBytesSIMD/LittleEndianBytesCollectionSIMD.swift /Users/arw/Documents/Aman/Engine/Utilities/BLAKE3/BLAKE3.swift /Users/arw/Documents/Aman/Engine/Utilities/BLAKE3/ChunkState.swift (in target 'Aman' from project 'Aman')

SwiftCompile normal x86_64 /Users/arw/Documents/Aman/view/CertificateLookupView.swift (in target 'Aman' from project 'Aman')
    cd /Users/arw/Documents/Aman
    

SwiftCompile normal x86_64 /Users/arw/Documents/Aman/view/CertificateLookupDetailView.swift (in target 'Aman' from project 'Aman')
    cd /Users/arw/Documents/Aman
    

SwiftCompile normal x86_64 /Users/arw/Documents/Aman/Engine/HashGeneratorViewModel.swift (in target 'Aman' from project 'Aman')
    cd /Users/arw/Documents/Aman
    
/Users/arw/Documents/Aman/Engine/HashGeneratorViewModel.swift:118:17: warning: no 'async' operations occur within 'await' expression
                await updateResults(mappedResults)
                ^
/Users/arw/Documents/Aman/Engine/HashGeneratorViewModel.swift:120:17: warning: no 'async' operations occur within 'await' expression
                await handleError(error)
                ^
/Users/arw/Documents/Aman/Engine/HashGeneratorViewModel.swift:263:36: warning: capture of 'self' with non-Sendable type 'HashingService' in a '@Sendable' closure
                    let data = try self.loadData(from: input)
                                   ^
/Users/arw/Documents/Aman/Engine/HashGeneratorViewModel.swift:250:13: note: class 'HashingService' does not conform to the 'Sendable' protocol
final class HashingService {
            ^
/Users/arw/Documents/Aman/Engine/HashGeneratorViewModel.swift:332:36: warning: 'CC_MD5' was deprecated in macOS 10.15: This function is cryptographically broken and should not be used in security contexts. Clients should migrate to SHA256 (or stronger).
            data.withUnsafeBytes { CC_MD5($0.baseAddress, CC_LONG(data.count), &hash) }
                                   ^
/Users/arw/Documents/Aman/Engine/HashGeneratorViewModel.swift:332:18: warning: result of call to 'withUnsafeBytes' is unused
            data.withUnsafeBytes { CC_MD5($0.baseAddress, CC_LONG(data.count), &hash) }
                 ^               ~~~~~~~~~~~~~~~~~~~~~~~~~~~~~~~~~~~~~~~~~~~~~~~~~~~~~~
/Users/arw/Documents/Aman/Engine/HashGeneratorViewModel.swift:336:18: warning: result of call to 'withUnsafeBytes' is unused
            data.withUnsafeBytes { CC_SHA1($0.baseAddress, CC_LONG(data.count), &hash) }
                 ^               ~~~~~~~~~~~~~~~~~~~~~~~~~~~~~~~~~~~~~~~~~~~~~~~~~~~~~~~
/Users/arw/Documents/Aman/Engine/HashGeneratorViewModel.swift:340:18: warning: result of call to 'withUnsafeBytes' is unused
            data.withUnsafeBytes { CC_SHA256($0.baseAddress, CC_LONG(data.count), &hash) }
                 ^               ~~~~~~~~~~~~~~~~~~~~~~~~~~~~~~~~~~~~~~~~~~~~~~~~~~~~~~~~~
/Users/arw/Documents/Aman/Engine/HashGeneratorViewModel.swift:344:18: warning: result of call to 'withUnsafeBytes' is unused
            data.withUnsafeBytes { CC_SHA512($0.baseAddress, CC_LONG(data.count), &hash) }
                 ^               ~~~~~~~~~~~~~~~~~~~~~~~~~~~~~~~~~~~~~~~~~~~~~~~~~~~~~~~~~

SwiftCompile normal x86_64 /Users/arw/Documents/Aman/view/HashGeneratorView.swift (in target 'Aman' from project 'Aman')
    cd /Users/arw/Documents/Aman
    
/Users/arw/Documents/Aman/view/HashGeneratorView.swift:66:10: warning: 'onChange(of:perform:)' was deprecated in macOS 14.0: Use `onChange` with a two or zero parameter action closure instead.
        .onChange(of: viewModel.inputMode) { newMode in
         ^

SwiftCompile normal x86_64 /Users/arw/Documents/Aman/Engine/Utilities/EndianBytesSIMD/CommonSIMD.swift (in target 'Aman' from project 'Aman')
    cd /Users/arw/Documents/Aman
    

SwiftCompile normal x86_64 /Users/arw/Documents/Aman/Engine/Utilities/EndianBytesSIMD/BigEndianBytesCollectionSIMD.swift (in target 'Aman' from project 'Aman')
    cd /Users/arw/Documents/Aman
    

SwiftCompile normal x86_64 /Users/arw/Documents/Aman/Engine/Utilities/EndianBytesSIMD/LittleEndianBytesCollectionSIMD.swift (in target 'Aman' from project 'Aman')
    cd /Users/arw/Documents/Aman
    

SwiftCompile normal x86_64 /Users/arw/Documents/Aman/Engine/Utilities/BLAKE3/BLAKE3.swift (in target 'Aman' from project 'Aman')
    cd /Users/arw/Documents/Aman
    

SwiftCompile normal x86_64 /Users/arw/Documents/Aman/Engine/Utilities/BLAKE3/ChunkState.swift (in target 'Aman' from project 'Aman')
    cd /Users/arw/Documents/Aman
    

SwiftEmitModule normal x86_64 Emitting\ module\ for\ Aman (in target 'Aman' from project 'Aman')

EmitSwiftModule normal x86_64 (in target 'Aman' from project 'Aman')
    cd /Users/arw/Documents/Aman
    

SwiftCompile normal x86_64 Compiling\ GatekeeperAutoUpdateCheck.swift,\ GatekeeperBypassCheck.swift,\ GuestConnectCheck.swift,\ GuestLoginCheck.swift,\ HotCornersDisabledCheck.swift,\ IcloudEnabled.swift,\ InternetSharingDisabledCheck.swift,\ IntranetSecurityPortScanCheck.swift,\ Java6Check.swift /Users/arw/Documents/Aman/Modules/GatekeeperAutoUpdateCheck.swift /Users/arw/Documents/Aman/Modules/GatekeeperBypassCheck.swift /Users/arw/Documents/Aman/Modules/GuestConnectCheck.swift /Users/arw/Documents/Aman/Modules/GuestLoginCheck.swift /Users/arw/Documents/Aman/Modules/HotCornersDisabledCheck.swift /Users/arw/Documents/Aman/Modules/IcloudEnabled.swift /Users/arw/Documents/Aman/Modules/InternetSharingDisabledCheck.swift /Users/arw/Documents/Aman/Modules/IntranetSecurityPortScanCheck.swift /Users/arw/Documents/Aman/Modules/Java6Check.swift (in target 'Aman' from project 'Aman')

SwiftCompile normal x86_64 /Users/arw/Documents/Aman/Modules/GatekeeperAutoUpdateCheck.swift (in target 'Aman' from project 'Aman')
    cd /Users/arw/Documents/Aman
    

SwiftCompile normal x86_64 /Users/arw/Documents/Aman/Modules/GatekeeperBypassCheck.swift (in target 'Aman' from project 'Aman')
    cd /Users/arw/Documents/Aman
    

SwiftCompile normal x86_64 /Users/arw/Documents/Aman/Modules/GuestConnectCheck.swift (in target 'Aman' from project 'Aman')
    cd /Users/arw/Documents/Aman
    

SwiftCompile normal x86_64 /Users/arw/Documents/Aman/Modules/GuestLoginCheck.swift (in target 'Aman' from project 'Aman')
    cd /Users/arw/Documents/Aman
    

SwiftCompile normal x86_64 /Users/arw/Documents/Aman/Modules/HotCornersDisabledCheck.swift (in target 'Aman' from project 'Aman')
    cd /Users/arw/Documents/Aman
    

SwiftCompile normal x86_64 /Users/arw/Documents/Aman/Modules/IcloudEnabled.swift (in target 'Aman' from project 'Aman')
    cd /Users/arw/Documents/Aman
    

SwiftCompile normal x86_64 /Users/arw/Documents/Aman/Modules/InternetSharingDisabledCheck.swift (in target 'Aman' from project 'Aman')
    cd /Users/arw/Documents/Aman
    

SwiftCompile normal x86_64 /Users/arw/Documents/Aman/Modules/IntranetSecurityPortScanCheck.swift (in target 'Aman' from project 'Aman')
    cd /Users/arw/Documents/Aman
    

SwiftCompile normal x86_64 /Users/arw/Documents/Aman/Modules/Java6Check.swift (in target 'Aman' from project 'Aman')
    cd /Users/arw/Documents/Aman
    

SwiftCompile normal x86_64 Compiling\ SIMD+EBC.swift,\ Whirlpool.swift,\ NetworkAnalyzerModels.swift,\ NetworkAnalyzerViewModel.swift,\ NetworkAnalyzerView.swift,\ NetworkAnalyzerDetailView.swift,\ PacketListView.swift,\ PythonProcessRunner.swift /Users/arw/Documents/Aman/Engine/Utilities/EndianBytesSIMD/SIMD+EBC.swift /Users/arw/Documents/Aman/Engine/Utilities/Whirlpool/Whirlpool.swift /Users/arw/Documents/Aman/view/NetworkAnalyzerModels.swift /Users/arw/Documents/Aman/view/NetworkAnalyzerViewModel.swift /Users/arw/Documents/Aman/view/NetworkAnalyzerView.swift /Users/arw/Documents/Aman/view/NetworkAnalyzerDetailView.swift /Users/arw/Documents/Aman/view/PacketListView.swift /Users/arw/Documents/Aman/Engine/PythonProcessRunner.swift (in target 'Aman' from project 'Aman')
SwiftCompile normal x86_64 /Users/arw/Documents/Aman/Engine/Utilities/EndianBytesSIMD/SIMD+EBC.swift (in target 'Aman' from project 'Aman')
    cd /Users/arw/Documents/Aman
    

SwiftCompile normal x86_64 /Users/arw/Documents/Aman/Engine/Utilities/Whirlpool/Whirlpool.swift (in target 'Aman' from project 'Aman')
    cd /Users/arw/Documents/Aman
    

SwiftCompile normal x86_64 /Users/arw/Documents/Aman/view/NetworkAnalyzerModels.swift (in target 'Aman' from project 'Aman')
    cd /Users/arw/Documents/Aman
    

SwiftCompile normal x86_64 /Users/arw/Documents/Aman/view/NetworkAnalyzerViewModel.swift (in target 'Aman' from project 'Aman')
    cd /Users/arw/Documents/Aman
    
/Users/arw/Documents/Aman/view/NetworkAnalyzerViewModel.swift:281:19: warning: call to main actor-isolated instance method 'executeAnalysis(scriptURL:metrics:packets:params:markState:isStreaming:)' in a synchronous nonisolated context
            self?.executeAnalysis(scriptURL: scriptURL, metrics: metricsSnapshot, packets: packetSnapshot, params: params, markState: true, isStreaming: false)
                  ^
/Users/arw/Documents/Aman/view/NetworkAnalyzerViewModel.swift:463:18: note: calls to instance method 'executeAnalysis(scriptURL:metrics:packets:params:markState:isStreaming:)' from outside of its actor context are implicitly asynchronous
    private func executeAnalysis(scriptURL: URL, metrics: [MetricPoint], packets: [PacketSample], params: AnalyzerParams, markState: Bool, isStreaming: Bool) {
                 ^

SwiftCompile normal x86_64 /Users/arw/Documents/Aman/view/NetworkAnalyzerView.swift (in target 'Aman' from project 'Aman')
    cd /Users/arw/Documents/Aman
    

SwiftCompile normal x86_64 /Users/arw/Documents/Aman/view/NetworkAnalyzerDetailView.swift (in target 'Aman' from project 'Aman')
    cd /Users/arw/Documents/Aman
    

SwiftCompile normal x86_64 /Users/arw/Documents/Aman/view/PacketListView.swift (in target 'Aman' from project 'Aman')
    cd /Users/arw/Documents/Aman
    

SwiftCompile normal x86_64 /Users/arw/Documents/Aman/Engine/PythonProcessRunner.swift (in target 'Aman' from project 'Aman')
    cd /Users/arw/Documents/Aman
    

SwiftCompile normal x86_64 Compiling\ LocationServicesCheck.swift,\ LocationServicesMenuIconCheck.swift,\ LockdownModeCheck.swift,\ LoginWindowPolicyCheck.swift,\ NfsServerCheck.swift,\ PamSudoSmartcardEnforceCheck.swift,\ PamSuSmartcardEnforceCheck.swift,\ PortListeningInventoryCheck.swift,\ PortScannerCheck.swift /Users/arw/Documents/Aman/Modules/LocationServicesCheck.swift /Users/arw/Documents/Aman/Modules/LocationServicesMenuIconCheck.swift /Users/arw/Documents/Aman/Modules/LockdownModeCheck.swift /Users/arw/Documents/Aman/Modules/LoginWindowPolicyCheck.swift /Users/arw/Documents/Aman/Modules/NfsServerCheck.swift /Users/arw/Documents/Aman/Modules/PamSudoSmartcardEnforceCheck.swift /Users/arw/Documents/Aman/Modules/PamSuSmartcardEnforceCheck.swift /Users/arw/Documents/Aman/Modules/PortListeningInventoryCheck.swift /Users/arw/Documents/Aman/Modules/PortScannerCheck.swift (in target 'Aman' from project 'Aman')

SwiftCompile normal x86_64 /Users/arw/Documents/Aman/Modules/LocationServicesCheck.swift (in target 'Aman' from project 'Aman')
    cd /Users/arw/Documents/Aman
    

SwiftCompile normal x86_64 /Users/arw/Documents/Aman/Modules/LocationServicesMenuIconCheck.swift (in target 'Aman' from project 'Aman')
    cd /Users/arw/Documents/Aman
    

SwiftCompile normal x86_64 /Users/arw/Documents/Aman/Modules/LockdownModeCheck.swift (in target 'Aman' from project 'Aman')
    cd /Users/arw/Documents/Aman
    

SwiftCompile normal x86_64 /Users/arw/Documents/Aman/Modules/LoginWindowPolicyCheck.swift (in target 'Aman' from project 'Aman')
    cd /Users/arw/Documents/Aman
    

SwiftCompile normal x86_64 /Users/arw/Documents/Aman/Modules/NfsServerCheck.swift (in target 'Aman' from project 'Aman')
    cd /Users/arw/Documents/Aman
    

SwiftCompile normal x86_64 /Users/arw/Documents/Aman/Modules/PamSudoSmartcardEnforceCheck.swift (in target 'Aman' from project 'Aman')
    cd /Users/arw/Documents/Aman
    

SwiftCompile normal x86_64 /Users/arw/Documents/Aman/Modules/PamSuSmartcardEnforceCheck.swift (in target 'Aman' from project 'Aman')
    cd /Users/arw/Documents/Aman
    

SwiftCompile normal x86_64 /Users/arw/Documents/Aman/Modules/PortListeningInventoryCheck.swift (in target 'Aman' from project 'Aman')
    cd /Users/arw/Documents/Aman
    

SwiftCompile normal x86_64 /Users/arw/Documents/Aman/Modules/PortScannerCheck.swift (in target 'Aman' from project 'Aman')
    cd /Users/arw/Documents/Aman
    

SwiftCompile normal x86_64 Compiling\ TheOutput.swift,\ NetworkProfileView.swift,\ Duplex.swift,\ KeyedDuplex.swift,\ Common.swift,\ EndianBytesConvertible.swift,\ BigEndianBytesCollection.swift,\ FixedWidthInteger+EBC.swift,\ LittleEndianBytesCollection.swift /Users/arw/Documents/Aman/Engine/Utilities/BLAKE3/TheOutput.swift /Users/arw/Documents/Aman/view/NetworkProfileView.swift /Users/arw/Documents/Aman/Engine/Utilities/Duplex/Duplex.swift /Users/arw/Documents/Aman/Engine/Utilities/Duplex/KeyedDuplex.swift /Users/arw/Documents/Aman/Engine/Utilities/EndianBytesConvertible/Common.swift /Users/arw/Documents/Aman/Engine/Utilities/EndianBytesConvertible/EndianBytesConvertible.swift /Users/arw/Documents/Aman/Engine/Utilities/EndianBytes/BigEndianBytesCollection.swift /Users/arw/Documents/Aman/Engine/Utilities/EndianBytes/FixedWidthInteger+EBC.swift /Users/arw/Documents/Aman/Engine/Utilities/EndianBytes/LittleEndianBytesCollection.swift (in target 'Aman' from project 'Aman')

SwiftCompile normal x86_64 /Users/arw/Documents/Aman/Engine/Utilities/BLAKE3/TheOutput.swift (in target 'Aman' from project 'Aman')
    cd /Users/arw/Documents/Aman
    

SwiftCompile normal x86_64 /Users/arw/Documents/Aman/view/NetworkProfileView.swift (in target 'Aman' from project 'Aman')
    cd /Users/arw/Documents/Aman
    

SwiftCompile normal x86_64 /Users/arw/Documents/Aman/Engine/Utilities/Duplex/Duplex.swift (in target 'Aman' from project 'Aman')
    cd /Users/arw/Documents/Aman
    

SwiftCompile normal x86_64 /Users/arw/Documents/Aman/Engine/Utilities/Duplex/KeyedDuplex.swift (in target 'Aman' from project 'Aman')
    cd /Users/arw/Documents/Aman
    

SwiftCompile normal x86_64 /Users/arw/Documents/Aman/Engine/Utilities/EndianBytesConvertible/Common.swift (in target 'Aman' from project 'Aman')
    cd /Users/arw/Documents/Aman
    

SwiftCompile normal x86_64 /Users/arw/Documents/Aman/Engine/Utilities/EndianBytesConvertible/EndianBytesConvertible.swift (in target 'Aman' from project 'Aman')
    cd /Users/arw/Documents/Aman
    

SwiftCompile normal x86_64 /Users/arw/Documents/Aman/Engine/Utilities/EndianBytes/BigEndianBytesCollection.swift (in target 'Aman' from project 'Aman')
    cd /Users/arw/Documents/Aman
    

SwiftCompile normal x86_64 /Users/arw/Documents/Aman/Engine/Utilities/EndianBytes/FixedWidthInteger+EBC.swift (in target 'Aman' from project 'Aman')
    cd /Users/arw/Documents/Aman
    

SwiftCompile normal x86_64 /Users/arw/Documents/Aman/Engine/Utilities/EndianBytes/LittleEndianBytesCollection.swift (in target 'Aman' from project 'Aman')
    cd /Users/arw/Documents/Aman
    

SwiftCompile normal x86_64 Compiling\ PcapCaptureController.swift,\ PcapPacket.swift,\ LandingSelectorView.swift,\ NetworkProfileDetailView.swift,\ WindowManager.swift,\ FindingDetailView.swift,\ LandingView.swift,\ GeneratedAssetSymbols.swift /Users/arw/Documents/Aman/Engine/NetworkAnalyzer/PcapCaptureController.swift /Users/arw/Documents/Aman/Engine/NetworkAnalyzer/PcapPacket.swift /Users/arw/Documents/Aman/view/LandingSelectorView.swift /Users/arw/Documents/Aman/view/NetworkProfileDetailView.swift /Users/arw/Documents/Aman/Support/WindowManager.swift /Users/arw/Documents/Aman/view/FindingDetailView.swift /Users/arw/Documents/Aman/view/LandingView.swift /Users/arw/Library/Developer/Xcode/DerivedData/Aman-erpipkrcsogxsvdbxslkqytdshgb/Build/Intermediates.noindex/Aman.build/Debug/Aman.build/DerivedSources/GeneratedAssetSymbols.swift (in target 'Aman' from project 'Aman')

SwiftCompile normal x86_64 /Users/arw/Documents/Aman/Engine/NetworkAnalyzer/PcapCaptureController.swift (in target 'Aman' from project 'Aman')
    cd /Users/arw/Documents/Aman
    

SwiftCompile normal x86_64 /Users/arw/Documents/Aman/Engine/NetworkAnalyzer/PcapPacket.swift (in target 'Aman' from project 'Aman')
    cd /Users/arw/Documents/Aman
    

SwiftCompile normal x86_64 /Users/arw/Documents/Aman/view/LandingSelectorView.swift (in target 'Aman' from project 'Aman')
    cd /Users/arw/Documents/Aman
    

SwiftCompile normal x86_64 /Users/arw/Documents/Aman/view/NetworkProfileDetailView.swift (in target 'Aman' from project 'Aman')
    cd /Users/arw/Documents/Aman
    

SwiftCompile normal x86_64 /Users/arw/Documents/Aman/Support/WindowManager.swift (in target 'Aman' from project 'Aman')
    cd /Users/arw/Documents/Aman
    

SwiftCompile normal x86_64 /Users/arw/Documents/Aman/view/FindingDetailView.swift (in target 'Aman' from project 'Aman')
    cd /Users/arw/Documents/Aman
    

SwiftCompile normal x86_64 /Users/arw/Documents/Aman/view/LandingView.swift (in target 'Aman' from project 'Aman')
    cd /Users/arw/Documents/Aman
    

SwiftCompile normal x86_64 /Users/arw/Library/Developer/Xcode/DerivedData/Aman-erpipkrcsogxsvdbxslkqytdshgb/Build/Intermediates.noindex/Aman.build/Debug/Aman.build/DerivedSources/GeneratedAssetSymbols.swift (in target 'Aman' from project 'Aman')
    cd /Users/arw/Documents/Aman
    

SwiftCompile normal x86_64 Compiling\ XProtectAndMRTCheck.swift,\ XProtectStatusCheck.swift,\ NetworkSecurityView.swift,\ InternetSecurityToolkitView.swift,\ NetworkProfileViewModel.swift,\ NetworkInfoService.swift,\ HashGeneratorDetailView.swift,\ CRTShClient.swift,\ CertificateLookupViewModel.swift /Users/arw/Documents/Aman/Modules/XProtectAndMRTCheck.swift /Users/arw/Documents/Aman/Modules/XProtectStatusCheck.swift /Users/arw/Documents/Aman/view/NetworkSecurityView.swift /Users/arw/Documents/Aman/view/InternetSecurityToolkitView.swift /Users/arw/Documents/Aman/view/NetworkProfileViewModel.swift /Users/arw/Documents/Aman/view/NetworkInfoService.swift /Users/arw/Documents/Aman/view/HashGeneratorDetailView.swift /Users/arw/Documents/Aman/Engine/Utilities/CRTShClient.swift /Users/arw/Documents/Aman/Engine/CertificateLookupViewModel.swift (in target 'Aman' from project 'Aman')
SwiftCompile normal x86_64 /Users/arw/Documents/Aman/Modules/XProtectAndMRTCheck.swift (in target 'Aman' from project 'Aman')
    cd /Users/arw/Documents/Aman
    

SwiftCompile normal x86_64 /Users/arw/Documents/Aman/Modules/XProtectStatusCheck.swift (in target 'Aman' from project 'Aman')
    cd /Users/arw/Documents/Aman
    

SwiftCompile normal x86_64 /Users/arw/Documents/Aman/view/NetworkSecurityView.swift (in target 'Aman' from project 'Aman')
    cd /Users/arw/Documents/Aman
    
/Users/arw/Documents/Aman/view/NetworkSecurityView.swift:219:14: warning: 'onChange(of:perform:)' was deprecated in macOS 14.0: Use `onChange` with a two or zero parameter action closure instead.
            .onChange(of: selectedItem) { item in
             ^
/Users/arw/Documents/Aman/view/NetworkSecurityView.swift:231:14: warning: 'onChange(of:perform:)' was deprecated in macOS 14.0: Use `onChange` with a two or zero parameter action closure instead.
            .onChange(of: certificateLookupViewModel.results) { results in
             ^

SwiftCompile normal x86_64 /Users/arw/Documents/Aman/view/InternetSecurityToolkitView.swift (in target 'Aman' from project 'Aman')
    cd /Users/arw/Documents/Aman
    

SwiftCompile normal x86_64 /Users/arw/Documents/Aman/view/NetworkProfileViewModel.swift (in target 'Aman' from project 'Aman')
    cd /Users/arw/Documents/Aman
    

SwiftCompile normal x86_64 /Users/arw/Documents/Aman/view/NetworkInfoService.swift (in target 'Aman' from project 'Aman')
    cd /Users/arw/Documents/Aman
    

SwiftCompile normal x86_64 /Users/arw/Documents/Aman/view/HashGeneratorDetailView.swift (in target 'Aman' from project 'Aman')
    cd /Users/arw/Documents/Aman
    

SwiftCompile normal x86_64 /Users/arw/Documents/Aman/Engine/Utilities/CRTShClient.swift (in target 'Aman' from project 'Aman')
    cd /Users/arw/Documents/Aman
    

SwiftCompile normal x86_64 /Users/arw/Documents/Aman/Engine/CertificateLookupViewModel.swift (in target 'Aman' from project 'Aman')
    cd /Users/arw/Documents/Aman
    

SwiftCompile normal x86_64 Compiling\ AirDropDisabledCheck.swift,\ AirDropInterfacePolicyCheck.swift,\ AirPlayReceiverDisabledCheck.swift,\ AirPlayServiceCheck.swift,\ ApacheHTTPCheck.swift,\ AppleSoftwareUpdateCheck.swift,\ AppSandboxCheck.swift,\ AppStoreUpdateCheck.swift,\ AppTrackingTransparencyCheck.swift /Users/arw/Documents/Aman/Modules/AirDropDisabledCheck.swift /Users/arw/Documents/Aman/Modules/AirDropInterfacePolicyCheck.swift /Users/arw/Documents/Aman/Modules/AirPlayReceiverDisabledCheck.swift /Users/arw/Documents/Aman/Modules/AirPlayServiceCheck.swift /Users/arw/Documents/Aman/Modules/ApacheHTTPCheck.swift /Users/arw/Documents/Aman/Modules/AppleSoftwareUpdateCheck.swift /Users/arw/Documents/Aman/Modules/AppSandboxCheck.swift /Users/arw/Documents/Aman/Modules/AppStoreUpdateCheck.swift /Users/arw/Documents/Aman/Modules/AppTrackingTransparencyCheck.swift (in target 'Aman' from project 'Aman')

SwiftCompile normal x86_64 /Users/arw/Documents/Aman/Modules/AirDropDisabledCheck.swift (in target 'Aman' from project 'Aman')
    cd /Users/arw/Documents/Aman
    

SwiftCompile normal x86_64 /Users/arw/Documents/Aman/Modules/AirDropInterfacePolicyCheck.swift (in target 'Aman' from project 'Aman')
    cd /Users/arw/Documents/Aman
    

SwiftCompile normal x86_64 /Users/arw/Documents/Aman/Modules/AirPlayReceiverDisabledCheck.swift (in target 'Aman' from project 'Aman')
    cd /Users/arw/Documents/Aman
    

SwiftCompile normal x86_64 /Users/arw/Documents/Aman/Modules/AirPlayServiceCheck.swift (in target 'Aman' from project 'Aman')
    cd /Users/arw/Documents/Aman
    

SwiftCompile normal x86_64 /Users/arw/Documents/Aman/Modules/ApacheHTTPCheck.swift (in target 'Aman' from project 'Aman')
    cd /Users/arw/Documents/Aman
    

SwiftCompile normal x86_64 /Users/arw/Documents/Aman/Modules/AppleSoftwareUpdateCheck.swift (in target 'Aman' from project 'Aman')
    cd /Users/arw/Documents/Aman
    

SwiftCompile normal x86_64 /Users/arw/Documents/Aman/Modules/AppSandboxCheck.swift (in target 'Aman' from project 'Aman')
    cd /Users/arw/Documents/Aman
    

SwiftCompile normal x86_64 /Users/arw/Documents/Aman/Modules/AppStoreUpdateCheck.swift (in target 'Aman' from project 'Aman')
    cd /Users/arw/Documents/Aman
    

SwiftCompile normal x86_64 /Users/arw/Documents/Aman/Modules/AppTrackingTransparencyCheck.swift (in target 'Aman' from project 'Aman')
    cd /Users/arw/Documents/Aman
    

SwiftCompile normal x86_64 Compiling\ AuditFinding.swift,\ AuditDomain.swift,\ EnrichmentService.swift,\ ShellCommandRunner.swift,\ IntranetSecurityScanner.swift,\ IntranetConsentStore.swift,\ InternetSecurityToolkit.swift,\ NetworkSecurityViewModel.swift,\ AdminPasswordForSecureSettingsCheck.swift /Users/arw/Documents/Aman/Engine/AuditFinding.swift /Users/arw/Documents/Aman/Engine/AuditDomain.swift /Users/arw/Documents/Aman/view/EnrichmentService.swift /Users/arw/Documents/Aman/Engine/ShellCommandRunner.swift /Users/arw/Documents/Aman/Engine/IntranetSecurity/IntranetSecurityScanner.swift /Users/arw/Documents/Aman/Engine/IntranetSecurity/IntranetConsentStore.swift /Users/arw/Documents/Aman/Engine/InternetSecurityToolkit.swift /Users/arw/Documents/Aman/Engine/NetworkSecurityViewModel.swift /Users/arw/Documents/Aman/Modules/AdminPasswordForSecureSettingsCheck.swift (in target 'Aman' from project 'Aman')

SwiftCompile normal x86_64 /Users/arw/Documents/Aman/Engine/AuditFinding.swift (in target 'Aman' from project 'Aman')
    cd /Users/arw/Documents/Aman
    

SwiftCompile normal x86_64 /Users/arw/Documents/Aman/Engine/AuditDomain.swift (in target 'Aman' from project 'Aman')
    cd /Users/arw/Documents/Aman
    

SwiftCompile normal x86_64 /Users/arw/Documents/Aman/view/EnrichmentService.swift (in target 'Aman' from project 'Aman')
    cd /Users/arw/Documents/Aman
    

SwiftCompile normal x86_64 /Users/arw/Documents/Aman/Engine/ShellCommandRunner.swift (in target 'Aman' from project 'Aman')
    cd /Users/arw/Documents/Aman
    

SwiftCompile normal x86_64 /Users/arw/Documents/Aman/Engine/IntranetSecurity/IntranetSecurityScanner.swift (in target 'Aman' from project 'Aman')
    cd /Users/arw/Documents/Aman
    

SwiftCompile normal x86_64 /Users/arw/Documents/Aman/Engine/IntranetSecurity/IntranetConsentStore.swift (in target 'Aman' from project 'Aman')
    cd /Users/arw/Documents/Aman
    

SwiftCompile normal x86_64 /Users/arw/Documents/Aman/Engine/InternetSecurityToolkit.swift (in target 'Aman' from project 'Aman')
    cd /Users/arw/Documents/Aman
    

SwiftCompile normal x86_64 /Users/arw/Documents/Aman/Engine/NetworkSecurityViewModel.swift (in target 'Aman' from project 'Aman')
    cd /Users/arw/Documents/Aman
    

SwiftCompile normal x86_64 /Users/arw/Documents/Aman/Modules/AdminPasswordForSecureSettingsCheck.swift (in target 'Aman' from project 'Aman')
    cd /Users/arw/Documents/Aman
    

SwiftCompile normal x86_64 Compiling\ CheckMediaSharingDisabled.swift,\ CheckTimeMachineEnabled.swift,\ ContentCachingDisabledCheck.swift,\ ContinuityFeaturesCheck.swift,\ Crashtest.swift,\ CredentialFlowsCheck.swift,\ CriticalUpdateInstallCheck.swift,\ DiagnosticDataCheck.swift,\ DVDOrCDSharingDisabledCheck.swift /Users/arw/Documents/Aman/Modules/CheckMediaSharingDisabled.swift /Users/arw/Documents/Aman/Modules/CheckTimeMachineEnabled.swift /Users/arw/Documents/Aman/Modules/ContentCachingDisabledCheck.swift /Users/arw/Documents/Aman/Modules/ContinuityFeaturesCheck.swift /Users/arw/Documents/Aman/Modules/Crashtest.swift /Users/arw/Documents/Aman/Modules/CredentialFlowsCheck.swift /Users/arw/Documents/Aman/Modules/CriticalUpdateInstallCheck.swift /Users/arw/Documents/Aman/Modules/DiagnosticDataCheck.swift /Users/arw/Documents/Aman/Modules/DVDOrCDSharingDisabledCheck.swift (in target 'Aman' from project 'Aman')

SwiftCompile normal x86_64 /Users/arw/Documents/Aman/Modules/CheckMediaSharingDisabled.swift (in target 'Aman' from project 'Aman')
    cd /Users/arw/Documents/Aman
    

SwiftCompile normal x86_64 /Users/arw/Documents/Aman/Modules/CheckTimeMachineEnabled.swift (in target 'Aman' from project 'Aman')
    cd /Users/arw/Documents/Aman
    

SwiftCompile normal x86_64 /Users/arw/Documents/Aman/Modules/ContentCachingDisabledCheck.swift (in target 'Aman' from project 'Aman')
    cd /Users/arw/Documents/Aman
    

SwiftCompile normal x86_64 /Users/arw/Documents/Aman/Modules/ContinuityFeaturesCheck.swift (in target 'Aman' from project 'Aman')
    cd /Users/arw/Documents/Aman
    

SwiftCompile normal x86_64 /Users/arw/Documents/Aman/Modules/Crashtest.swift (in target 'Aman' from project 'Aman')
    cd /Users/arw/Documents/Aman
    

SwiftCompile normal x86_64 /Users/arw/Documents/Aman/Modules/CredentialFlowsCheck.swift (in target 'Aman' from project 'Aman')
    cd /Users/arw/Documents/Aman
    

SwiftCompile normal x86_64 /Users/arw/Documents/Aman/Modules/CriticalUpdateInstallCheck.swift (in target 'Aman' from project 'Aman')
    cd /Users/arw/Documents/Aman
    

SwiftCompile normal x86_64 /Users/arw/Documents/Aman/Modules/DiagnosticDataCheck.swift (in target 'Aman' from project 'Aman')
    cd /Users/arw/Documents/Aman
    

SwiftCompile normal x86_64 /Users/arw/Documents/Aman/Modules/DVDOrCDSharingDisabledCheck.swift (in target 'Aman' from project 'Aman')
    cd /Users/arw/Documents/Aman
    

SwiftCompile normal x86_64 Compiling\ PrinterSharingDisabledCheck.swift,\ RapidSecurityResponseCheck.swift,\ RemoteLoginDisabledCheck.swift,\ RemoteManagementCheck.swift,\ SafariInternetPluginCheck.swift,\ SafariSafeFileChecks.swift,\ ScreenSaverIntervalCheck.swift,\ ScreenSharingDisabledCheck.swift,\ SecureKernelExtensionLoadingCheck.swift /Users/arw/Documents/Aman/Modules/PrinterSharingDisabledCheck.swift /Users/arw/Documents/Aman/Modules/RapidSecurityResponseCheck.swift /Users/arw/Documents/Aman/Modules/RemoteLoginDisabledCheck.swift /Users/arw/Documents/Aman/Modules/RemoteManagementCheck.swift /Users/arw/Documents/Aman/Modules/SafariInternetPluginCheck.swift /Users/arw/Documents/Aman/Modules/SafariSafeFileChecks.swift /Users/arw/Documents/Aman/Modules/ScreenSaverIntervalCheck.swift /Users/arw/Documents/Aman/Modules/ScreenSharingDisabledCheck.swift /Users/arw/Documents/Aman/Modules/SecureKernelExtensionLoadingCheck.swift (in target 'Aman' from project 'Aman')

SwiftCompile normal x86_64 /Users/arw/Documents/Aman/Modules/PrinterSharingDisabledCheck.swift (in target 'Aman' from project 'Aman')
    cd /Users/arw/Documents/Aman
    

SwiftCompile normal x86_64 /Users/arw/Documents/Aman/Modules/RapidSecurityResponseCheck.swift (in target 'Aman' from project 'Aman')
    cd /Users/arw/Documents/Aman
    

SwiftCompile normal x86_64 /Users/arw/Documents/Aman/Modules/RemoteLoginDisabledCheck.swift (in target 'Aman' from project 'Aman')
    cd /Users/arw/Documents/Aman
    

SwiftCompile normal x86_64 /Users/arw/Documents/Aman/Modules/RemoteManagementCheck.swift (in target 'Aman' from project 'Aman')
    cd /Users/arw/Documents/Aman
    

SwiftCompile normal x86_64 /Users/arw/Documents/Aman/Modules/SafariInternetPluginCheck.swift (in target 'Aman' from project 'Aman')
    cd /Users/arw/Documents/Aman
    

SwiftCompile normal x86_64 /Users/arw/Documents/Aman/Modules/SafariSafeFileChecks.swift (in target 'Aman' from project 'Aman')
    cd /Users/arw/Documents/Aman
    

SwiftCompile normal x86_64 /Users/arw/Documents/Aman/Modules/ScreenSaverIntervalCheck.swift (in target 'Aman' from project 'Aman')
    cd /Users/arw/Documents/Aman
    

SwiftCompile normal x86_64 /Users/arw/Documents/Aman/Modules/ScreenSharingDisabledCheck.swift (in target 'Aman' from project 'Aman')
    cd /Users/arw/Documents/Aman
    

SwiftCompile normal x86_64 /Users/arw/Documents/Aman/Modules/SecureKernelExtensionLoadingCheck.swift (in target 'Aman' from project 'Aman')
    cd /Users/arw/Documents/Aman
    

SwiftCompile normal x86_64 Compiling\ SoftwareUpdateDeferralCheck.swift,\ SshConfigHardeningCheck.swift,\ SshEnableCheck.swift,\ TemporaryGuestSessionCheck.swift,\ TimeMachineVolumesEncryptedCheck.swift,\ TimeWithinLimitsCheck.swift,\ UniversalControlCheck.swift,\ WakeForNetworkAccessCheck.swift,\ WifiMenuIconVisibleCheck.swift /Users/arw/Documents/Aman/Modules/SoftwareUpdateDeferralCheck.swift /Users/arw/Documents/Aman/Modules/SshConfigHardeningCheck.swift /Users/arw/Documents/Aman/Modules/SshEnableCheck.swift /Users/arw/Documents/Aman/Modules/TemporaryGuestSessionCheck.swift /Users/arw/Documents/Aman/Modules/TimeMachineVolumesEncryptedCheck.swift /Users/arw/Documents/Aman/Modules/TimeWithinLimitsCheck.swift /Users/arw/Documents/Aman/Modules/UniversalControlCheck.swift /Users/arw/Documents/Aman/Modules/WakeForNetworkAccessCheck.swift /Users/arw/Documents/Aman/Modules/WifiMenuIconVisibleCheck.swift (in target 'Aman' from project 'Aman')

SwiftCompile normal x86_64 /Users/arw/Documents/Aman/Modules/SoftwareUpdateDeferralCheck.swift (in target 'Aman' from project 'Aman')
    cd /Users/arw/Documents/Aman
    

SwiftCompile normal x86_64 /Users/arw/Documents/Aman/Modules/SshConfigHardeningCheck.swift (in target 'Aman' from project 'Aman')
    cd /Users/arw/Documents/Aman
    

SwiftCompile normal x86_64 /Users/arw/Documents/Aman/Modules/SshEnableCheck.swift (in target 'Aman' from project 'Aman')
    cd /Users/arw/Documents/Aman
    

SwiftCompile normal x86_64 /Users/arw/Documents/Aman/Modules/TemporaryGuestSessionCheck.swift (in target 'Aman' from project 'Aman')
    cd /Users/arw/Documents/Aman
    

SwiftCompile normal x86_64 /Users/arw/Documents/Aman/Modules/TimeMachineVolumesEncryptedCheck.swift (in target 'Aman' from project 'Aman')
    cd /Users/arw/Documents/Aman
    

SwiftCompile normal x86_64 /Users/arw/Documents/Aman/Modules/TimeWithinLimitsCheck.swift (in target 'Aman' from project 'Aman')
    cd /Users/arw/Documents/Aman
    

SwiftCompile normal x86_64 /Users/arw/Documents/Aman/Modules/UniversalControlCheck.swift (in target 'Aman' from project 'Aman')
    cd /Users/arw/Documents/Aman
    

SwiftCompile normal x86_64 /Users/arw/Documents/Aman/Modules/WakeForNetworkAccessCheck.swift (in target 'Aman' from project 'Aman')
    cd /Users/arw/Documents/Aman
    

SwiftCompile normal x86_64 /Users/arw/Documents/Aman/Modules/WifiMenuIconVisibleCheck.swift (in target 'Aman' from project 'Aman')
    cd /Users/arw/Documents/Aman
    

SwiftCompile normal x86_64 Compiling\ AutomaticSoftwareUpdateCheck.swift,\ BackupAutomaticallyEnabledCheck.swift,\ BluetoothMenuIconVisibleCheck.swift,\ BluetoothSharingDisabledCheck.swift,\ BluetoothSharingGranularCheck.swift,\ BonjourCheck.swift,\ BridgeOSCompanionUpdateCheck.swift,\ CertificateTrustCheck.swift,\ CheckAuditDisEnabled.swift /Users/arw/Documents/Aman/Modules/AutomaticSoftwareUpdateCheck.swift /Users/arw/Documents/Aman/Modules/BackupAutomaticallyEnabledCheck.swift /Users/arw/Documents/Aman/Modules/BluetoothMenuIconVisibleCheck.swift /Users/arw/Documents/Aman/Modules/BluetoothSharingDisabledCheck.swift /Users/arw/Documents/Aman/Modules/BluetoothSharingGranularCheck.swift /Users/arw/Documents/Aman/Modules/BonjourCheck.swift /Users/arw/Documents/Aman/Modules/BridgeOSCompanionUpdateCheck.swift /Users/arw/Documents/Aman/Modules/CertificateTrustCheck.swift /Users/arw/Documents/Aman/Modules/CheckAuditDisEnabled.swift (in target 'Aman' from project 'Aman')

SwiftCompile normal x86_64 /Users/arw/Documents/Aman/Modules/AutomaticSoftwareUpdateCheck.swift (in target 'Aman' from project 'Aman')
    cd /Users/arw/Documents/Aman
    

SwiftCompile normal x86_64 /Users/arw/Documents/Aman/Modules/BackupAutomaticallyEnabledCheck.swift (in target 'Aman' from project 'Aman')
    cd /Users/arw/Documents/Aman
    

SwiftCompile normal x86_64 /Users/arw/Documents/Aman/Modules/BluetoothMenuIconVisibleCheck.swift (in target 'Aman' from project 'Aman')
    cd /Users/arw/Documents/Aman
    

SwiftCompile normal x86_64 /Users/arw/Documents/Aman/Modules/BluetoothSharingDisabledCheck.swift (in target 'Aman' from project 'Aman')
    cd /Users/arw/Documents/Aman
    

SwiftCompile normal x86_64 /Users/arw/Documents/Aman/Modules/BluetoothSharingGranularCheck.swift (in target 'Aman' from project 'Aman')
    cd /Users/arw/Documents/Aman
    

SwiftCompile normal x86_64 /Users/arw/Documents/Aman/Modules/BonjourCheck.swift (in target 'Aman' from project 'Aman')
    cd /Users/arw/Documents/Aman
    

SwiftCompile normal x86_64 /Users/arw/Documents/Aman/Modules/BridgeOSCompanionUpdateCheck.swift (in target 'Aman' from project 'Aman')
    cd /Users/arw/Documents/Aman
    

SwiftCompile normal x86_64 /Users/arw/Documents/Aman/Modules/CertificateTrustCheck.swift (in target 'Aman' from project 'Aman')
    cd /Users/arw/Documents/Aman
    

SwiftCompile normal x86_64 /Users/arw/Documents/Aman/Modules/CheckAuditDisEnabled.swift (in target 'Aman' from project 'Aman')
    cd /Users/arw/Documents/Aman
    

SwiftCompile normal x86_64 Compiling\ EfiCheck.swift,\ ExternalIntelligenceDisableCheck.swift,\ ExternalIntelligenceSignInDisableCheck.swift,\ FileExtentionCheck.swift,\ FileSharingCheck.swift,\ FileVaultCheck.swift,\ FirewallCheck.swift,\ FirewallStealthModeCheck.swift,\ FirmwareSecurityCheck.swift /Users/arw/Documents/Aman/Modules/EfiCheck.swift /Users/arw/Documents/Aman/Modules/ExternalIntelligenceDisableCheck.swift /Users/arw/Documents/Aman/Modules/ExternalIntelligenceSignInDisableCheck.swift /Users/arw/Documents/Aman/Modules/FileExtentionCheck.swift /Users/arw/Documents/Aman/Modules/FileSharingCheck.swift /Users/arw/Documents/Aman/Modules/FileVaultCheck.swift /Users/arw/Documents/Aman/Modules/FirewallCheck.swift /Users/arw/Documents/Aman/Modules/FirewallStealthModeCheck.swift /Users/arw/Documents/Aman/Modules/FirmwareSecurityCheck.swift (in target 'Aman' from project 'Aman')

SwiftCompile normal x86_64 /Users/arw/Documents/Aman/Modules/EfiCheck.swift (in target 'Aman' from project 'Aman')
    cd /Users/arw/Documents/Aman
    

SwiftCompile normal x86_64 /Users/arw/Documents/Aman/Modules/ExternalIntelligenceDisableCheck.swift (in target 'Aman' from project 'Aman')
    cd /Users/arw/Documents/Aman
    

SwiftCompile normal x86_64 /Users/arw/Documents/Aman/Modules/ExternalIntelligenceSignInDisableCheck.swift (in target 'Aman' from project 'Aman')
    cd /Users/arw/Documents/Aman
    

SwiftCompile normal x86_64 /Users/arw/Documents/Aman/Modules/FileExtentionCheck.swift (in target 'Aman' from project 'Aman')
    cd /Users/arw/Documents/Aman
    

SwiftCompile normal x86_64 /Users/arw/Documents/Aman/Modules/FileSharingCheck.swift (in target 'Aman' from project 'Aman')
    cd /Users/arw/Documents/Aman
    

SwiftCompile normal x86_64 /Users/arw/Documents/Aman/Modules/FileVaultCheck.swift (in target 'Aman' from project 'Aman')
    cd /Users/arw/Documents/Aman
    

SwiftCompile normal x86_64 /Users/arw/Documents/Aman/Modules/FirewallCheck.swift (in target 'Aman' from project 'Aman')
    cd /Users/arw/Documents/Aman
    

SwiftCompile normal x86_64 /Users/arw/Documents/Aman/Modules/FirewallStealthModeCheck.swift (in target 'Aman' from project 'Aman')
    cd /Users/arw/Documents/Aman
    

SwiftCompile normal x86_64 /Users/arw/Documents/Aman/Modules/FirmwareSecurityCheck.swift (in target 'Aman' from project 'Aman')
    cd /Users/arw/Documents/Aman
    

SwiftCompile normal x86_64 Compiling\ AboutView.swift,\ SystemCheck.swift,\ ContentView.swift,\ AmanApp.swift,\ AuditCoordinator.swift,\ TTLCache.swift,\ AuditSidebarView.swift,\ FindingListView.swift,\ RemediationCatalog.swift /Users/arw/Documents/Aman/view/AboutView.swift /Users/arw/Documents/Aman/Engine/SystemCheck.swift /Users/arw/Documents/Aman/ContentView.swift /Users/arw/Documents/Aman/AmanApp.swift /Users/arw/Documents/Aman/Engine/AuditCoordinator.swift /Users/arw/Documents/Aman/view/TTLCache.swift /Users/arw/Documents/Aman/view/AuditSidebarView.swift /Users/arw/Documents/Aman/view/FindingListView.swift /Users/arw/Documents/Aman/Engine/RemediationCatalog.swift (in target 'Aman' from project 'Aman')

SwiftCompile normal x86_64 /Users/arw/Documents/Aman/view/AboutView.swift (in target 'Aman' from project 'Aman')
    cd /Users/arw/Documents/Aman
    

SwiftCompile normal x86_64 /Users/arw/Documents/Aman/Engine/SystemCheck.swift (in target 'Aman' from project 'Aman')
    cd /Users/arw/Documents/Aman
    

SwiftCompile normal x86_64 /Users/arw/Documents/Aman/ContentView.swift (in target 'Aman' from project 'Aman')
    cd /Users/arw/Documents/Aman
    

SwiftCompile normal x86_64 /Users/arw/Documents/Aman/AmanApp.swift (in target 'Aman' from project 'Aman')
    cd /Users/arw/Documents/Aman
    

SwiftCompile normal x86_64 /Users/arw/Documents/Aman/Engine/AuditCoordinator.swift (in target 'Aman' from project 'Aman')
    cd /Users/arw/Documents/Aman
    

SwiftCompile normal x86_64 /Users/arw/Documents/Aman/view/TTLCache.swift (in target 'Aman' from project 'Aman')
    cd /Users/arw/Documents/Aman
    

SwiftCompile normal x86_64 /Users/arw/Documents/Aman/view/AuditSidebarView.swift (in target 'Aman' from project 'Aman')
    cd /Users/arw/Documents/Aman
    

SwiftCompile normal x86_64 /Users/arw/Documents/Aman/view/FindingListView.swift (in target 'Aman' from project 'Aman')
    cd /Users/arw/Documents/Aman
    

SwiftCompile normal x86_64 /Users/arw/Documents/Aman/Engine/RemediationCatalog.swift (in target 'Aman' from project 'Aman')
    cd /Users/arw/Documents/Aman
    

SwiftCompile normal x86_64 Compiling\ SecureTokenStatusCheck.swift,\ SecurityUpdateCheck.swift,\ SensitiveLogAuditingCheck.swift,\ SetTimeAndDateAutomaticallyEnabledCheck.swift,\ SIPCheck.swift,\ SiriStatusCheck.swift,\ SlowModule.swift,\ SmartcardAllowCheck.swift,\ SmartcardEnforcementCheck.swift /Users/arw/Documents/Aman/Modules/SecureTokenStatusCheck.swift /Users/arw/Documents/Aman/Modules/SecurityUpdateCheck.swift /Users/arw/Documents/Aman/Modules/SensitiveLogAuditingCheck.swift /Users/arw/Documents/Aman/Modules/SetTimeAndDateAutomaticallyEnabledCheck.swift /Users/arw/Documents/Aman/Modules/SIPCheck.swift /Users/arw/Documents/Aman/Modules/SiriStatusCheck.swift /Users/arw/Documents/Aman/Modules/SlowModule.swift /Users/arw/Documents/Aman/Modules/SmartcardAllowCheck.swift /Users/arw/Documents/Aman/Modules/SmartcardEnforcementCheck.swift (in target 'Aman' from project 'Aman')

SwiftCompile normal x86_64 /Users/arw/Documents/Aman/Modules/SecureTokenStatusCheck.swift (in target 'Aman' from project 'Aman')
    cd /Users/arw/Documents/Aman
    

SwiftCompile normal x86_64 /Users/arw/Documents/Aman/Modules/SecurityUpdateCheck.swift (in target 'Aman' from project 'Aman')
    cd /Users/arw/Documents/Aman
    

SwiftCompile normal x86_64 /Users/arw/Documents/Aman/Modules/SensitiveLogAuditingCheck.swift (in target 'Aman' from project 'Aman')
    cd /Users/arw/Documents/Aman
    

SwiftCompile normal x86_64 /Users/arw/Documents/Aman/Modules/SetTimeAndDateAutomaticallyEnabledCheck.swift (in target 'Aman' from project 'Aman')
    cd /Users/arw/Documents/Aman
    

SwiftCompile normal x86_64 /Users/arw/Documents/Aman/Modules/SIPCheck.swift (in target 'Aman' from project 'Aman')
    cd /Users/arw/Documents/Aman
    

SwiftCompile normal x86_64 /Users/arw/Documents/Aman/Modules/SiriStatusCheck.swift (in target 'Aman' from project 'Aman')
    cd /Users/arw/Documents/Aman
    

SwiftCompile normal x86_64 /Users/arw/Documents/Aman/Modules/SlowModule.swift (in target 'Aman' from project 'Aman')
    cd /Users/arw/Documents/Aman
    

SwiftCompile normal x86_64 /Users/arw/Documents/Aman/Modules/SmartcardAllowCheck.swift (in target 'Aman' from project 'Aman')
    cd /Users/arw/Documents/Aman
    

SwiftCompile normal x86_64 /Users/arw/Documents/Aman/Modules/SmartcardEnforcementCheck.swift (in target 'Aman' from project 'Aman')
    cd /Users/arw/Documents/Aman
    

SwiftDriverJobDiscovery normal x86_64 Compiling PrinterSharingDisabledCheck.swift, RapidSecurityResponseCheck.swift, RemoteLoginDisabledCheck.swift, RemoteManagementCheck.swift, SafariInternetPluginCheck.swift, SafariSafeFileChecks.swift, ScreenSaverIntervalCheck.swift, ScreenSharingDisabledCheck.swift, SecureKernelExtensionLoadingCheck.swift (in target 'Aman' from project 'Aman')

SwiftDriverJobDiscovery normal x86_64 Compiling EfiCheck.swift, ExternalIntelligenceDisableCheck.swift, ExternalIntelligenceSignInDisableCheck.swift, FileExtentionCheck.swift, FileSharingCheck.swift, FileVaultCheck.swift, FirewallCheck.swift, FirewallStealthModeCheck.swift, FirmwareSecurityCheck.swift (in target 'Aman' from project 'Aman')

SwiftDriverJobDiscovery normal x86_64 Compiling AirDropDisabledCheck.swift, AirDropInterfacePolicyCheck.swift, AirPlayReceiverDisabledCheck.swift, AirPlayServiceCheck.swift, ApacheHTTPCheck.swift, AppleSoftwareUpdateCheck.swift, AppSandboxCheck.swift, AppStoreUpdateCheck.swift, AppTrackingTransparencyCheck.swift (in target 'Aman' from project 'Aman')

SwiftDriverJobDiscovery normal x86_64 Compiling GatekeeperAutoUpdateCheck.swift, GatekeeperBypassCheck.swift, GuestConnectCheck.swift, GuestLoginCheck.swift, HotCornersDisabledCheck.swift, IcloudEnabled.swift, InternetSharingDisabledCheck.swift, IntranetSecurityPortScanCheck.swift, Java6Check.swift (in target 'Aman' from project 'Aman')

SwiftDriverJobDiscovery normal x86_64 Compiling SoftwareUpdateDeferralCheck.swift, SshConfigHardeningCheck.swift, SshEnableCheck.swift, TemporaryGuestSessionCheck.swift, TimeMachineVolumesEncryptedCheck.swift, TimeWithinLimitsCheck.swift, UniversalControlCheck.swift, WakeForNetworkAccessCheck.swift, WifiMenuIconVisibleCheck.swift (in target 'Aman' from project 'Aman')

SwiftDriverJobDiscovery normal x86_64 Compiling AutomaticSoftwareUpdateCheck.swift, BackupAutomaticallyEnabledCheck.swift, BluetoothMenuIconVisibleCheck.swift, BluetoothSharingDisabledCheck.swift, BluetoothSharingGranularCheck.swift, BonjourCheck.swift, BridgeOSCompanionUpdateCheck.swift, CertificateTrustCheck.swift, CheckAuditDisEnabled.swift (in target 'Aman' from project 'Aman')

SwiftDriverJobDiscovery normal x86_64 Compiling LocationServicesCheck.swift, LocationServicesMenuIconCheck.swift, LockdownModeCheck.swift, LoginWindowPolicyCheck.swift, NfsServerCheck.swift, PamSudoSmartcardEnforceCheck.swift, PamSuSmartcardEnforceCheck.swift, PortListeningInventoryCheck.swift, PortScannerCheck.swift (in target 'Aman' from project 'Aman')

SwiftDriverJobDiscovery normal x86_64 Compiling CheckMediaSharingDisabled.swift, CheckTimeMachineEnabled.swift, ContentCachingDisabledCheck.swift, ContinuityFeaturesCheck.swift, Crashtest.swift, CredentialFlowsCheck.swift, CriticalUpdateInstallCheck.swift, DiagnosticDataCheck.swift, DVDOrCDSharingDisabledCheck.swift (in target 'Aman' from project 'Aman')

SwiftDriverJobDiscovery normal x86_64 Emitting module for Aman (in target 'Aman' from project 'Aman')

SwiftDriver\ Compilation\ Requirements Aman normal x86_64 com.apple.xcode.tools.swift.compiler (in target 'Aman' from project 'Aman')
    cd /Users/arw/Documents/Aman
    builtin-Swift-Compilation-Requirements -- /Applications/Xcode.app/Contents/Developer/Toolchains/XcodeDefault.xctoolchain/usr/bin/swiftc -module-name Aman -Onone -enforce-exclusivity\=checked @/Users/arw/Library/Developer/Xcode/DerivedData/Aman-erpipkrcsogxsvdbxslkqytdshgb/Build/Intermediates.noindex/Aman.build/Debug/Aman.build/Objects-normal/x86_64/Aman.SwiftFileList -DDEBUG -enable-bare-slash-regex -enable-experimental-feature DebugDescriptionMacro -sdk /Applications/Xcode.app/Contents/Developer/Platforms/MacOSX.platform/Developer/SDKs/MacOSX26.0.sdk -target x86_64-apple-macos26.0 -g -module-cache-path /Users/arw/Library/Developer/Xcode/DerivedData/ModuleCache.noindex -Xfrontend -serialize-debugging-options -enable-testing -index-store-path /Users/arw/Library/Developer/Xcode/DerivedData/Aman-erpipkrcsogxsvdbxslkqytdshgb/Index.noindex/DataStore -Xcc -D_LIBCPP_HARDENING_MODE\=_LIBCPP_HARDENING_MODE_DEBUG -swift-version 5 -I /Users/arw/Library/Developer/Xcode/DerivedData/Aman-erpipkrcsogxsvdbxslkqytdshgb/Build/Products/Debug -F /Users/arw/Library/Developer/Xcode/DerivedData/Aman-erpipkrcsogxsvdbxslkqytdshgb/Build/Products/Debug -emit-localized-strings -emit-localized-strings-path /Users/arw/Library/Developer/Xcode/DerivedData/Aman-erpipkrcsogxsvdbxslkqytdshgb/Build/Intermediates.noindex/Aman.build/Debug/Aman.build/Objects-normal/x86_64 -c -j16 -enable-batch-mode -incremental -Xcc -ivfsstatcache -Xcc /Users/arw/Library/Developer/Xcode/DerivedData/SDKStatCaches.noindex/macosx26.0-25A352-28806144b0707e398aac92880fa50324.sdkstatcache -output-file-map /Users/arw/Library/Developer/Xcode/DerivedData/Aman-erpipkrcsogxsvdbxslkqytdshgb/Build/Intermediates.noindex/Aman.build/Debug/Aman.build/Objects-normal/x86_64/Aman-OutputFileMap.json -use-frontend-parseable-output -save-temps -no-color-diagnostics -explicit-module-build -module-cache-path /Users/arw/Library/Developer/Xcode/DerivedData/Aman-erpipkrcsogxsvdbxslkqytdshgb/Build/Intermediates.noindex/SwiftExplicitPrecompiledModules -clang-scanner-module-cache-path /Users/arw/Library/Developer/Xcode/DerivedData/ModuleCache.noindex -sdk-module-cache-path /Users/arw/Library/Developer/Xcode/DerivedData/ModuleCache.noindex -serialize-diagnostics -emit-dependencies -emit-module -emit-module-path /Users/arw/Library/Developer/Xcode/DerivedData/Aman-erpipkrcsogxsvdbxslkqytdshgb/Build/Intermediates.noindex/Aman.build/Debug/Aman.build/Objects-normal/x86_64/Aman.swiftmodule -validate-clang-modules-once -clang-build-session-file /Users/arw/Library/Developer/Xcode/DerivedData/ModuleCache.noindex/Session.modulevalidation -Xcc -I/Users/arw/Library/Developer/Xcode/DerivedData/Aman-erpipkrcsogxsvdbxslkqytdshgb/Build/Intermediates.noindex/Aman.build/Debug/Aman.build/swift-overrides.hmap -emit-const-values -Xfrontend -const-gather-protocols-file -Xfrontend /Users/arw/Library/Developer/Xcode/DerivedData/Aman-erpipkrcsogxsvdbxslkqytdshgb/Build/Intermediates.noindex/Aman.build/Debug/Aman.build/Objects-normal/x86_64/Aman_const_extract_protocols.json -Xcc -iquote -Xcc /Users/arw/Library/Developer/Xcode/DerivedData/Aman-erpipkrcsogxsvdbxslkqytdshgb/Build/Intermediates.noindex/Aman.build/Debug/Aman.build/Aman-generated-files.hmap -Xcc -I/Users/arw/Library/Developer/Xcode/DerivedData/Aman-erpipkrcsogxsvdbxslkqytdshgb/Build/Intermediates.noindex/Aman.build/Debug/Aman.build/Aman-own-target-headers.hmap -Xcc -I/Users/arw/Library/Developer/Xcode/DerivedData/Aman-erpipkrcsogxsvdbxslkqytdshgb/Build/Intermediates.noindex/Aman.build/Debug/Aman.build/Aman-all-target-headers.hmap -Xcc -iquote -Xcc /Users/arw/Library/Developer/Xcode/DerivedData/Aman-erpipkrcsogxsvdbxslkqytdshgb/Build/Intermediates.noindex/Aman.build/Debug/Aman.build/Aman-project-headers.hmap -Xcc -I/Users/arw/Library/Developer/Xcode/DerivedData/Aman-erpipkrcsogxsvdbxslkqytdshgb/Build/Products/Debug/include -Xcc -I/Users/arw/Documents/Aman/Engine/Utilities/WhirlpoolC/include -Xcc -I/Users/arw/Library/Developer/Xcode/DerivedData/Aman-erpipkrcsogxsvdbxslkqytdshgb/Build/Intermediates.noindex/Aman.build/Debug/Aman.build/DerivedSources-normal/x86_64 -Xcc -I/Users/arw/Library/Developer/Xcode/DerivedData/Aman-erpipkrcsogxsvdbxslkqytdshgb/Build/Intermediates.noindex/Aman.build/Debug/Aman.build/DerivedSources/x86_64 -Xcc -I/Users/arw/Library/Developer/Xcode/DerivedData/Aman-erpipkrcsogxsvdbxslkqytdshgb/Build/Intermediates.noindex/Aman.build/Debug/Aman.build/DerivedSources -Xcc -DDEBUG\=1 -emit-objc-header -emit-objc-header-path /Users/arw/Library/Developer/Xcode/DerivedData/Aman-erpipkrcsogxsvdbxslkqytdshgb/Build/Intermediates.noindex/Aman.build/Debug/Aman.build/Objects-normal/x86_64/Aman-Swift.h -import-objc-header /Users/arw/Documents/Aman/Support/Aman-Bridging-Header.h -working-directory /Users/arw/Documents/Aman -experimental-emit-module-separately -disable-cmo

SwiftDriverJobDiscovery normal x86_64 Compiling SecureTokenStatusCheck.swift, SecurityUpdateCheck.swift, SensitiveLogAuditingCheck.swift, SetTimeAndDateAutomaticallyEnabledCheck.swift, SIPCheck.swift, SiriStatusCheck.swift, SlowModule.swift, SmartcardAllowCheck.swift, SmartcardEnforcementCheck.swift (in target 'Aman' from project 'Aman')

Copy /Users/arw/Library/Developer/Xcode/DerivedData/Aman-erpipkrcsogxsvdbxslkqytdshgb/Build/Products/Debug/Aman.swiftmodule/x86_64-apple-macos.swiftmodule /Users/arw/Library/Developer/Xcode/DerivedData/Aman-erpipkrcsogxsvdbxslkqytdshgb/Build/Intermediates.noindex/Aman.build/Debug/Aman.build/Objects-normal/x86_64/Aman.swiftmodule (in target 'Aman' from project 'Aman')
    cd /Users/arw/Documents/Aman
    builtin-copy -exclude .DS_Store -exclude CVS -exclude .svn -exclude .git -exclude .hg -resolve-src-symlinks -rename /Users/arw/Library/Developer/Xcode/DerivedData/Aman-erpipkrcsogxsvdbxslkqytdshgb/Build/Intermediates.noindex/Aman.build/Debug/Aman.build/Objects-normal/x86_64/Aman.swiftmodule /Users/arw/Library/Developer/Xcode/DerivedData/Aman-erpipkrcsogxsvdbxslkqytdshgb/Build/Products/Debug/Aman.swiftmodule/x86_64-apple-macos.swiftmodule

Copy /Users/arw/Library/Developer/Xcode/DerivedData/Aman-erpipkrcsogxsvdbxslkqytdshgb/Build/Products/Debug/Aman.swiftmodule/x86_64-apple-macos.abi.json /Users/arw/Library/Developer/Xcode/DerivedData/Aman-erpipkrcsogxsvdbxslkqytdshgb/Build/Intermediates.noindex/Aman.build/Debug/Aman.build/Objects-normal/x86_64/Aman.abi.json (in target 'Aman' from project 'Aman')
    cd /Users/arw/Documents/Aman
    builtin-copy -exclude .DS_Store -exclude CVS -exclude .svn -exclude .git -exclude .hg -resolve-src-symlinks -rename /Users/arw/Library/Developer/Xcode/DerivedData/Aman-erpipkrcsogxsvdbxslkqytdshgb/Build/Intermediates.noindex/Aman.build/Debug/Aman.build/Objects-normal/x86_64/Aman.abi.json /Users/arw/Library/Developer/Xcode/DerivedData/Aman-erpipkrcsogxsvdbxslkqytdshgb/Build/Products/Debug/Aman.swiftmodule/x86_64-apple-macos.abi.json

Copy /Users/arw/Library/Developer/Xcode/DerivedData/Aman-erpipkrcsogxsvdbxslkqytdshgb/Build/Products/Debug/Aman.swiftmodule/Project/x86_64-apple-macos.swiftsourceinfo /Users/arw/Library/Developer/Xcode/DerivedData/Aman-erpipkrcsogxsvdbxslkqytdshgb/Build/Intermediates.noindex/Aman.build/Debug/Aman.build/Objects-normal/x86_64/Aman.swiftsourceinfo (in target 'Aman' from project 'Aman')
    cd /Users/arw/Documents/Aman
    builtin-copy -exclude .DS_Store -exclude CVS -exclude .svn -exclude .git -exclude .hg -resolve-src-symlinks -rename /Users/arw/Library/Developer/Xcode/DerivedData/Aman-erpipkrcsogxsvdbxslkqytdshgb/Build/Intermediates.noindex/Aman.build/Debug/Aman.build/Objects-normal/x86_64/Aman.swiftsourceinfo /Users/arw/Library/Developer/Xcode/DerivedData/Aman-erpipkrcsogxsvdbxslkqytdshgb/Build/Products/Debug/Aman.swiftmodule/Project/x86_64-apple-macos.swiftsourceinfo

CompileC /Users/arw/Library/Developer/Xcode/DerivedData/Aman-erpipkrcsogxsvdbxslkqytdshgb/Build/Intermediates.noindex/Aman.build/Debug/Aman.build/Objects-normal/x86_64/Whirlpool-26d6ccd2ed455995b650192572538709.o /Users/arw/Documents/Aman/Engine/Utilities/WhirlpoolC/Whirlpool.c normal x86_64 c com.apple.compilers.llvm.clang.1_0.compiler (in target 'Aman' from project 'Aman')
    cd /Users/arw/Documents/Aman
    
    Using response file: /Users/arw/Library/Developer/Xcode/DerivedData/Aman-erpipkrcsogxsvdbxslkqytdshgb/Build/Intermediates.noindex/Aman.build/Debug/Aman.build/Objects-normal/x86_64/7187679823f38a2a940e0043cdf9d637-common-args.resp
    
    /Applications/Xcode.app/Contents/Developer/Toolchains/XcodeDefault.xctoolchain/usr/bin/clang -x c -ivfsstatcache /Users/arw/Library/Developer/Xcode/DerivedData/SDKStatCaches.noindex/macosx26.0-25A352-28806144b0707e398aac92880fa50324.sdkstatcache -fmessage-length\=0 -fdiagnostics-show-note-include-stack -fmacro-backtrace-limit\=0 -fno-color-diagnostics -fmodules-prune-interval\=86400 -fmodules-prune-after\=345600 -fbuild-session-file\=/Users/arw/Library/Developer/Xcode/DerivedData/ModuleCache.noindex/Session.modulevalidation -fmodules-validate-once-per-build-session -Wnon-modular-include-in-framework-module -Werror\=non-modular-include-in-framework-module -Wno-trigraphs -Wno-missing-field-initializers -Wno-missing-prototypes -Werror\=return-type -Wdocumentation -Wunreachable-code -Wquoted-include-in-framework-header -Werror\=deprecated-objc-isa-usage -Werror\=objc-root-class -Wno-missing-braces -Wparentheses -Wswitch -Wunused-function -Wno-unused-label -Wno-unused-parameter -Wunused-variable -Wunused-value -Wempty-body -Wuninitialized -Wconditional-uninitialized -Wno-unknown-pragmas -Wno-shadow -Wno-four-char-constants -Wno-conversion -Wconstant-conversion -Wint-conversion -Wbool-conversion -Wenum-conversion -Wno-float-conversion -Wnon-literal-null-conversion -Wobjc-literal-conversion -Wshorten-64-to-32 -Wpointer-sign -Wno-newline-eof -Wno-implicit-fallthrough -fstrict-aliasing -Wdeprecated-declarations -Wno-sign-conversion -Winfinite-recursion -Wcomma -Wblock-capture-autoreleasing -Wstrict-prototypes -Wno-semicolon-before-method-body -Wunguarded-availability -index-store-path /Users/arw/Library/Developer/Xcode/DerivedData/Aman-erpipkrcsogxsvdbxslkqytdshgb/Index.noindex/DataStore @/Users/arw/Library/Developer/Xcode/DerivedData/Aman-erpipkrcsogxsvdbxslkqytdshgb/Build/Intermediates.noindex/Aman.build/Debug/Aman.build/Objects-normal/x86_64/7187679823f38a2a940e0043cdf9d637-common-args.resp -MMD -MT dependencies -MF /Users/arw/Library/Developer/Xcode/DerivedData/Aman-erpipkrcsogxsvdbxslkqytdshgb/Build/Intermediates.noindex/Aman.build/Debug/Aman.build/Objects-normal/x86_64/Whirlpool-26d6ccd2ed455995b650192572538709.d --serialize-diagnostics /Users/arw/Library/Developer/Xcode/DerivedData/Aman-erpipkrcsogxsvdbxslkqytdshgb/Build/Intermediates.noindex/Aman.build/Debug/Aman.build/Objects-normal/x86_64/Whirlpool-26d6ccd2ed455995b650192572538709.dia -c /Users/arw/Documents/Aman/Engine/Utilities/WhirlpoolC/Whirlpool.c -o /Users/arw/Library/Developer/Xcode/DerivedData/Aman-erpipkrcsogxsvdbxslkqytdshgb/Build/Intermediates.noindex/Aman.build/Debug/Aman.build/Objects-normal/x86_64/Whirlpool-26d6ccd2ed455995b650192572538709.o -index-unit-output-path /Aman.build/Debug/Aman.build/Objects-normal/x86_64/Whirlpool-26d6ccd2ed455995b650192572538709.o

SwiftDriverJobDiscovery normal x86_64 Compiling TheOutput.swift, NetworkProfileView.swift, Duplex.swift, KeyedDuplex.swift, Common.swift, EndianBytesConvertible.swift, BigEndianBytesCollection.swift, FixedWidthInteger+EBC.swift, LittleEndianBytesCollection.swift (in target 'Aman' from project 'Aman')

SwiftCompile normal x86_64 Compiling\ PasswordSimpleSequenceRestrictionCheck.swift /Users/arw/Documents/Aman/Modules/PasswordSimpleSequenceRestrictionCheck.swift (in target 'Aman' from project 'Aman')

SwiftCompile normal x86_64 /Users/arw/Documents/Aman/Modules/PasswordSimpleSequenceRestrictionCheck.swift (in target 'Aman' from project 'Aman')
    cd /Users/arw/Documents/Aman
    

SwiftCompile normal x86_64 Compiling\ PersonalizedAds.swift /Users/arw/Documents/Aman/Modules/PersonalizedAds.swift (in target 'Aman' from project 'Aman')

SwiftCompile normal x86_64 /Users/arw/Documents/Aman/Modules/PersonalizedAds.swift (in target 'Aman' from project 'Aman')
    cd /Users/arw/Documents/Aman
    

SwiftCompile normal x86_64 Compiling\ PasswordPolicyInspector.swift /Users/arw/Documents/Aman/Modules/PasswordPolicyInspector.swift (in target 'Aman' from project 'Aman')

SwiftCompile normal x86_64 /Users/arw/Documents/Aman/Modules/PasswordPolicyInspector.swift (in target 'Aman' from project 'Aman')
    cd /Users/arw/Documents/Aman
    

SwiftCompile normal x86_64 Compiling\ PasswordSpecialCharacterRequirementCheck.swift /Users/arw/Documents/Aman/Modules/PasswordSpecialCharacterRequirementCheck.swift (in target 'Aman' from project 'Aman')

SwiftCompile normal x86_64 /Users/arw/Documents/Aman/Modules/PasswordSpecialCharacterRequirementCheck.swift (in target 'Aman' from project 'Aman')
    cd /Users/arw/Documents/Aman
    

SwiftCompile normal x86_64 Compiling\ PasswordPolicyCheck.swift /Users/arw/Documents/Aman/Modules/PasswordPolicyCheck.swift (in target 'Aman' from project 'Aman')

SwiftCompile normal x86_64 /Users/arw/Documents/Aman/Modules/PasswordPolicyCheck.swift (in target 'Aman' from project 'Aman')
    cd /Users/arw/Documents/Aman
    

SwiftCompile normal x86_64 Compiling\ PasswordOnWakeCheck.swift /Users/arw/Documents/Aman/Modules/PasswordOnWakeCheck.swift (in target 'Aman' from project 'Aman')

SwiftCompile normal x86_64 /Users/arw/Documents/Aman/Modules/PasswordOnWakeCheck.swift (in target 'Aman' from project 'Aman')
    cd /Users/arw/Documents/Aman
    

SwiftCompile normal x86_64 Compiling\ PasswordHintsCheck.swift /Users/arw/Documents/Aman/Modules/PasswordHintsCheck.swift (in target 'Aman' from project 'Aman')

SwiftCompile normal x86_64 /Users/arw/Documents/Aman/Modules/PasswordHintsCheck.swift (in target 'Aman' from project 'Aman')
    cd /Users/arw/Documents/Aman
    

SwiftCompile normal x86_64 Compiling\ PasswordCustomRegexRequirementCheck.swift /Users/arw/Documents/Aman/Modules/PasswordCustomRegexRequirementCheck.swift (in target 'Aman' from project 'Aman')

SwiftCompile normal x86_64 /Users/arw/Documents/Aman/Modules/PasswordCustomRegexRequirementCheck.swift (in target 'Aman' from project 'Aman')
    cd /Users/arw/Documents/Aman
    

SwiftCompile normal x86_64 Compiling\ PasswordAlphanumericRequirementCheck.swift /Users/arw/Documents/Aman/Modules/PasswordAlphanumericRequirementCheck.swift (in target 'Aman' from project 'Aman')

SwiftCompile normal x86_64 /Users/arw/Documents/Aman/Modules/PasswordAlphanumericRequirementCheck.swift (in target 'Aman' from project 'Aman')
    cd /Users/arw/Documents/Aman
    

SwiftDriverJobDiscovery normal x86_64 Compiling PasswordCustomRegexRequirementCheck.swift (in target 'Aman' from project 'Aman')

SwiftDriverJobDiscovery normal x86_64 Compiling PersonalizedAds.swift (in target 'Aman' from project 'Aman')

SwiftDriverJobDiscovery normal x86_64 Compiling PasswordAlphanumericRequirementCheck.swift (in target 'Aman' from project 'Aman')

SwiftDriverJobDiscovery normal x86_64 Compiling PasswordOnWakeCheck.swift (in target 'Aman' from project 'Aman')

SwiftDriverJobDiscovery normal x86_64 Compiling PasswordPolicyInspector.swift (in target 'Aman' from project 'Aman')

SwiftDriverJobDiscovery normal x86_64 Compiling PasswordPolicyCheck.swift (in target 'Aman' from project 'Aman')

SwiftDriverJobDiscovery normal x86_64 Compiling PasswordSimpleSequenceRestrictionCheck.swift (in target 'Aman' from project 'Aman')

SwiftDriverJobDiscovery normal x86_64 Compiling PasswordSpecialCharacterRequirementCheck.swift (in target 'Aman' from project 'Aman')

SwiftDriverJobDiscovery normal x86_64 Compiling PasswordHintsCheck.swift (in target 'Aman' from project 'Aman')

SwiftDriverJobDiscovery normal x86_64 Compiling AuditFinding.swift, AuditDomain.swift, EnrichmentService.swift, ShellCommandRunner.swift, IntranetSecurityScanner.swift, IntranetConsentStore.swift, InternetSecurityToolkit.swift, NetworkSecurityViewModel.swift, AdminPasswordForSecureSettingsCheck.swift (in target 'Aman' from project 'Aman')

SwiftDriverJobDiscovery normal x86_64 Compiling CertificateLookupView.swift, CertificateLookupDetailView.swift, HashGeneratorViewModel.swift, HashGeneratorView.swift, CommonSIMD.swift, BigEndianBytesCollectionSIMD.swift, LittleEndianBytesCollectionSIMD.swift, BLAKE3.swift, ChunkState.swift (in target 'Aman' from project 'Aman')

SwiftDriverJobDiscovery normal x86_64 Compiling PcapCaptureController.swift, PcapPacket.swift, LandingSelectorView.swift, NetworkProfileDetailView.swift, WindowManager.swift, FindingDetailView.swift, LandingView.swift, GeneratedAssetSymbols.swift (in target 'Aman' from project 'Aman')

SwiftDriverJobDiscovery normal x86_64 Compiling SIMD+EBC.swift, Whirlpool.swift, NetworkAnalyzerModels.swift, NetworkAnalyzerViewModel.swift, NetworkAnalyzerView.swift, NetworkAnalyzerDetailView.swift, PacketListView.swift, PythonProcessRunner.swift (in target 'Aman' from project 'Aman')

SwiftDriverJobDiscovery normal x86_64 Compiling AboutView.swift, SystemCheck.swift, ContentView.swift, AmanApp.swift, AuditCoordinator.swift, TTLCache.swift, AuditSidebarView.swift, FindingListView.swift, RemediationCatalog.swift (in target 'Aman' from project 'Aman')

SwiftDriverJobDiscovery normal x86_64 Compiling XProtectAndMRTCheck.swift, XProtectStatusCheck.swift, NetworkSecurityView.swift, InternetSecurityToolkitView.swift, NetworkProfileViewModel.swift, NetworkInfoService.swift, HashGeneratorDetailView.swift, CRTShClient.swift, CertificateLookupViewModel.swift (in target 'Aman' from project 'Aman')

SwiftDriver\ Compilation Aman normal x86_64 com.apple.xcode.tools.swift.compiler (in target 'Aman' from project 'Aman')
    cd /Users/arw/Documents/Aman
    builtin-Swift-Compilation -- /Applications/Xcode.app/Contents/Developer/Toolchains/XcodeDefault.xctoolchain/usr/bin/swiftc -module-name Aman -Onone -enforce-exclusivity\=checked @/Users/arw/Library/Developer/Xcode/DerivedData/Aman-erpipkrcsogxsvdbxslkqytdshgb/Build/Intermediates.noindex/Aman.build/Debug/Aman.build/Objects-normal/x86_64/Aman.SwiftFileList -DDEBUG -enable-bare-slash-regex -enable-experimental-feature DebugDescriptionMacro -sdk /Applications/Xcode.app/Contents/Developer/Platforms/MacOSX.platform/Developer/SDKs/MacOSX26.0.sdk -target x86_64-apple-macos26.0 -g -module-cache-path /Users/arw/Library/Developer/Xcode/DerivedData/ModuleCache.noindex -Xfrontend -serialize-debugging-options -enable-testing -index-store-path /Users/arw/Library/Developer/Xcode/DerivedData/Aman-erpipkrcsogxsvdbxslkqytdshgb/Index.noindex/DataStore -Xcc -D_LIBCPP_HARDENING_MODE\=_LIBCPP_HARDENING_MODE_DEBUG -swift-version 5 -I /Users/arw/Library/Developer/Xcode/DerivedData/Aman-erpipkrcsogxsvdbxslkqytdshgb/Build/Products/Debug -F /Users/arw/Library/Developer/Xcode/DerivedData/Aman-erpipkrcsogxsvdbxslkqytdshgb/Build/Products/Debug -emit-localized-strings -emit-localized-strings-path /Users/arw/Library/Developer/Xcode/DerivedData/Aman-erpipkrcsogxsvdbxslkqytdshgb/Build/Intermediates.noindex/Aman.build/Debug/Aman.build/Objects-normal/x86_64 -c -j16 -enable-batch-mode -incremental -Xcc -ivfsstatcache -Xcc /Users/arw/Library/Developer/Xcode/DerivedData/SDKStatCaches.noindex/macosx26.0-25A352-28806144b0707e398aac92880fa50324.sdkstatcache -output-file-map /Users/arw/Library/Developer/Xcode/DerivedData/Aman-erpipkrcsogxsvdbxslkqytdshgb/Build/Intermediates.noindex/Aman.build/Debug/Aman.build/Objects-normal/x86_64/Aman-OutputFileMap.json -use-frontend-parseable-output -save-temps -no-color-diagnostics -explicit-module-build -module-cache-path /Users/arw/Library/Developer/Xcode/DerivedData/Aman-erpipkrcsogxsvdbxslkqytdshgb/Build/Intermediates.noindex/SwiftExplicitPrecompiledModules -clang-scanner-module-cache-path /Users/arw/Library/Developer/Xcode/DerivedData/ModuleCache.noindex -sdk-module-cache-path /Users/arw/Library/Developer/Xcode/DerivedData/ModuleCache.noindex -serialize-diagnostics -emit-dependencies -emit-module -emit-module-path /Users/arw/Library/Developer/Xcode/DerivedData/Aman-erpipkrcsogxsvdbxslkqytdshgb/Build/Intermediates.noindex/Aman.build/Debug/Aman.build/Objects-normal/x86_64/Aman.swiftmodule -validate-clang-modules-once -clang-build-session-file /Users/arw/Library/Developer/Xcode/DerivedData/ModuleCache.noindex/Session.modulevalidation -Xcc -I/Users/arw/Library/Developer/Xcode/DerivedData/Aman-erpipkrcsogxsvdbxslkqytdshgb/Build/Intermediates.noindex/Aman.build/Debug/Aman.build/swift-overrides.hmap -emit-const-values -Xfrontend -const-gather-protocols-file -Xfrontend /Users/arw/Library/Developer/Xcode/DerivedData/Aman-erpipkrcsogxsvdbxslkqytdshgb/Build/Intermediates.noindex/Aman.build/Debug/Aman.build/Objects-normal/x86_64/Aman_const_extract_protocols.json -Xcc -iquote -Xcc /Users/arw/Library/Developer/Xcode/DerivedData/Aman-erpipkrcsogxsvdbxslkqytdshgb/Build/Intermediates.noindex/Aman.build/Debug/Aman.build/Aman-generated-files.hmap -Xcc -I/Users/arw/Library/Developer/Xcode/DerivedData/Aman-erpipkrcsogxsvdbxslkqytdshgb/Build/Intermediates.noindex/Aman.build/Debug/Aman.build/Aman-own-target-headers.hmap -Xcc -I/Users/arw/Library/Developer/Xcode/DerivedData/Aman-erpipkrcsogxsvdbxslkqytdshgb/Build/Intermediates.noindex/Aman.build/Debug/Aman.build/Aman-all-target-headers.hmap -Xcc -iquote -Xcc /Users/arw/Library/Developer/Xcode/DerivedData/Aman-erpipkrcsogxsvdbxslkqytdshgb/Build/Intermediates.noindex/Aman.build/Debug/Aman.build/Aman-project-headers.hmap -Xcc -I/Users/arw/Library/Developer/Xcode/DerivedData/Aman-erpipkrcsogxsvdbxslkqytdshgb/Build/Products/Debug/include -Xcc -I/Users/arw/Documents/Aman/Engine/Utilities/WhirlpoolC/include -Xcc -I/Users/arw/Library/Developer/Xcode/DerivedData/Aman-erpipkrcsogxsvdbxslkqytdshgb/Build/Intermediates.noindex/Aman.build/Debug/Aman.build/DerivedSources-normal/x86_64 -Xcc -I/Users/arw/Library/Developer/Xcode/DerivedData/Aman-erpipkrcsogxsvdbxslkqytdshgb/Build/Intermediates.noindex/Aman.build/Debug/Aman.build/DerivedSources/x86_64 -Xcc -I/Users/arw/Library/Developer/Xcode/DerivedData/Aman-erpipkrcsogxsvdbxslkqytdshgb/Build/Intermediates.noindex/Aman.build/Debug/Aman.build/DerivedSources -Xcc -DDEBUG\=1 -emit-objc-header -emit-objc-header-path /Users/arw/Library/Developer/Xcode/DerivedData/Aman-erpipkrcsogxsvdbxslkqytdshgb/Build/Intermediates.noindex/Aman.build/Debug/Aman.build/Objects-normal/x86_64/Aman-Swift.h -import-objc-header /Users/arw/Documents/Aman/Support/Aman-Bridging-Header.h -working-directory /Users/arw/Documents/Aman -experimental-emit-module-separately -disable-cmo

Ld /Users/arw/Library/Developer/Xcode/DerivedData/Aman-erpipkrcsogxsvdbxslkqytdshgb/Build/Products/Debug/Aman.app/Contents/MacOS/Aman.debug.dylib normal (in target 'Aman' from project 'Aman')
    cd /Users/arw/Documents/Aman
    /Applications/Xcode.app/Contents/Developer/Toolchains/XcodeDefault.xctoolchain/usr/bin/clang -Xlinker -reproducible -target x86_64-apple-macos26.0 -dynamiclib -isysroot /Applications/Xcode.app/Contents/Developer/Platforms/MacOSX.platform/Developer/SDKs/MacOSX26.0.sdk -O0 -L/Users/arw/Library/Developer/Xcode/DerivedData/Aman-erpipkrcsogxsvdbxslkqytdshgb/Build/Intermediates.noindex/EagerLinkingTBDs/Debug -L/Users/arw/Library/Developer/Xcode/DerivedData/Aman-erpipkrcsogxsvdbxslkqytdshgb/Build/Products/Debug -F/Users/arw/Library/Developer/Xcode/DerivedData/Aman-erpipkrcsogxsvdbxslkqytdshgb/Build/Intermediates.noindex/EagerLinkingTBDs/Debug -F/Users/arw/Library/Developer/Xcode/DerivedData/Aman-erpipkrcsogxsvdbxslkqytdshgb/Build/Products/Debug -filelist /Users/arw/Library/Developer/Xcode/DerivedData/Aman-erpipkrcsogxsvdbxslkqytdshgb/Build/Intermediates.noindex/Aman.build/Debug/Aman.build/Objects-normal/x86_64/Aman.LinkFileList -install_name @rpath/Aman.debug.dylib -Xlinker -rpath -Xlinker @executable_path/../Frameworks -dead_strip -Xlinker -object_path_lto -Xlinker /Users/arw/Library/Developer/Xcode/DerivedData/Aman-erpipkrcsogxsvdbxslkqytdshgb/Build/Intermediates.noindex/Aman.build/Debug/Aman.build/Objects-normal/x86_64/Aman_lto.o -rdynamic -Xlinker -no_deduplicate -Xlinker -dependency_info -Xlinker /Users/arw/Library/Developer/Xcode/DerivedData/Aman-erpipkrcsogxsvdbxslkqytdshgb/Build/Intermediates.noindex/Aman.build/Debug/Aman.build/Objects-normal/x86_64/Aman_dependency_info.dat -fobjc-link-runtime -L/Applications/Xcode.app/Contents/Developer/Toolchains/XcodeDefault.xctoolchain/usr/lib/swift/macosx -L/usr/lib/swift -Xlinker -add_ast_path -Xlinker /Users/arw/Library/Developer/Xcode/DerivedData/Aman-erpipkrcsogxsvdbxslkqytdshgb/Build/Intermediates.noindex/Aman.build/Debug/Aman.build/Objects-normal/x86_64/Aman.swiftmodule @/Users/arw/Library/Developer/Xcode/DerivedData/Aman-erpipkrcsogxsvdbxslkqytdshgb/Build/Intermediates.noindex/Aman.build/Debug/Aman.build/Objects-normal/x86_64/Aman-linker-args.resp -Xlinker -alias -Xlinker _main -Xlinker ___debug_main_executable_dylib_entry_point -Xlinker -no_adhoc_codesign -o /Users/arw/Library/Developer/Xcode/DerivedData/Aman-erpipkrcsogxsvdbxslkqytdshgb/Build/Products/Debug/Aman.app/Contents/MacOS/Aman.debug.dylib

ConstructStubExecutorLinkFileList /Users/arw/Library/Developer/Xcode/DerivedData/Aman-erpipkrcsogxsvdbxslkqytdshgb/Build/Intermediates.noindex/Aman.build/Debug/Aman.build/Aman-ExecutorLinkFileList-normal-x86_64.txt (in target 'Aman' from project 'Aman')
    cd /Users/arw/Documents/Aman
    construct-stub-executor-link-file-list /Users/arw/Library/Developer/Xcode/DerivedData/Aman-erpipkrcsogxsvdbxslkqytdshgb/Build/Products/Debug/Aman.app/Contents/MacOS/Aman.debug.dylib /Applications/Xcode.app/Contents/Developer/Platforms/MacOSX.platform/Developer/usr/lib/libPreviewsJITStubExecutor_no_swift_entry_point.a /Applications/Xcode.app/Contents/Developer/Platforms/MacOSX.platform/Developer/usr/lib/libPreviewsJITStubExecutor.a --output /Users/arw/Library/Developer/Xcode/DerivedData/Aman-erpipkrcsogxsvdbxslkqytdshgb/Build/Intermediates.noindex/Aman.build/Debug/Aman.build/Aman-ExecutorLinkFileList-normal-x86_64.txt
note: Using stub executor library with Swift entry point. (in target 'Aman' from project 'Aman')

Ld /Users/arw/Library/Developer/Xcode/DerivedData/Aman-erpipkrcsogxsvdbxslkqytdshgb/Build/Products/Debug/Aman.app/Contents/MacOS/Aman normal (in target 'Aman' from project 'Aman')
    cd /Users/arw/Documents/Aman
    /Applications/Xcode.app/Contents/Developer/Toolchains/XcodeDefault.xctoolchain/usr/bin/clang -Xlinker -reproducible -target x86_64-apple-macos26.0 -isysroot /Applications/Xcode.app/Contents/Developer/Platforms/MacOSX.platform/Developer/SDKs/MacOSX26.0.sdk -O0 -L/Users/arw/Library/Developer/Xcode/DerivedData/Aman-erpipkrcsogxsvdbxslkqytdshgb/Build/Products/Debug -F/Users/arw/Library/Developer/Xcode/DerivedData/Aman-erpipkrcsogxsvdbxslkqytdshgb/Build/Products/Debug -Xlinker -rpath -Xlinker @executable_path -Xlinker -rpath -Xlinker @executable_path/../Frameworks -rdynamic -Xlinker -no_deduplicate -e ___debug_blank_executor_main -Xlinker -sectcreate -Xlinker __TEXT -Xlinker __debug_dylib -Xlinker /Users/arw/Library/Developer/Xcode/DerivedData/Aman-erpipkrcsogxsvdbxslkqytdshgb/Build/Intermediates.noindex/Aman.build/Debug/Aman.build/Aman-DebugDylibPath-normal-x86_64.txt -Xlinker -sectcreate -Xlinker __TEXT -Xlinker __debug_instlnm -Xlinker /Users/arw/Library/Developer/Xcode/DerivedData/Aman-erpipkrcsogxsvdbxslkqytdshgb/Build/Intermediates.noindex/Aman.build/Debug/Aman.build/Aman-DebugDylibInstallName-normal-x86_64.txt -Xlinker -filelist -Xlinker /Users/arw/Library/Developer/Xcode/DerivedData/Aman-erpipkrcsogxsvdbxslkqytdshgb/Build/Intermediates.noindex/Aman.build/Debug/Aman.build/Aman-ExecutorLinkFileList-normal-x86_64.txt /Users/arw/Library/Developer/Xcode/DerivedData/Aman-erpipkrcsogxsvdbxslkqytdshgb/Build/Products/Debug/Aman.app/Contents/MacOS/Aman.debug.dylib -Xlinker -no_adhoc_codesign -o /Users/arw/Library/Developer/Xcode/DerivedData/Aman-erpipkrcsogxsvdbxslkqytdshgb/Build/Products/Debug/Aman.app/Contents/MacOS/Aman

ExtractAppIntentsMetadata (in target 'Aman' from project 'Aman')
    cd /Users/arw/Documents/Aman
    /Applications/Xcode.app/Contents/Developer/Toolchains/XcodeDefault.xctoolchain/usr/bin/appintentsmetadataprocessor --toolchain-dir /Applications/Xcode.app/Contents/Developer/Toolchains/XcodeDefault.xctoolchain --module-name Aman --sdk-root /Applications/Xcode.app/Contents/Developer/Platforms/MacOSX.platform/Developer/SDKs/MacOSX26.0.sdk --xcode-version 17A400 --platform-family macOS --deployment-target 26.0 --bundle-identifier arwindo.aman --output /Users/arw/Library/Developer/Xcode/DerivedData/Aman-erpipkrcsogxsvdbxslkqytdshgb/Build/Products/Debug/Aman.app/Contents/Resources --target-triple x86_64-apple-macos26.0 --binary-file /Users/arw/Library/Developer/Xcode/DerivedData/Aman-erpipkrcsogxsvdbxslkqytdshgb/Build/Products/Debug/Aman.app/Contents/MacOS/Aman --dependency-file /Users/arw/Library/Developer/Xcode/DerivedData/Aman-erpipkrcsogxsvdbxslkqytdshgb/Build/Intermediates.noindex/Aman.build/Debug/Aman.build/Objects-normal/x86_64/Aman_dependency_info.dat --stringsdata-file /Users/arw/Library/Developer/Xcode/DerivedData/Aman-erpipkrcsogxsvdbxslkqytdshgb/Build/Intermediates.noindex/Aman.build/Debug/Aman.build/Objects-normal/x86_64/ExtractedAppShortcutsMetadata.stringsdata --source-file-list /Users/arw/Library/Developer/Xcode/DerivedData/Aman-erpipkrcsogxsvdbxslkqytdshgb/Build/Intermediates.noindex/Aman.build/Debug/Aman.build/Objects-normal/x86_64/Aman.SwiftFileList --metadata-file-list /Users/arw/Library/Developer/Xcode/DerivedData/Aman-erpipkrcsogxsvdbxslkqytdshgb/Build/Intermediates.noindex/Aman.build/Debug/Aman.build/Aman.DependencyMetadataFileList --static-metadata-file-list /Users/arw/Library/Developer/Xcode/DerivedData/Aman-erpipkrcsogxsvdbxslkqytdshgb/Build/Intermediates.noindex/Aman.build/Debug/Aman.build/Aman.DependencyStaticMetadataFileList --swift-const-vals-list /Users/arw/Library/Developer/Xcode/DerivedData/Aman-erpipkrcsogxsvdbxslkqytdshgb/Build/Intermediates.noindex/Aman.build/Debug/Aman.build/Objects-normal/x86_64/Aman.SwiftConstValuesFileList --compile-time-extraction --deployment-aware-processing --validate-assistant-intents --no-app-shortcuts-localization
2025-11-01 11:06:59.130 appintentsmetadataprocessor[34673:868990] Starting appintentsmetadataprocessor export
2025-11-01 11:06:59.134 appintentsmetadataprocessor[34673:868990] warning: Metadata extraction skipped. No AppIntents.framework dependency found.

CopySwiftLibs /Users/arw/Library/Developer/Xcode/DerivedData/Aman-erpipkrcsogxsvdbxslkqytdshgb/Build/Products/Debug/Aman.app (in target 'Aman' from project 'Aman')
    cd /Users/arw/Documents/Aman
    builtin-swiftStdLibTool --copy --verbose --sign 8EED12B5DF0FCB9163EF2DF12C1CB51C12B0E089 --scan-executable /Users/arw/Library/Developer/Xcode/DerivedData/Aman-erpipkrcsogxsvdbxslkqytdshgb/Build/Products/Debug/Aman.app/Contents/MacOS/Aman.debug.dylib --scan-folder /Users/arw/Library/Developer/Xcode/DerivedData/Aman-erpipkrcsogxsvdbxslkqytdshgb/Build/Products/Debug/Aman.app/Contents/Frameworks --scan-folder /Users/arw/Library/Developer/Xcode/DerivedData/Aman-erpipkrcsogxsvdbxslkqytdshgb/Build/Products/Debug/Aman.app/Contents/PlugIns --scan-folder /Users/arw/Library/Developer/Xcode/DerivedData/Aman-erpipkrcsogxsvdbxslkqytdshgb/Build/Products/Debug/Aman.app/Contents/Library/SystemExtensions --scan-folder /Users/arw/Library/Developer/Xcode/DerivedData/Aman-erpipkrcsogxsvdbxslkqytdshgb/Build/Products/Debug/Aman.app/Contents/Extensions --platform macosx --toolchain /Applications/Xcode.app/Contents/Developer/Toolchains/XcodeDefault.xctoolchain --destination /Users/arw/Library/Developer/Xcode/DerivedData/Aman-erpipkrcsogxsvdbxslkqytdshgb/Build/Products/Debug/Aman.app/Contents/Frameworks --strip-bitcode --strip-bitcode-tool /Applications/Xcode.app/Contents/Developer/Toolchains/XcodeDefault.xctoolchain/usr/bin/bitcode_strip --emit-dependency-info /Users/arw/Library/Developer/Xcode/DerivedData/Aman-erpipkrcsogxsvdbxslkqytdshgb/Build/Intermediates.noindex/Aman.build/Debug/Aman.build/SwiftStdLibToolInputDependencies.dep --filter-for-swift-os

CodeSign /Users/arw/Library/Developer/Xcode/DerivedData/Aman-erpipkrcsogxsvdbxslkqytdshgb/Build/Products/Debug/Aman.app/Contents/MacOS/Aman.debug.dylib (in target 'Aman' from project 'Aman')
    cd /Users/arw/Documents/Aman
    
    Signing Identity:     "Apple Development: arwindosendy9@gmail.com (U29HXZMT2G)"
    
    /usr/bin/codesign --force --sign 8EED12B5DF0FCB9163EF2DF12C1CB51C12B0E089 --timestamp\=none --generate-entitlement-der /Users/arw/Library/Developer/Xcode/DerivedData/Aman-erpipkrcsogxsvdbxslkqytdshgb/Build/Products/Debug/Aman.app/Contents/MacOS/Aman.debug.dylib

CodeSign /Users/arw/Library/Developer/Xcode/DerivedData/Aman-erpipkrcsogxsvdbxslkqytdshgb/Build/Products/Debug/Aman.app/Contents/MacOS/__preview.dylib (in target 'Aman' from project 'Aman')
    cd /Users/arw/Documents/Aman
    
    Signing Identity:     "Apple Development: arwindosendy9@gmail.com (U29HXZMT2G)"
    
    /usr/bin/codesign --force --sign 8EED12B5DF0FCB9163EF2DF12C1CB51C12B0E089 --timestamp\=none --generate-entitlement-der /Users/arw/Library/Developer/Xcode/DerivedData/Aman-erpipkrcsogxsvdbxslkqytdshgb/Build/Products/Debug/Aman.app/Contents/MacOS/__preview.dylib

CodeSign /Users/arw/Library/Developer/Xcode/DerivedData/Aman-erpipkrcsogxsvdbxslkqytdshgb/Build/Products/Debug/Aman.app (in target 'Aman' from project 'Aman')
    cd /Users/arw/Documents/Aman
    
    Signing Identity:     "Apple Development: arwindosendy9@gmail.com (U29HXZMT2G)"
    
    /usr/bin/codesign --force --sign 8EED12B5DF0FCB9163EF2DF12C1CB51C12B0E089 --entitlements /Users/arw/Library/Developer/Xcode/DerivedData/Aman-erpipkrcsogxsvdbxslkqytdshgb/Build/Intermediates.noindex/Aman.build/Debug/Aman.build/Aman.app.xcent --timestamp\=none --generate-entitlement-der /Users/arw/Library/Developer/Xcode/DerivedData/Aman-erpipkrcsogxsvdbxslkqytdshgb/Build/Products/Debug/Aman.app

RegisterExecutionPolicyException /Users/arw/Library/Developer/Xcode/DerivedData/Aman-erpipkrcsogxsvdbxslkqytdshgb/Build/Products/Debug/Aman.app (in target 'Aman' from project 'Aman')
    cd /Users/arw/Documents/Aman
    builtin-RegisterExecutionPolicyException /Users/arw/Library/Developer/Xcode/DerivedData/Aman-erpipkrcsogxsvdbxslkqytdshgb/Build/Products/Debug/Aman.app

Validate /Users/arw/Library/Developer/Xcode/DerivedData/Aman-erpipkrcsogxsvdbxslkqytdshgb/Build/Products/Debug/Aman.app (in target 'Aman' from project 'Aman')
    cd /Users/arw/Documents/Aman
    builtin-validationUtility /Users/arw/Library/Developer/Xcode/DerivedData/Aman-erpipkrcsogxsvdbxslkqytdshgb/Build/Products/Debug/Aman.app -no-validate-extension -infoplist-subpath Contents/Info.plist

Touch /Users/arw/Library/Developer/Xcode/DerivedData/Aman-erpipkrcsogxsvdbxslkqytdshgb/Build/Products/Debug/Aman.app (in target 'Aman' from project 'Aman')
    cd /Users/arw/Documents/Aman
    /usr/bin/touch -c /Users/arw/Library/Developer/Xcode/DerivedData/Aman-erpipkrcsogxsvdbxslkqytdshgb/Build/Products/Debug/Aman.app

RegisterWithLaunchServices /Users/arw/Library/Developer/Xcode/DerivedData/Aman-erpipkrcsogxsvdbxslkqytdshgb/Build/Products/Debug/Aman.app (in target 'Aman' from project 'Aman')
    cd /Users/arw/Documents/Aman
    /System/Library/Frameworks/CoreServices.framework/Versions/Current/Frameworks/LaunchServices.framework/Versions/Current/Support/lsregister -f -R -trusted /Users/arw/Library/Developer/Xcode/DerivedData/Aman-erpipkrcsogxsvdbxslkqytdshgb/Build/Products/Debug/Aman.app

** BUILD SUCCEEDED **

