Command line invocation:
    /Applications/Xcode.app/Contents/Developer/usr/bin/xcodebuild -project Aman.xcodeproj -scheme Aman -sdk macosx CODE_SIGN_IDENTITY= CODE_SIGNING_REQUIRED=NO build

Build settings from command line:
    CODE_SIGN_IDENTITY = 
    CODE_SIGNING_REQUIRED = NO
    SDKROOT = macosx26.0

2025-11-03 16:23:43.405 xcodebuild[55744:288992] [MT] IDERunDestination: Supported platforms for the buildables in the current scheme is empty.
--- xcodebuild: WARNING: Using the first of multiple matching destinations:
{ platform:macOS, arch:x86_64, id:5CD45B96-C7B7-5E03-9718-6B64B0A94516, name:My Mac }
{ platform:macOS, name:Any Mac }
note: Using codesigning identity override: 
ComputePackagePrebuildTargetDependencyGraph

Prepare packages

CreateBuildRequest

SendProjectDescription

CreateBuildOperation

ComputeTargetDependencyGraph
note: Building targets in dependency order
note: Target dependency graph (1 target)
    Target 'Aman' in project 'Aman' (no dependencies)

GatherProvisioningInputs

CreateBuildDescription

ExecuteExternalTool /Applications/Xcode.app/Contents/Developer/Toolchains/XcodeDefault.xctoolchain/usr/bin/clang -v -E -dM -isysroot /Applications/Xcode.app/Contents/Developer/Platforms/MacOSX.platform/Developer/SDKs/MacOSX26.0.sdk -x c -c /dev/null

ExecuteExternalTool /Applications/Xcode.app/Contents/Developer/Toolchains/XcodeDefault.xctoolchain/usr/bin/clang -v -E -dM -arch x86_64 -isysroot /Applications/Xcode.app/Contents/Developer/Platforms/MacOSX.platform/Developer/SDKs/MacOSX26.0.sdk -x c -c /dev/null

ExecuteExternalTool /Applications/Xcode.app/Contents/Developer/usr/bin/actool --version --output-format xml1

ExecuteExternalTool /Applications/Xcode.app/Contents/Developer/Toolchains/XcodeDefault.xctoolchain/usr/bin/swiftc --version

ExecuteExternalTool /Applications/Xcode.app/Contents/Developer/Toolchains/XcodeDefault.xctoolchain/usr/bin/ld -version_details

Build description signature: f4a439ed1a86322c8ff9b632e7575fb3
Build description path: /Users/arw/Library/Developer/Xcode/DerivedData/Aman-erpipkrcsogxsvdbxslkqytdshgb/Build/Intermediates.noindex/XCBuildData/f4a439ed1a86322c8ff9b632e7575fb3.xcbuilddata
ClangStatCache /Applications/Xcode.app/Contents/Developer/Toolchains/XcodeDefault.xctoolchain/usr/bin/clang-stat-cache /Applications/Xcode.app/Contents/Developer/Platforms/MacOSX.platform/Developer/SDKs/MacOSX26.0.sdk /Users/arw/Library/Developer/Xcode/DerivedData/SDKStatCaches.noindex/macosx26.0-25A352-28806144b0707e398aac92880fa50324.sdkstatcache
    cd /Users/arw/Documents/Aman/Aman.xcodeproj
    /Applications/Xcode.app/Contents/Developer/Toolchains/XcodeDefault.xctoolchain/usr/bin/clang-stat-cache /Applications/Xcode.app/Contents/Developer/Platforms/MacOSX.platform/Developer/SDKs/MacOSX26.0.sdk -o /Users/arw/Library/Developer/Xcode/DerivedData/SDKStatCaches.noindex/macosx26.0-25A352-28806144b0707e398aac92880fa50324.sdkstatcache

Ld /Users/arw/Library/Developer/Xcode/DerivedData/Aman-erpipkrcsogxsvdbxslkqytdshgb/Build/Products/Debug/Aman.app/Contents/MacOS/__preview.dylib normal (in target 'Aman' from project 'Aman')
    cd /Users/arw/Documents/Aman
    /Applications/Xcode.app/Contents/Developer/Toolchains/XcodeDefault.xctoolchain/usr/bin/clang -Xlinker -reproducible -target x86_64-apple-macos26.0 -dynamiclib -isysroot /Applications/Xcode.app/Contents/Developer/Platforms/MacOSX.platform/Developer/SDKs/MacOSX26.0.sdk -O0 -L/Users/arw/Library/Developer/Xcode/DerivedData/Aman-erpipkrcsogxsvdbxslkqytdshgb/Build/Products/Debug -F/Users/arw/Library/Developer/Xcode/DerivedData/Aman-erpipkrcsogxsvdbxslkqytdshgb/Build/Products/Debug -install_name @rpath/Aman.debug.dylib -dead_strip -rdynamic -Xlinker -no_deduplicate -Xlinker -dependency_info -Xlinker /Users/arw/Library/Developer/Xcode/DerivedData/Aman-erpipkrcsogxsvdbxslkqytdshgb/Build/Intermediates.noindex/Aman.build/Debug/Aman.build/Objects-normal/x86_64/Aman_dependency_info.dat -o /Users/arw/Library/Developer/Xcode/DerivedData/Aman-erpipkrcsogxsvdbxslkqytdshgb/Build/Products/Debug/Aman.app/Contents/MacOS/__preview.dylib

ProcessInfoPlistFile /Users/arw/Library/Developer/Xcode/DerivedData/Aman-erpipkrcsogxsvdbxslkqytdshgb/Build/Products/Debug/Aman.app/Contents/Info.plist /Users/arw/Library/Developer/Xcode/DerivedData/Aman-erpipkrcsogxsvdbxslkqytdshgb/Build/Intermediates.noindex/Aman.build/Debug/Aman.build/empty-Aman.plist (in target 'Aman' from project 'Aman')
    cd /Users/arw/Documents/Aman
    builtin-infoPlistUtility /Users/arw/Library/Developer/Xcode/DerivedData/Aman-erpipkrcsogxsvdbxslkqytdshgb/Build/Intermediates.noindex/Aman.build/Debug/Aman.build/empty-Aman.plist -producttype com.apple.product-type.application -genpkginfo /Users/arw/Library/Developer/Xcode/DerivedData/Aman-erpipkrcsogxsvdbxslkqytdshgb/Build/Products/Debug/Aman.app/Contents/PkgInfo -expandbuildsettings -platform macosx -additionalcontentfile /Users/arw/Library/Developer/Xcode/DerivedData/Aman-erpipkrcsogxsvdbxslkqytdshgb/Build/Intermediates.noindex/Aman.build/Debug/Aman.build/assetcatalog_generated_info.plist -o /Users/arw/Library/Developer/Xcode/DerivedData/Aman-erpipkrcsogxsvdbxslkqytdshgb/Build/Products/Debug/Aman.app/Contents/Info.plist

Ld /Users/arw/Library/Developer/Xcode/DerivedData/Aman-erpipkrcsogxsvdbxslkqytdshgb/Build/Products/Debug/Aman.app/Contents/MacOS/Aman.debug.dylib normal (in target 'Aman' from project 'Aman')
    cd /Users/arw/Documents/Aman
    /Applications/Xcode.app/Contents/Developer/Toolchains/XcodeDefault.xctoolchain/usr/bin/clang -Xlinker -reproducible -target x86_64-apple-macos26.0 -dynamiclib -isysroot /Applications/Xcode.app/Contents/Developer/Platforms/MacOSX.platform/Developer/SDKs/MacOSX26.0.sdk -O0 -L/Users/arw/Library/Developer/Xcode/DerivedData/Aman-erpipkrcsogxsvdbxslkqytdshgb/Build/Intermediates.noindex/EagerLinkingTBDs/Debug -L/Users/arw/Library/Developer/Xcode/DerivedData/Aman-erpipkrcsogxsvdbxslkqytdshgb/Build/Products/Debug -F/Users/arw/Library/Developer/Xcode/DerivedData/Aman-erpipkrcsogxsvdbxslkqytdshgb/Build/Intermediates.noindex/EagerLinkingTBDs/Debug -F/Users/arw/Library/Developer/Xcode/DerivedData/Aman-erpipkrcsogxsvdbxslkqytdshgb/Build/Products/Debug -filelist /Users/arw/Library/Developer/Xcode/DerivedData/Aman-erpipkrcsogxsvdbxslkqytdshgb/Build/Intermediates.noindex/Aman.build/Debug/Aman.build/Objects-normal/x86_64/Aman.LinkFileList -install_name @rpath/Aman.debug.dylib -Xlinker -rpath -Xlinker @executable_path/../Frameworks -dead_strip -Xlinker -object_path_lto -Xlinker /Users/arw/Library/Developer/Xcode/DerivedData/Aman-erpipkrcsogxsvdbxslkqytdshgb/Build/Intermediates.noindex/Aman.build/Debug/Aman.build/Objects-normal/x86_64/Aman_lto.o -rdynamic -Xlinker -no_deduplicate -Xlinker -dependency_info -Xlinker /Users/arw/Library/Developer/Xcode/DerivedData/Aman-erpipkrcsogxsvdbxslkqytdshgb/Build/Intermediates.noindex/Aman.build/Debug/Aman.build/Objects-normal/x86_64/Aman_dependency_info.dat -fobjc-link-runtime -L/Applications/Xcode.app/Contents/Developer/Toolchains/XcodeDefault.xctoolchain/usr/lib/swift/macosx -L/usr/lib/swift -Xlinker -add_ast_path -Xlinker /Users/arw/Library/Developer/Xcode/DerivedData/Aman-erpipkrcsogxsvdbxslkqytdshgb/Build/Intermediates.noindex/Aman.build/Debug/Aman.build/Objects-normal/x86_64/Aman.swiftmodule @/Users/arw/Library/Developer/Xcode/DerivedData/Aman-erpipkrcsogxsvdbxslkqytdshgb/Build/Intermediates.noindex/Aman.build/Debug/Aman.build/Objects-normal/x86_64/Aman-linker-args.resp -Xlinker -alias -Xlinker _main -Xlinker ___debug_main_executable_dylib_entry_point -o /Users/arw/Library/Developer/Xcode/DerivedData/Aman-erpipkrcsogxsvdbxslkqytdshgb/Build/Products/Debug/Aman.app/Contents/MacOS/Aman.debug.dylib

ConstructStubExecutorLinkFileList /Users/arw/Library/Developer/Xcode/DerivedData/Aman-erpipkrcsogxsvdbxslkqytdshgb/Build/Intermediates.noindex/Aman.build/Debug/Aman.build/Aman-ExecutorLinkFileList-normal-x86_64.txt (in target 'Aman' from project 'Aman')
    cd /Users/arw/Documents/Aman
    construct-stub-executor-link-file-list /Users/arw/Library/Developer/Xcode/DerivedData/Aman-erpipkrcsogxsvdbxslkqytdshgb/Build/Products/Debug/Aman.app/Contents/MacOS/Aman.debug.dylib /Applications/Xcode.app/Contents/Developer/Platforms/MacOSX.platform/Developer/usr/lib/libPreviewsJITStubExecutor_no_swift_entry_point.a /Applications/Xcode.app/Contents/Developer/Platforms/MacOSX.platform/Developer/usr/lib/libPreviewsJITStubExecutor.a --output /Users/arw/Library/Developer/Xcode/DerivedData/Aman-erpipkrcsogxsvdbxslkqytdshgb/Build/Intermediates.noindex/Aman.build/Debug/Aman.build/Aman-ExecutorLinkFileList-normal-x86_64.txt
note: Using stub executor library with Swift entry point. (in target 'Aman' from project 'Aman')

Ld /Users/arw/Library/Developer/Xcode/DerivedData/Aman-erpipkrcsogxsvdbxslkqytdshgb/Build/Products/Debug/Aman.app/Contents/MacOS/Aman normal (in target 'Aman' from project 'Aman')
    cd /Users/arw/Documents/Aman
    /Applications/Xcode.app/Contents/Developer/Toolchains/XcodeDefault.xctoolchain/usr/bin/clang -Xlinker -reproducible -target x86_64-apple-macos26.0 -isysroot /Applications/Xcode.app/Contents/Developer/Platforms/MacOSX.platform/Developer/SDKs/MacOSX26.0.sdk -O0 -L/Users/arw/Library/Developer/Xcode/DerivedData/Aman-erpipkrcsogxsvdbxslkqytdshgb/Build/Products/Debug -F/Users/arw/Library/Developer/Xcode/DerivedData/Aman-erpipkrcsogxsvdbxslkqytdshgb/Build/Products/Debug -Xlinker -rpath -Xlinker @executable_path -Xlinker -rpath -Xlinker @executable_path/../Frameworks -rdynamic -Xlinker -no_deduplicate -e ___debug_blank_executor_main -Xlinker -sectcreate -Xlinker __TEXT -Xlinker __debug_dylib -Xlinker /Users/arw/Library/Developer/Xcode/DerivedData/Aman-erpipkrcsogxsvdbxslkqytdshgb/Build/Intermediates.noindex/Aman.build/Debug/Aman.build/Aman-DebugDylibPath-normal-x86_64.txt -Xlinker -sectcreate -Xlinker __TEXT -Xlinker __debug_instlnm -Xlinker /Users/arw/Library/Developer/Xcode/DerivedData/Aman-erpipkrcsogxsvdbxslkqytdshgb/Build/Intermediates.noindex/Aman.build/Debug/Aman.build/Aman-DebugDylibInstallName-normal-x86_64.txt -Xlinker -filelist -Xlinker /Users/arw/Library/Developer/Xcode/DerivedData/Aman-erpipkrcsogxsvdbxslkqytdshgb/Build/Intermediates.noindex/Aman.build/Debug/Aman.build/Aman-ExecutorLinkFileList-normal-x86_64.txt /Users/arw/Library/Developer/Xcode/DerivedData/Aman-erpipkrcsogxsvdbxslkqytdshgb/Build/Products/Debug/Aman.app/Contents/MacOS/Aman.debug.dylib -o /Users/arw/Library/Developer/Xcode/DerivedData/Aman-erpipkrcsogxsvdbxslkqytdshgb/Build/Products/Debug/Aman.app/Contents/MacOS/Aman

CopySwiftLibs /Users/arw/Library/Developer/Xcode/DerivedData/Aman-erpipkrcsogxsvdbxslkqytdshgb/Build/Products/Debug/Aman.app (in target 'Aman' from project 'Aman')
    cd /Users/arw/Documents/Aman
    builtin-swiftStdLibTool --copy --verbose --scan-executable /Users/arw/Library/Developer/Xcode/DerivedData/Aman-erpipkrcsogxsvdbxslkqytdshgb/Build/Products/Debug/Aman.app/Contents/MacOS/Aman.debug.dylib --scan-folder /Users/arw/Library/Developer/Xcode/DerivedData/Aman-erpipkrcsogxsvdbxslkqytdshgb/Build/Products/Debug/Aman.app/Contents/Frameworks --scan-folder /Users/arw/Library/Developer/Xcode/DerivedData/Aman-erpipkrcsogxsvdbxslkqytdshgb/Build/Products/Debug/Aman.app/Contents/PlugIns --scan-folder /Users/arw/Library/Developer/Xcode/DerivedData/Aman-erpipkrcsogxsvdbxslkqytdshgb/Build/Products/Debug/Aman.app/Contents/Library/SystemExtensions --scan-folder /Users/arw/Library/Developer/Xcode/DerivedData/Aman-erpipkrcsogxsvdbxslkqytdshgb/Build/Products/Debug/Aman.app/Contents/Extensions --platform macosx --toolchain /Applications/Xcode.app/Contents/Developer/Toolchains/XcodeDefault.xctoolchain --destination /Users/arw/Library/Developer/Xcode/DerivedData/Aman-erpipkrcsogxsvdbxslkqytdshgb/Build/Products/Debug/Aman.app/Contents/Frameworks --strip-bitcode --strip-bitcode-tool /Applications/Xcode.app/Contents/Developer/Toolchains/XcodeDefault.xctoolchain/usr/bin/bitcode_strip --emit-dependency-info /Users/arw/Library/Developer/Xcode/DerivedData/Aman-erpipkrcsogxsvdbxslkqytdshgb/Build/Intermediates.noindex/Aman.build/Debug/Aman.build/SwiftStdLibToolInputDependencies.dep --filter-for-swift-os
Ignoring --strip-bitcode because --sign was not passed

ExtractAppIntentsMetadata (in target 'Aman' from project 'Aman')
    cd /Users/arw/Documents/Aman
    /Applications/Xcode.app/Contents/Developer/Toolchains/XcodeDefault.xctoolchain/usr/bin/appintentsmetadataprocessor --toolchain-dir /Applications/Xcode.app/Contents/Developer/Toolchains/XcodeDefault.xctoolchain --module-name Aman --sdk-root /Applications/Xcode.app/Contents/Developer/Platforms/MacOSX.platform/Developer/SDKs/MacOSX26.0.sdk --xcode-version 17A400 --platform-family macOS --deployment-target 26.0 --bundle-identifier arwindo.aman --output /Users/arw/Library/Developer/Xcode/DerivedData/Aman-erpipkrcsogxsvdbxslkqytdshgb/Build/Products/Debug/Aman.app/Contents/Resources --target-triple x86_64-apple-macos26.0 --binary-file /Users/arw/Library/Developer/Xcode/DerivedData/Aman-erpipkrcsogxsvdbxslkqytdshgb/Build/Products/Debug/Aman.app/Contents/MacOS/Aman --dependency-file /Users/arw/Library/Developer/Xcode/DerivedData/Aman-erpipkrcsogxsvdbxslkqytdshgb/Build/Intermediates.noindex/Aman.build/Debug/Aman.build/Objects-normal/x86_64/Aman_dependency_info.dat --stringsdata-file /Users/arw/Library/Developer/Xcode/DerivedData/Aman-erpipkrcsogxsvdbxslkqytdshgb/Build/Intermediates.noindex/Aman.build/Debug/Aman.build/Objects-normal/x86_64/ExtractedAppShortcutsMetadata.stringsdata --source-file-list /Users/arw/Library/Developer/Xcode/DerivedData/Aman-erpipkrcsogxsvdbxslkqytdshgb/Build/Intermediates.noindex/Aman.build/Debug/Aman.build/Objects-normal/x86_64/Aman.SwiftFileList --metadata-file-list /Users/arw/Library/Developer/Xcode/DerivedData/Aman-erpipkrcsogxsvdbxslkqytdshgb/Build/Intermediates.noindex/Aman.build/Debug/Aman.build/Aman.DependencyMetadataFileList --static-metadata-file-list /Users/arw/Library/Developer/Xcode/DerivedData/Aman-erpipkrcsogxsvdbxslkqytdshgb/Build/Intermediates.noindex/Aman.build/Debug/Aman.build/Aman.DependencyStaticMetadataFileList --swift-const-vals-list /Users/arw/Library/Developer/Xcode/DerivedData/Aman-erpipkrcsogxsvdbxslkqytdshgb/Build/Intermediates.noindex/Aman.build/Debug/Aman.build/Objects-normal/x86_64/Aman.SwiftConstValuesFileList --compile-time-extraction --deployment-aware-processing --validate-assistant-intents --no-app-shortcuts-localization
2025-11-03 16:23:45.792 appintentsmetadataprocessor[55799:289260] Starting appintentsmetadataprocessor export
2025-11-03 16:23:45.795 appintentsmetadataprocessor[55799:289260] warning: Metadata extraction skipped. No AppIntents.framework dependency found.

Validate /Users/arw/Library/Developer/Xcode/DerivedData/Aman-erpipkrcsogxsvdbxslkqytdshgb/Build/Products/Debug/Aman.app (in target 'Aman' from project 'Aman')
    cd /Users/arw/Documents/Aman
    builtin-validationUtility /Users/arw/Library/Developer/Xcode/DerivedData/Aman-erpipkrcsogxsvdbxslkqytdshgb/Build/Products/Debug/Aman.app -no-validate-extension -infoplist-subpath Contents/Info.plist

RegisterWithLaunchServices /Users/arw/Library/Developer/Xcode/DerivedData/Aman-erpipkrcsogxsvdbxslkqytdshgb/Build/Products/Debug/Aman.app (in target 'Aman' from project 'Aman')
    cd /Users/arw/Documents/Aman
    /System/Library/Frameworks/CoreServices.framework/Versions/Current/Frameworks/LaunchServices.framework/Versions/Current/Support/lsregister -f -R -trusted /Users/arw/Library/Developer/Xcode/DerivedData/Aman-erpipkrcsogxsvdbxslkqytdshgb/Build/Products/Debug/Aman.app

note: Removed stale file '/Users/arw/Library/Developer/Xcode/DerivedData/Aman-erpipkrcsogxsvdbxslkqytdshgb/Build/Intermediates.noindex/Aman.build/Debug/Aman.build/Aman.app.xcent'

note: Removed stale file '/Users/arw/Library/Developer/Xcode/DerivedData/Aman-erpipkrcsogxsvdbxslkqytdshgb/Build/Intermediates.noindex/Aman.build/Debug/Aman.build/Aman.app.xcent.der'

note: Removed stale file '/Users/arw/Library/Developer/Xcode/DerivedData/Aman-erpipkrcsogxsvdbxslkqytdshgb/Build/Intermediates.noindex/Aman.build/Debug/Aman.build/DerivedSources/Entitlements.plist'

** BUILD SUCCEEDED **

